
build/f7-firmware-D/.extapps/aic_parser_d.elf:     file format elf32-littlearm


Disassembly of section .text:

00000000 <rotate_right>:
    {4, 1, 6, 3, 5, 8, 0, 7, 2, 9},
    {6, 8, 4, 1, 5, 3, 7, 2, 9, 0},
    {4, 1, 8, 3, 7, 2, 0, 6, 5, 9},
    {7, 4, 5, 6, 2, 3, 9, 1, 8, 0}};

static void rotate_right(uint8_t* data, int n_bytes, int n_bits) {
   0:	b530      	push	{r4, r5, lr}
    uint8_t prior = data[n_bytes - 1];
   2:	1e4b      	subs	r3, r1, #1
   4:	5cc3      	ldrb	r3, [r0, r3]
    for(int i = 0; i < n_bytes; i++) {
   6:	f04f 0e00 	mov.w	lr, #0
   a:	e015      	b.n	38 <rotate_right+0x38>
        uint8_t tmp = data[i];
   c:	f810 500e 	ldrb.w	r5, [r0, lr]
        data[i] = (data[i] >> n_bits) | ((prior & ((1 << n_bits) - 1)) << (8 - n_bits));
  10:	fa45 f402 	asr.w	r4, r5, r2
  14:	f04f 0c01 	mov.w	ip, #1
  18:	fa0c fc02 	lsl.w	ip, ip, r2
  1c:	f10c 3cff 	add.w	ip, ip, #4294967295	@ 0xffffffff
  20:	ea03 030c 	and.w	r3, r3, ip
  24:	f1c2 0c08 	rsb	ip, r2, #8
  28:	fa03 f30c 	lsl.w	r3, r3, ip
  2c:	4323      	orrs	r3, r4
  2e:	f800 300e 	strb.w	r3, [r0, lr]
    for(int i = 0; i < n_bytes; i++) {
  32:	f10e 0e01 	add.w	lr, lr, #1
        prior = tmp;
  36:	462b      	mov	r3, r5
    for(int i = 0; i < n_bytes; i++) {
  38:	458e      	cmp	lr, r1
  3a:	dbe7      	blt.n	c <rotate_right+0xc>
    }
}
  3c:	bd30      	pop	{r4, r5, pc}
	...

00000040 <decrypt_spad_0>:

static void decrypt_spad_0(const uint8_t* spad, uint8_t* decrypted) {
  40:	b5f8      	push	{r3, r4, r5, r6, r7, lr}
  42:	460d      	mov	r5, r1
    for(int i = 0; i < 16; i++) {
  44:	2300      	movs	r3, #0
  46:	e006      	b.n	56 <decrypt_spad_0+0x16>
        decrypted[i] = s_box[N_TABLES][spad[i]];
  48:	5cc1      	ldrb	r1, [r0, r3]
  4a:	4a16      	ldr	r2, [pc, #88]	@ (a4 <decrypt_spad_0+0x64>)
  4c:	440a      	add	r2, r1
  4e:	f892 2800 	ldrb.w	r2, [r2, #2048]	@ 0x800
  52:	54ea      	strb	r2, [r5, r3]
    for(int i = 0; i < 16; i++) {
  54:	3301      	adds	r3, #1
  56:	2b0f      	cmp	r3, #15
  58:	ddf6      	ble.n	48 <decrypt_spad_0+0x8>
    }

    int count = (decrypted[15] >> 4) + 7;
  5a:	7bec      	ldrb	r4, [r5, #15]
  5c:	0927      	lsrs	r7, r4, #4
  5e:	3707      	adds	r7, #7
    int table = decrypted[15] + ITERATION_ADD * count;
  60:	eb07 0387 	add.w	r3, r7, r7, lsl #2
  64:	441c      	add	r4, r3

    for(int iter = 0; iter < count; iter++) {
  66:	2600      	movs	r6, #0
  68:	e010      	b.n	8c <decrypt_spad_0+0x4c>
        table -= ITERATION_ADD;
        rotate_right(decrypted, 15, 5); // only the first 15 bytes
        for(int i = 0; i < 15; i++) {
            decrypted[i] = s_box[table % N_TABLES][decrypted[i]];
  6a:	4262      	negs	r2, r4
  6c:	f004 0007 	and.w	r0, r4, #7
  70:	f002 0207 	and.w	r2, r2, #7
  74:	bf58      	it	pl
  76:	4250      	negpl	r0, r2
  78:	5ce9      	ldrb	r1, [r5, r3]
  7a:	4a0a      	ldr	r2, [pc, #40]	@ (a4 <decrypt_spad_0+0x64>)
  7c:	eb02 2200 	add.w	r2, r2, r0, lsl #8
  80:	5c52      	ldrb	r2, [r2, r1]
  82:	54ea      	strb	r2, [r5, r3]
        for(int i = 0; i < 15; i++) {
  84:	3301      	adds	r3, #1
  86:	2b0e      	cmp	r3, #14
  88:	ddef      	ble.n	6a <decrypt_spad_0+0x2a>
    for(int iter = 0; iter < count; iter++) {
  8a:	3601      	adds	r6, #1
  8c:	42be      	cmp	r6, r7
  8e:	da07      	bge.n	a0 <decrypt_spad_0+0x60>
        table -= ITERATION_ADD;
  90:	3c05      	subs	r4, #5
        rotate_right(decrypted, 15, 5); // only the first 15 bytes
  92:	2205      	movs	r2, #5
  94:	210f      	movs	r1, #15
  96:	4628      	mov	r0, r5
  98:	4b03      	ldr	r3, [pc, #12]	@ (a8 <decrypt_spad_0+0x68>)
  9a:	4798      	blx	r3
        for(int i = 0; i < 15; i++) {
  9c:	2300      	movs	r3, #0
  9e:	e7f2      	b.n	86 <decrypt_spad_0+0x46>
        }
    }
}
  a0:	bdf8      	pop	{r3, r4, r5, r6, r7, pc}
  a2:	bf00      	nop
  a4:	000015cc 	.word	0x000015cc
  a8:	00000000 	.word	0x00000000

000000ac <crc16>:

static uint16_t crc16(uint64_t data, int bits, uint16_t init, uint16_t poly) {
  ac:	b510      	push	{r4, lr}
  ae:	4684      	mov	ip, r0
  b0:	4618      	mov	r0, r3
  b2:	f8bd 4008 	ldrh.w	r4, [sp, #8]
    uint16_t v = init;
    for(int i = 0; i < bits; ++i) {
  b6:	f04f 0e00 	mov.w	lr, #0
  ba:	e009      	b.n	d0 <crc16+0x24>
        v = (v >> 1) ^ (((v ^ data) & 1ULL) ? poly : 0);
  bc:	2000      	movs	r0, #0
  be:	4043      	eors	r3, r0
  c0:	b298      	uxth	r0, r3
        data >>= 1;
  c2:	ea4f 0c5c 	mov.w	ip, ip, lsr #1
  c6:	ea4c 7cc1 	orr.w	ip, ip, r1, lsl #31
  ca:	0849      	lsrs	r1, r1, #1
    for(int i = 0; i < bits; ++i) {
  cc:	f10e 0e01 	add.w	lr, lr, #1
  d0:	4596      	cmp	lr, r2
  d2:	da07      	bge.n	e4 <crc16+0x38>
        v = (v >> 1) ^ (((v ^ data) & 1ULL) ? poly : 0);
  d4:	0843      	lsrs	r3, r0, #1
  d6:	ea80 000c 	eor.w	r0, r0, ip
  da:	f010 0f01 	tst.w	r0, #1
  de:	d0ed      	beq.n	bc <crc16+0x10>
  e0:	b220      	sxth	r0, r4
  e2:	e7ec      	b.n	be <crc16+0x12>
    }
    return v;
}
  e4:	bd10      	pop	{r4, pc}
	...

000000e8 <check_access_code_crc>:

static bool
    check_access_code_crc(const uint8_t ac[3], const uint8_t body[6], const uint8_t crc[5]) {
  e8:	b570      	push	{r4, r5, r6, lr}
  ea:	b082      	sub	sp, #8
  ec:	4684      	mov	ip, r0
  ee:	460d      	mov	r5, r1
  f0:	4614      	mov	r4, r2
    uint64_t msg = 0;
    for(int i = 0; i < 3; ++i) {
  f2:	2200      	movs	r2, #0
    uint64_t msg = 0;
  f4:	4610      	mov	r0, r2
  f6:	4611      	mov	r1, r2
    for(int i = 0; i < 3; ++i) {
  f8:	e006      	b.n	108 <check_access_code_crc+0x20>
        if(ac[i] > 0xF) return false;
        msg = (msg << 4) | ac[i];
  fa:	010b      	lsls	r3, r1, #4
  fc:	ea43 7310 	orr.w	r3, r3, r0, lsr #28
 100:	ea46 1000 	orr.w	r0, r6, r0, lsl #4
 104:	4619      	mov	r1, r3
    for(int i = 0; i < 3; ++i) {
 106:	3201      	adds	r2, #1
 108:	2a02      	cmp	r2, #2
 10a:	dc05      	bgt.n	118 <check_access_code_crc+0x30>
        if(ac[i] > 0xF) return false;
 10c:	f81c 6002 	ldrb.w	r6, [ip, r2]
 110:	2e0f      	cmp	r6, #15
 112:	d9f2      	bls.n	fa <check_access_code_crc+0x12>
 114:	2000      	movs	r0, #0
 116:	e04a      	b.n	1ae <check_access_code_crc+0xc6>
    }
    for(int i = 0; i < 6; ++i) {
 118:	2600      	movs	r6, #0
 11a:	2e05      	cmp	r6, #5
 11c:	dc1b      	bgt.n	156 <check_access_code_crc+0x6e>
        uint8_t v = body[i];
 11e:	f815 e006 	ldrb.w	lr, [r5, r6]
        if(v > 99) return false;
 122:	f1be 0f63 	cmp.w	lr, #99	@ 0x63
 126:	d844      	bhi.n	1b2 <check_access_code_crc+0xca>
        msg = (msg << 4) | (v / 10);
 128:	010b      	lsls	r3, r1, #4
 12a:	ea43 7310 	orr.w	r3, r3, r0, lsr #28
 12e:	4a22      	ldr	r2, [pc, #136]	@ (1b8 <check_access_code_crc+0xd0>)
 130:	fba2 2c0e 	umull	r2, ip, r2, lr
 134:	ea4f 02dc 	mov.w	r2, ip, lsr #3
 138:	ea42 1c00 	orr.w	ip, r2, r0, lsl #4
        msg = (msg << 4) | (v % 10);
 13c:	011b      	lsls	r3, r3, #4
 13e:	eb02 0282 	add.w	r2, r2, r2, lsl #2
 142:	ebae 0e42 	sub.w	lr, lr, r2, lsl #1
 146:	fa5f fe8e 	uxtb.w	lr, lr
 14a:	ea4e 100c 	orr.w	r0, lr, ip, lsl #4
 14e:	ea43 711c 	orr.w	r1, r3, ip, lsr #28
    for(int i = 0; i < 6; ++i) {
 152:	3601      	adds	r6, #1
 154:	e7e1      	b.n	11a <check_access_code_crc+0x32>
    }
    uint16_t calculated_crc = crc16(msg, 60, 0xFFFF, 0x8408);
 156:	f248 4308 	movw	r3, #33800	@ 0x8408
 15a:	9300      	str	r3, [sp, #0]
 15c:	f64f 73ff 	movw	r3, #65535	@ 0xffff
 160:	223c      	movs	r2, #60	@ 0x3c
 162:	4d16      	ldr	r5, [pc, #88]	@ (1bc <check_access_code_crc+0xd4>)
 164:	47a8      	blx	r5
    uint16_t expected_crc = crc[0] * 10000 + crc[1] * 1000 + crc[2] * 100 + crc[3] * 10 + crc[4];
 166:	7822      	ldrb	r2, [r4, #0]
 168:	7863      	ldrb	r3, [r4, #1]
 16a:	ebc2 1142 	rsb	r1, r2, r2, lsl #5
 16e:	eb02 0281 	add.w	r2, r2, r1, lsl #2
 172:	eb02 0282 	add.w	r2, r2, r2, lsl #2
 176:	ebc3 1143 	rsb	r1, r3, r3, lsl #5
 17a:	eb03 0381 	add.w	r3, r3, r1, lsl #2
 17e:	00db      	lsls	r3, r3, #3
 180:	eb03 1302 	add.w	r3, r3, r2, lsl #4
 184:	b29b      	uxth	r3, r3
 186:	78e1      	ldrb	r1, [r4, #3]
 188:	78a2      	ldrb	r2, [r4, #2]
 18a:	eb01 0181 	add.w	r1, r1, r1, lsl #2
 18e:	eb02 0282 	add.w	r2, r2, r2, lsl #2
 192:	eb02 0282 	add.w	r2, r2, r2, lsl #2
 196:	0092      	lsls	r2, r2, #2
 198:	eb02 0241 	add.w	r2, r2, r1, lsl #1
 19c:	4413      	add	r3, r2
 19e:	b29b      	uxth	r3, r3
 1a0:	7922      	ldrb	r2, [r4, #4]
 1a2:	4413      	add	r3, r2
 1a4:	b29b      	uxth	r3, r3
    return (calculated_crc == expected_crc);
 1a6:	4298      	cmp	r0, r3
 1a8:	bf14      	ite	ne
 1aa:	2000      	movne	r0, #0
 1ac:	2001      	moveq	r0, #1
}
 1ae:	b002      	add	sp, #8
 1b0:	bd70      	pop	{r4, r5, r6, pc}
        if(v > 99) return false;
 1b2:	2000      	movs	r0, #0
 1b4:	e7fb      	b.n	1ae <check_access_code_crc+0xc6>
 1b6:	bf00      	nop
 1b8:	cccccccd 	.word	0xcccccccd
 1bc:	00000000 	.word	0x00000000

000001c0 <parse_access_code>:

static void parse_access_code(const uint8_t* access_code, FuriString* parsed_data) {
 1c0:	e92d 47f0 	stmdb	sp!, {r4, r5, r6, r7, r8, r9, sl, lr}
 1c4:	b094      	sub	sp, #80	@ 0x50
    furi_assert(access_code);
 1c6:	b128      	cbz	r0, 1d4 <parse_access_code+0x14>
 1c8:	460d      	mov	r5, r1
 1ca:	4604      	mov	r4, r0
    furi_assert(parsed_data);
 1cc:	b131      	cbz	r1, 1dc <sukima598+0x4>

    uint8_t decrypted[6];
    // decrypted contains the decoded serial bytes (as 6 BCD bytes)
    for(int i = 0, j = 3; i < 6; ++i, j += 2) {
 1ce:	2103      	movs	r1, #3
 1d0:	2200      	movs	r2, #0
 1d2:	e015      	b.n	200 <sukima615+0x20>
    furi_assert(access_code);
 1d4:	f04f 0c01 	mov.w	ip, #1

000001d8 <sukima598>:
 1d8:	4b6e      	ldr	r3, [pc, #440]	@ (394 <sukima615+0x1b4>)
 1da:	4798      	blx	r3
    furi_assert(parsed_data);
 1dc:	f04f 0c01 	mov.w	ip, #1

000001e0 <sukima615>:
 1e0:	4b6c      	ldr	r3, [pc, #432]	@ (394 <sukima615+0x1b4>)
 1e2:	4798      	blx	r3
        decrypted[i] = (access_code[j]) * 10 + (access_code[j + 1]);
 1e4:	1863      	adds	r3, r4, r1
 1e6:	7858      	ldrb	r0, [r3, #1]
 1e8:	5c63      	ldrb	r3, [r4, r1]
 1ea:	eb03 0383 	add.w	r3, r3, r3, lsl #2
 1ee:	eb00 0343 	add.w	r3, r0, r3, lsl #1
 1f2:	f102 0050 	add.w	r0, r2, #80	@ 0x50
 1f6:	4468      	add	r0, sp
 1f8:	f800 3c08 	strb.w	r3, [r0, #-8]
    for(int i = 0, j = 3; i < 6; ++i, j += 2) {
 1fc:	3201      	adds	r2, #1
 1fe:	3102      	adds	r1, #2
 200:	2a05      	cmp	r2, #5
 202:	ddef      	ble.n	1e4 <sukima615+0x4>
    }

    uint8_t crc[5] = {0};
 204:	2200      	movs	r2, #0
 206:	9210      	str	r2, [sp, #64]	@ 0x40
 208:	f88d 2044 	strb.w	r2, [sp, #68]	@ 0x44
    memcpy(crc, access_code + 15, 5);
 20c:	f8d4 000f 	ldr.w	r0, [r4, #15]
 210:	9010      	str	r0, [sp, #64]	@ 0x40
 212:	7ce3      	ldrb	r3, [r4, #19]
 214:	f88d 3044 	strb.w	r3, [sp, #68]	@ 0x44

    int boxes1[6] = {
        (crc[3] + crc[2]) % 10, crc[2], crc[3], crc[4], (crc[4] + crc[0]) % 10, crc[1]};
 218:	f89d e043 	ldrb.w	lr, [sp, #67]	@ 0x43
 21c:	f89d 8042 	ldrb.w	r8, [sp, #66]	@ 0x42
 220:	eb0e 0108 	add.w	r1, lr, r8
 224:	4b5c      	ldr	r3, [pc, #368]	@ (398 <sukima615+0x1b8>)
 226:	fb83 0601 	smull	r0, r6, r3, r1
 22a:	f006 00fc 	and.w	r0, r6, #252	@ 0xfc
 22e:	eb00 00a6 	add.w	r0, r0, r6, asr #2
 232:	eba1 0140 	sub.w	r1, r1, r0, lsl #1
    int boxes1[6] = {
 236:	910a      	str	r1, [sp, #40]	@ 0x28
 238:	f8cd 802c 	str.w	r8, [sp, #44]	@ 0x2c
 23c:	f8cd e030 	str.w	lr, [sp, #48]	@ 0x30
        (crc[3] + crc[2]) % 10, crc[2], crc[3], crc[4], (crc[4] + crc[0]) % 10, crc[1]};
 240:	f89d 6044 	ldrb.w	r6, [sp, #68]	@ 0x44
    int boxes1[6] = {
 244:	960d      	str	r6, [sp, #52]	@ 0x34
        (crc[3] + crc[2]) % 10, crc[2], crc[3], crc[4], (crc[4] + crc[0]) % 10, crc[1]};
 246:	f89d c040 	ldrb.w	ip, [sp, #64]	@ 0x40
 24a:	eb06 010c 	add.w	r1, r6, ip
 24e:	fb83 0301 	smull	r0, r3, r3, r1
 252:	f003 00fc 	and.w	r0, r3, #252	@ 0xfc
 256:	eb00 03a3 	add.w	r3, r0, r3, asr #2
 25a:	eba1 0143 	sub.w	r1, r1, r3, lsl #1
    int boxes1[6] = {
 25e:	910e      	str	r1, [sp, #56]	@ 0x38
        (crc[3] + crc[2]) % 10, crc[2], crc[3], crc[4], (crc[4] + crc[0]) % 10, crc[1]};
 260:	f89d 7041 	ldrb.w	r7, [sp, #65]	@ 0x41
    int boxes1[6] = {
 264:	970f      	str	r7, [sp, #60]	@ 0x3c

    for(int n = 0; n < 6; ++n) {
 266:	e015      	b.n	294 <sukima615+0xb4>
        decrypted[n] = access_code_table_1[4][boxes1[n]][decrypted[n]];
 268:	ab14      	add	r3, sp, #80	@ 0x50
 26a:	eb03 0382 	add.w	r3, r3, r2, lsl #2
 26e:	f853 9c28 	ldr.w	r9, [r3, #-40]
 272:	f102 0350 	add.w	r3, r2, #80	@ 0x50
 276:	eb0d 0103 	add.w	r1, sp, r3
 27a:	f811 0c08 	ldrb.w	r0, [r1, #-8]
 27e:	4b47      	ldr	r3, [pc, #284]	@ (39c <sukima615+0x1bc>)
 280:	f04f 0a64 	mov.w	sl, #100	@ 0x64
 284:	fb0a 3309 	mla	r3, sl, r9, r3
 288:	4403      	add	r3, r0
 28a:	f893 3fa0 	ldrb.w	r3, [r3, #4000]	@ 0xfa0
 28e:	f801 3c08 	strb.w	r3, [r1, #-8]
    for(int n = 0; n < 6; ++n) {
 292:	3201      	adds	r2, #1
 294:	2a05      	cmp	r2, #5
 296:	dde7      	ble.n	268 <sukima615+0x88>
    }

    int rv = decrypted[0] / 10;
 298:	f89d 0048 	ldrb.w	r0, [sp, #72]	@ 0x48
 29c:	4b40      	ldr	r3, [pc, #256]	@ (3a0 <sukima615+0x1c0>)
 29e:	fba3 3000 	umull	r3, r0, r3, r0
 2a2:	08c0      	lsrs	r0, r0, #3

    int boxes2[6] = {
        (crc[1] + crc[0]) % 10, crc[1], crc[2], crc[3], crc[4], (crc[4] + crc[1]) % 10};
 2a4:	44bc      	add	ip, r7
 2a6:	4a3c      	ldr	r2, [pc, #240]	@ (398 <sukima615+0x1b8>)
 2a8:	fb82 310c 	smull	r3, r1, r2, ip
 2ac:	f001 03fc 	and.w	r3, r1, #252	@ 0xfc
 2b0:	eb03 03a1 	add.w	r3, r3, r1, asr #2
 2b4:	ebac 0343 	sub.w	r3, ip, r3, lsl #1
    int boxes2[6] = {
 2b8:	9304      	str	r3, [sp, #16]
 2ba:	9705      	str	r7, [sp, #20]
 2bc:	f8cd 8018 	str.w	r8, [sp, #24]
 2c0:	f8cd e01c 	str.w	lr, [sp, #28]
 2c4:	9608      	str	r6, [sp, #32]
        (crc[1] + crc[0]) % 10, crc[1], crc[2], crc[3], crc[4], (crc[4] + crc[1]) % 10};
 2c6:	443e      	add	r6, r7
 2c8:	fb82 2306 	smull	r2, r3, r2, r6
 2cc:	f003 02fc 	and.w	r2, r3, #252	@ 0xfc
 2d0:	eb02 03a3 	add.w	r3, r2, r3, asr #2
 2d4:	eba6 0643 	sub.w	r6, r6, r3, lsl #1
    int boxes2[6] = {
 2d8:	9609      	str	r6, [sp, #36]	@ 0x24
    for(int n = 0; n < 6; ++n) {
 2da:	2300      	movs	r3, #0
 2dc:	e019      	b.n	312 <sukima615+0x132>
        if(n == 0) {
            decrypted[n] = (decrypted[n] & 0xF0) |
 2de:	f103 0250 	add.w	r2, r3, #80	@ 0x50
 2e2:	eb0d 0702 	add.w	r7, sp, r2
 2e6:	f817 2c08 	ldrb.w	r2, [r7, #-8]
                           access_code_table_2[boxes2[n]][decrypted[n] & 0x0F];
 2ea:	a914      	add	r1, sp, #80	@ 0x50
 2ec:	eb01 0183 	add.w	r1, r1, r3, lsl #2
 2f0:	f851 1c40 	ldr.w	r1, [r1, #-64]
 2f4:	f002 0c0f 	and.w	ip, r2, #15
 2f8:	eb01 0181 	add.w	r1, r1, r1, lsl #2
 2fc:	4e29      	ldr	r6, [pc, #164]	@ (3a4 <sukima615+0x1c4>)
 2fe:	eb06 0141 	add.w	r1, r6, r1, lsl #1
 302:	f811 100c 	ldrb.w	r1, [r1, ip]
            decrypted[n] = (decrypted[n] & 0xF0) |
 306:	f022 020f 	bic.w	r2, r2, #15
 30a:	430a      	orrs	r2, r1
 30c:	f807 2c08 	strb.w	r2, [r7, #-8]
    for(int n = 0; n < 6; ++n) {
 310:	3301      	adds	r3, #1
 312:	2b05      	cmp	r3, #5
 314:	dc1a      	bgt.n	34c <sukima615+0x16c>
        if(n == 0) {
 316:	2b00      	cmp	r3, #0
 318:	d0e1      	beq.n	2de <sukima615+0xfe>
        } else {
            decrypted[n] = access_code_table_1[rv][boxes2[n]][decrypted[n]];
 31a:	aa14      	add	r2, sp, #80	@ 0x50
 31c:	eb02 0283 	add.w	r2, r2, r3, lsl #2
 320:	f852 1c40 	ldr.w	r1, [r2, #-64]
 324:	f103 0250 	add.w	r2, r3, #80	@ 0x50
 328:	eb0d 0602 	add.w	r6, sp, r2
 32c:	f816 7c08 	ldrb.w	r7, [r6, #-8]
 330:	f44f 727a 	mov.w	r2, #1000	@ 0x3e8
 334:	fb00 f202 	mul.w	r2, r0, r2
 338:	f04f 0c64 	mov.w	ip, #100	@ 0x64
 33c:	fb0c 2201 	mla	r2, ip, r1, r2
 340:	4916      	ldr	r1, [pc, #88]	@ (39c <sukima615+0x1bc>)
 342:	440a      	add	r2, r1
 344:	5dd2      	ldrb	r2, [r2, r7]
 346:	f806 2c08 	strb.w	r2, [r6, #-8]
 34a:	e7e1      	b.n	310 <sukima615+0x130>
    furi_string_cat_printf(
        parsed_data,
        "Decrypted serial number:\n%02d%02d%02d%02d%02d%02d\n",
        decrypted[0],
        decrypted[1],
        decrypted[2],
 34c:	f89d 304a 	ldrb.w	r3, [sp, #74]	@ 0x4a
        decrypted[3],
 350:	f89d 204b 	ldrb.w	r2, [sp, #75]	@ 0x4b
        decrypted[4],
 354:	f89d 104c 	ldrb.w	r1, [sp, #76]	@ 0x4c
        decrypted[5]);
 358:	f89d 004d 	ldrb.w	r0, [sp, #77]	@ 0x4d
    furi_string_cat_printf(
 35c:	9003      	str	r0, [sp, #12]
 35e:	9102      	str	r1, [sp, #8]
 360:	9201      	str	r2, [sp, #4]
 362:	9300      	str	r3, [sp, #0]
 364:	f89d 3049 	ldrb.w	r3, [sp, #73]	@ 0x49
 368:	f89d 2048 	ldrb.w	r2, [sp, #72]	@ 0x48
 36c:	490e      	ldr	r1, [pc, #56]	@ (3a8 <sukima615+0x1c8>)
 36e:	4628      	mov	r0, r5
 370:	4e0e      	ldr	r6, [pc, #56]	@ (3ac <sukima615+0x1cc>)
 372:	47b0      	blx	r6

    furi_string_cat_printf(
        parsed_data,
        "CRC check: %s\n",
        check_access_code_crc(access_code, decrypted, crc) ? "Passed" : "Invalid");
 374:	aa10      	add	r2, sp, #64	@ 0x40
 376:	a912      	add	r1, sp, #72	@ 0x48
 378:	4620      	mov	r0, r4
 37a:	4b0d      	ldr	r3, [pc, #52]	@ (3b0 <sukima615+0x1d0>)
 37c:	4798      	blx	r3
    furi_string_cat_printf(
 37e:	b138      	cbz	r0, 390 <sukima615+0x1b0>
 380:	4a0c      	ldr	r2, [pc, #48]	@ (3b4 <sukima615+0x1d4>)
 382:	490d      	ldr	r1, [pc, #52]	@ (3b8 <sukima615+0x1d8>)
 384:	4628      	mov	r0, r5
 386:	4b09      	ldr	r3, [pc, #36]	@ (3ac <sukima615+0x1cc>)
 388:	4798      	blx	r3
}
 38a:	b014      	add	sp, #80	@ 0x50
 38c:	e8bd 87f0 	ldmia.w	sp!, {r4, r5, r6, r7, r8, r9, sl, pc}
    furi_string_cat_printf(
 390:	4a0a      	ldr	r2, [pc, #40]	@ (3bc <sukima615+0x1dc>)
 392:	e7f6      	b.n	382 <sukima615+0x1a2>
 394:	00000000 	.word	0x00000000
 398:	66666667 	.word	0x66666667
 39c:	00000244 	.word	0x00000244
 3a0:	cccccccd 	.word	0xcccccccd
 3a4:	000001e0 	.word	0x000001e0
 3a8:	00000010 	.word	0x00000010
	...
 3b8:	00000044 	.word	0x00000044
 3bc:	00000008 	.word	0x00000008

000003c0 <aic_parse>:

bool aic_parse(const NfcDevice* device, FuriString* parsed_data) {
 3c0:	b570      	push	{r4, r5, r6, lr}
 3c2:	b08a      	sub	sp, #40	@ 0x28
    furi_assert(device);
 3c4:	b148      	cbz	r0, 3da <aic_parse+0x1a>
 3c6:	460d      	mov	r5, r1
 3c8:	4604      	mov	r4, r0
    furi_assert(parsed_data);
 3ca:	b151      	cbz	r1, 3e2 <sukima986+0x4>
    bool parsed = false;

    if(nfc_device_get_protocol(device) != NfcProtocolFelica) return false;
 3cc:	4b78      	ldr	r3, [pc, #480]	@ (5b0 <sukima1003+0x1ca>)
 3ce:	4798      	blx	r3
 3d0:	2805      	cmp	r0, #5
 3d2:	d00a      	beq.n	3ea <sukima1003+0x4>
 3d4:	2000      	movs	r0, #0
    furi_string_cat_str(parsed_data, "\n");
    furi_string_cat_str(
        parsed_data, "::::::::::::::::::::::::::::::::::::::::::::::::::::::::::::::");

    return parsed;
}
 3d6:	b00a      	add	sp, #40	@ 0x28
 3d8:	bd70      	pop	{r4, r5, r6, pc}
    furi_assert(device);
 3da:	f04f 0c01 	mov.w	ip, #1

000003de <sukima986>:
 3de:	4b75      	ldr	r3, [pc, #468]	@ (5b4 <sukima1003+0x1ce>)
 3e0:	4798      	blx	r3
    furi_assert(parsed_data);
 3e2:	f04f 0c01 	mov.w	ip, #1

000003e6 <sukima1003>:
 3e6:	4b73      	ldr	r3, [pc, #460]	@ (5b4 <sukima1003+0x1ce>)
 3e8:	4798      	blx	r3
    const FelicaData* data = nfc_device_get_data(device, NfcProtocolFelica);
 3ea:	2105      	movs	r1, #5
 3ec:	4620      	mov	r0, r4
 3ee:	4b72      	ldr	r3, [pc, #456]	@ (5b8 <sukima1003+0x1d2>)
 3f0:	4798      	blx	r3
 3f2:	4606      	mov	r6, r0
    const uint8_t ic_type = data->pmm.data[1];
 3f4:	7a43      	ldrb	r3, [r0, #9]
    if(ic_type != 0xF0 && ic_type != 0xF1) {
 3f6:	3310      	adds	r3, #16
 3f8:	b2db      	uxtb	r3, r3
 3fa:	2b01      	cmp	r3, #1
 3fc:	f200 80d6 	bhi.w	5ac <sukima1003+0x1c6>
    const uint8_t data_format_code_1 = data->data.fs.id.data[8];
 400:	f890 314e 	ldrb.w	r3, [r0, #334]	@ 0x14e
    if(data_format_code_1 != 0) {
 404:	b10b      	cbz	r3, 40a <sukima1003+0x24>
        return false;
 406:	2000      	movs	r0, #0
 408:	e7e5      	b.n	3d6 <aic_parse+0x16>
    furi_string_printf(parsed_data, "\e#Amusement IC Card\n");
 40a:	496c      	ldr	r1, [pc, #432]	@ (5bc <sukima1003+0x1d6>)
 40c:	4628      	mov	r0, r5
 40e:	4b6c      	ldr	r3, [pc, #432]	@ (5c0 <sukima1003+0x1da>)
 410:	4798      	blx	r3
    furi_string_cat_str(
 412:	496c      	ldr	r1, [pc, #432]	@ (5c4 <sukima1003+0x1de>)
 414:	4628      	mov	r0, r5
 416:	4c6c      	ldr	r4, [pc, #432]	@ (5c8 <sukima1003+0x1e2>)
 418:	47a0      	blx	r4
    furi_string_cat_str(parsed_data, "\nType:\n");
 41a:	496c      	ldr	r1, [pc, #432]	@ (5cc <sukima1003+0x1e6>)
 41c:	4628      	mov	r0, r5
 41e:	47a0      	blx	r4
    const uint8_t data_format_code_2 = data->data.fs.id.data[9];
 420:	f896 314f 	ldrb.w	r3, [r6, #335]	@ 0x14f
    switch(data_format_code_2) {
 424:	2b68      	cmp	r3, #104	@ 0x68
 426:	d02f      	beq.n	488 <sukima1003+0xa2>
 428:	d908      	bls.n	43c <sukima1003+0x56>
 42a:	2b78      	cmp	r3, #120	@ 0x78
 42c:	d031      	beq.n	492 <sukima1003+0xac>
 42e:	2b79      	cmp	r3, #121	@ 0x79
 430:	d10f      	bne.n	452 <sukima1003+0x6c>
        furi_string_cat_str(parsed_data, "Taito NESiCA\n");
 432:	4967      	ldr	r1, [pc, #412]	@ (5d0 <sukima1003+0x1ea>)
 434:	4628      	mov	r0, r5
 436:	4b64      	ldr	r3, [pc, #400]	@ (5c8 <sukima1003+0x1e2>)
 438:	4798      	blx	r3
        break;
 43a:	e010      	b.n	45e <sukima1003+0x78>
    switch(data_format_code_2) {
 43c:	2b2a      	cmp	r3, #42	@ 0x2a
 43e:	d00a      	beq.n	456 <sukima1003+0x70>
 440:	2b3a      	cmp	r3, #58	@ 0x3a
 442:	d104      	bne.n	44e <sukima1003+0x68>
        furi_string_cat_str(parsed_data, "Bandai Namco Passport (Old)\n");
 444:	4963      	ldr	r1, [pc, #396]	@ (5d4 <sukima1003+0x1ee>)
 446:	4628      	mov	r0, r5
 448:	4b5f      	ldr	r3, [pc, #380]	@ (5c8 <sukima1003+0x1e2>)
 44a:	4798      	blx	r3
        break;
 44c:	e007      	b.n	45e <sukima1003+0x78>
    switch(data_format_code_2) {
 44e:	2000      	movs	r0, #0
 450:	e7c1      	b.n	3d6 <aic_parse+0x16>
 452:	2000      	movs	r0, #0
 454:	e7bf      	b.n	3d6 <aic_parse+0x16>
        furi_string_cat_str(parsed_data, "Bandai Namco Passport\n");
 456:	4960      	ldr	r1, [pc, #384]	@ (5d8 <sukima1003+0x1f2>)
 458:	4628      	mov	r0, r5
 45a:	4b5b      	ldr	r3, [pc, #364]	@ (5c8 <sukima1003+0x1e2>)
 45c:	4798      	blx	r3
    furi_string_cat_str(
 45e:	4959      	ldr	r1, [pc, #356]	@ (5c4 <sukima1003+0x1de>)
 460:	4628      	mov	r0, r5
 462:	4b59      	ldr	r3, [pc, #356]	@ (5c8 <sukima1003+0x1e2>)
 464:	4798      	blx	r3
    uint8_t decrypted[16] = {0};
 466:	2400      	movs	r4, #0
 468:	9406      	str	r4, [sp, #24]
 46a:	9407      	str	r4, [sp, #28]
 46c:	9408      	str	r4, [sp, #32]
 46e:	9409      	str	r4, [sp, #36]	@ 0x24
    decrypt_spad_0(data->data.fs.spad[0].data, decrypted);
 470:	a906      	add	r1, sp, #24
 472:	f106 0014 	add.w	r0, r6, #20
 476:	4b59      	ldr	r3, [pc, #356]	@ (5dc <sukima1003+0x1f6>)
 478:	4798      	blx	r3
    uint8_t access_code[20] = {0};
 47a:	9401      	str	r4, [sp, #4]
 47c:	9402      	str	r4, [sp, #8]
 47e:	9403      	str	r4, [sp, #12]
 480:	9404      	str	r4, [sp, #16]
 482:	9405      	str	r4, [sp, #20]
    for(int i = 0; i < 10; i++) {
 484:	4623      	mov	r3, r4
 486:	e01c      	b.n	4c2 <sukima1003+0xdc>
        furi_string_cat_str(parsed_data, "Konami e-amusement pass\n");
 488:	4955      	ldr	r1, [pc, #340]	@ (5e0 <sukima1003+0x1fa>)
 48a:	4628      	mov	r0, r5
 48c:	4b4e      	ldr	r3, [pc, #312]	@ (5c8 <sukima1003+0x1e2>)
 48e:	4798      	blx	r3
        break;
 490:	e7e5      	b.n	45e <sukima1003+0x78>
        furi_string_cat_str(parsed_data, "SEGA Aime\n");
 492:	4954      	ldr	r1, [pc, #336]	@ (5e4 <sukima1003+0x1fe>)
 494:	4628      	mov	r0, r5
 496:	4b4c      	ldr	r3, [pc, #304]	@ (5c8 <sukima1003+0x1e2>)
 498:	4798      	blx	r3
        break;
 49a:	e7e0      	b.n	45e <sukima1003+0x78>
        access_code[i * 2] = (decrypted[i + 6] & 0xF0) >> 4; // Get upper nibble
 49c:	f103 022e 	add.w	r2, r3, #46	@ 0x2e
 4a0:	446a      	add	r2, sp
 4a2:	f812 1c10 	ldrb.w	r1, [r2, #-16]
 4a6:	005a      	lsls	r2, r3, #1
 4a8:	090c      	lsrs	r4, r1, #4
 4aa:	a80a      	add	r0, sp, #40	@ 0x28
 4ac:	eb00 0043 	add.w	r0, r0, r3, lsl #1
 4b0:	f800 4c24 	strb.w	r4, [r0, #-36]
        access_code[i * 2 + 1] = decrypted[i + 6] & 0x0F; // Get lower nibble
 4b4:	f001 010f 	and.w	r1, r1, #15
 4b8:	3229      	adds	r2, #41	@ 0x29
 4ba:	446a      	add	r2, sp
 4bc:	f802 1c24 	strb.w	r1, [r2, #-36]
    for(int i = 0; i < 10; i++) {
 4c0:	3301      	adds	r3, #1
 4c2:	2b09      	cmp	r3, #9
 4c4:	ddea      	ble.n	49c <sukima1003+0xb6>
    furi_string_cat_str(parsed_data, "\nAccess Code:\n");
 4c6:	4948      	ldr	r1, [pc, #288]	@ (5e8 <sukima1003+0x202>)
 4c8:	4628      	mov	r0, r5
 4ca:	4b3f      	ldr	r3, [pc, #252]	@ (5c8 <sukima1003+0x1e2>)
 4cc:	4798      	blx	r3
    for(int i = 0; i < 20; i++) {
 4ce:	2400      	movs	r4, #0
    bool access_code_is_bcd = true;
 4d0:	2601      	movs	r6, #1
    for(int i = 0; i < 20; i++) {
 4d2:	e005      	b.n	4e0 <sukima1003+0xfa>
            furi_string_cat_str(parsed_data, " ");
 4d4:	4945      	ldr	r1, [pc, #276]	@ (5ec <sukima1003+0x206>)
 4d6:	4628      	mov	r0, r5
 4d8:	4b3b      	ldr	r3, [pc, #236]	@ (5c8 <sukima1003+0x1e2>)
 4da:	4798      	blx	r3
 4dc:	e014      	b.n	508 <sukima1003+0x122>
    for(int i = 0; i < 20; i++) {
 4de:	3401      	adds	r4, #1
 4e0:	2c13      	cmp	r4, #19
 4e2:	dc1a      	bgt.n	51a <sukima1003+0x134>
        furi_string_cat_printf(parsed_data, "%d", access_code[i]);
 4e4:	f104 0328 	add.w	r3, r4, #40	@ 0x28
 4e8:	446b      	add	r3, sp
 4ea:	f813 2c24 	ldrb.w	r2, [r3, #-36]
 4ee:	4940      	ldr	r1, [pc, #256]	@ (5f0 <sukima1003+0x20a>)
 4f0:	4628      	mov	r0, r5
 4f2:	4b40      	ldr	r3, [pc, #256]	@ (5f4 <sukima1003+0x20e>)
 4f4:	4798      	blx	r3
        if(i % 4 == 3) {
 4f6:	4262      	negs	r2, r4
 4f8:	f004 0303 	and.w	r3, r4, #3
 4fc:	f002 0203 	and.w	r2, r2, #3
 500:	bf58      	it	pl
 502:	4253      	negpl	r3, r2
 504:	2b03      	cmp	r3, #3
 506:	d0e5      	beq.n	4d4 <sukima1003+0xee>
        if(access_code[i] > 9) access_code_is_bcd = false;
 508:	f104 0328 	add.w	r3, r4, #40	@ 0x28
 50c:	446b      	add	r3, sp
 50e:	f813 3c24 	ldrb.w	r3, [r3, #-36]
 512:	2b09      	cmp	r3, #9
 514:	d9e3      	bls.n	4de <sukima1003+0xf8>
 516:	2600      	movs	r6, #0
 518:	e7e1      	b.n	4de <sukima1003+0xf8>
    furi_string_cat_str(parsed_data, "\n");
 51a:	4937      	ldr	r1, [pc, #220]	@ (5f8 <sukima1003+0x212>)
 51c:	4628      	mov	r0, r5
 51e:	4b2a      	ldr	r3, [pc, #168]	@ (5c8 <sukima1003+0x1e2>)
 520:	4798      	blx	r3
    furi_string_cat_printf(parsed_data, "BCD valid: %s\n", access_code_is_bcd ? "Yes" : "No");
 522:	b1e6      	cbz	r6, 55e <sukima1003+0x178>
 524:	4a35      	ldr	r2, [pc, #212]	@ (5fc <sukima1003+0x216>)
 526:	4936      	ldr	r1, [pc, #216]	@ (600 <sukima1003+0x21a>)
 528:	4628      	mov	r0, r5
 52a:	4b32      	ldr	r3, [pc, #200]	@ (5f4 <sukima1003+0x20e>)
 52c:	4798      	blx	r3
    furi_string_cat_str(
 52e:	4925      	ldr	r1, [pc, #148]	@ (5c4 <sukima1003+0x1de>)
 530:	4628      	mov	r0, r5
 532:	4b25      	ldr	r3, [pc, #148]	@ (5c8 <sukima1003+0x1e2>)
 534:	4798      	blx	r3
    if(access_code_is_bcd && access_code[0] == 5) {
 536:	b11e      	cbz	r6, 540 <sukima1003+0x15a>
 538:	f89d 3004 	ldrb.w	r3, [sp, #4]
 53c:	2b05      	cmp	r3, #5
 53e:	d010      	beq.n	562 <sukima1003+0x17c>
        furi_string_cat_printf(
 540:	f89d 2004 	ldrb.w	r2, [sp, #4]
 544:	492f      	ldr	r1, [pc, #188]	@ (604 <sukima1003+0x21e>)
 546:	4628      	mov	r0, r5
 548:	4b2a      	ldr	r3, [pc, #168]	@ (5f4 <sukima1003+0x20e>)
 54a:	4798      	blx	r3
    furi_string_cat_str(
 54c:	491d      	ldr	r1, [pc, #116]	@ (5c4 <sukima1003+0x1de>)
 54e:	4628      	mov	r0, r5
 550:	4c1d      	ldr	r4, [pc, #116]	@ (5c8 <sukima1003+0x1e2>)
 552:	47a0      	blx	r4
    furi_string_cat_str(parsed_data, "\nDecrypted S-PAD 0:\n");
 554:	492c      	ldr	r1, [pc, #176]	@ (608 <sukima1003+0x222>)
 556:	4628      	mov	r0, r5
 558:	47a0      	blx	r4
    for(int i = 0; i < 16; i++) {
 55a:	2400      	movs	r4, #0
 55c:	e00b      	b.n	576 <sukima1003+0x190>
    furi_string_cat_printf(parsed_data, "BCD valid: %s\n", access_code_is_bcd ? "Yes" : "No");
 55e:	4a2b      	ldr	r2, [pc, #172]	@ (60c <sukima1003+0x226>)
 560:	e7e1      	b.n	526 <sukima1003+0x140>
        furi_string_cat_str(parsed_data, "\n");
 562:	4925      	ldr	r1, [pc, #148]	@ (5f8 <sukima1003+0x212>)
 564:	4628      	mov	r0, r5
 566:	4b18      	ldr	r3, [pc, #96]	@ (5c8 <sukima1003+0x1e2>)
 568:	4798      	blx	r3
        parse_access_code(access_code, parsed_data);
 56a:	4629      	mov	r1, r5
 56c:	a801      	add	r0, sp, #4
 56e:	4b28      	ldr	r3, [pc, #160]	@ (610 <sukima1003+0x22a>)
 570:	4798      	blx	r3
 572:	e7eb      	b.n	54c <sukima1003+0x166>
    for(int i = 0; i < 16; i++) {
 574:	3401      	adds	r4, #1
 576:	2c0f      	cmp	r4, #15
 578:	dc0f      	bgt.n	59a <sukima1003+0x1b4>
        furi_string_cat_printf(parsed_data, "%02X ", decrypted[i]);
 57a:	f104 0328 	add.w	r3, r4, #40	@ 0x28
 57e:	446b      	add	r3, sp
 580:	f813 2c10 	ldrb.w	r2, [r3, #-16]
 584:	4923      	ldr	r1, [pc, #140]	@ (614 <sukima1003+0x22e>)
 586:	4628      	mov	r0, r5
 588:	4b1a      	ldr	r3, [pc, #104]	@ (5f4 <sukima1003+0x20e>)
 58a:	4798      	blx	r3
        if(i == 7) {
 58c:	2c07      	cmp	r4, #7
 58e:	d1f1      	bne.n	574 <sukima1003+0x18e>
            furi_string_cat_str(parsed_data, "\n");
 590:	4919      	ldr	r1, [pc, #100]	@ (5f8 <sukima1003+0x212>)
 592:	4628      	mov	r0, r5
 594:	4b0c      	ldr	r3, [pc, #48]	@ (5c8 <sukima1003+0x1e2>)
 596:	4798      	blx	r3
 598:	e7ec      	b.n	574 <sukima1003+0x18e>
    furi_string_cat_str(parsed_data, "\n");
 59a:	4917      	ldr	r1, [pc, #92]	@ (5f8 <sukima1003+0x212>)
 59c:	4628      	mov	r0, r5
 59e:	4c0a      	ldr	r4, [pc, #40]	@ (5c8 <sukima1003+0x1e2>)
 5a0:	47a0      	blx	r4
    furi_string_cat_str(
 5a2:	4908      	ldr	r1, [pc, #32]	@ (5c4 <sukima1003+0x1de>)
 5a4:	4628      	mov	r0, r5
 5a6:	47a0      	blx	r4
    return parsed;
 5a8:	2001      	movs	r0, #1
 5aa:	e714      	b.n	3d6 <aic_parse+0x16>
        return false;
 5ac:	2000      	movs	r0, #0
 5ae:	e712      	b.n	3d6 <aic_parse+0x16>
	...
 5bc:	0000005c 	.word	0x0000005c
 5c0:	00000000 	.word	0x00000000
 5c4:	00000074 	.word	0x00000074
 5c8:	00000000 	.word	0x00000000
 5cc:	000000b4 	.word	0x000000b4
 5d0:	0000011c 	.word	0x0000011c
 5d4:	000000d4 	.word	0x000000d4
 5d8:	000000bc 	.word	0x000000bc
 5dc:	00000000 	.word	0x00000000
 5e0:	000000f4 	.word	0x000000f4
 5e4:	00000110 	.word	0x00000110
 5e8:	0000012c 	.word	0x0000012c
 5ec:	00000140 	.word	0x00000140
 5f0:	0000013c 	.word	0x0000013c
 5f4:	00000000 	.word	0x00000000
 5f8:	00000144 	.word	0x00000144
 5fc:	00000054 	.word	0x00000054
 600:	00000148 	.word	0x00000148
 604:	00000158 	.word	0x00000158
 608:	0000018c 	.word	0x0000018c
 60c:	00000058 	.word	0x00000058
 610:	00000000 	.word	0x00000000
 614:	000001a4 	.word	0x000001a4

00000618 <aic_plugin_ep>:
};

/* Plugin entry point - must return a pointer to const descriptor  */
const FlipperAppPluginDescriptor* aic_plugin_ep(void) {
    return &aic_plugin_descriptor;
}
 618:	4800      	ldr	r0, [pc, #0]	@ (61c <aic_plugin_ep+0x4>)
 61a:	4770      	bx	lr
 61c:	000001c4 	.word	0x000001c4
