
build/f7-firmware-D/.extapps/cli_neofetch_d.elf:     file format elf32-littlearm


Disassembly of section .text:

00000000 <__aeabi_uldivmod>:
   0:	b953      	cbnz	r3, 18 <__aeabi_uldivmod+0x18>
   2:	b94a      	cbnz	r2, 18 <__aeabi_uldivmod+0x18>
   4:	2900      	cmp	r1, #0
   6:	bf08      	it	eq
   8:	2800      	cmpeq	r0, #0
   a:	bf1c      	itt	ne
   c:	f04f 31ff 	movne.w	r1, #4294967295	@ 0xffffffff
  10:	f04f 30ff 	movne.w	r0, #4294967295	@ 0xffffffff
  14:	f7ff bffe 	b.w	2ec <__aeabi_idiv0>
  18:	f1ad 0c08 	sub.w	ip, sp, #8
  1c:	e96d ce04 	strd	ip, lr, [sp, #-16]!
  20:	f7ff fffe 	bl	30 <__udivmoddi4>
  24:	f8dd e004 	ldr.w	lr, [sp, #4]
  28:	e9dd 2302 	ldrd	r2, r3, [sp, #8]
  2c:	b004      	add	sp, #16
  2e:	4770      	bx	lr

00000030 <__udivmoddi4>:
  30:	e92d 47f0 	stmdb	sp!, {r4, r5, r6, r7, r8, r9, sl, lr}
  34:	9d08      	ldr	r5, [sp, #32]
  36:	460c      	mov	r4, r1
  38:	2b00      	cmp	r3, #0
  3a:	d14e      	bne.n	da <__udivmoddi4+0xaa>
  3c:	4694      	mov	ip, r2
  3e:	458c      	cmp	ip, r1
  40:	4686      	mov	lr, r0
  42:	fab2 f282 	clz	r2, r2
  46:	d962      	bls.n	10e <__udivmoddi4+0xde>
  48:	b14a      	cbz	r2, 5e <__udivmoddi4+0x2e>
  4a:	f1c2 0320 	rsb	r3, r2, #32
  4e:	4091      	lsls	r1, r2
  50:	fa20 f303 	lsr.w	r3, r0, r3
  54:	fa0c fc02 	lsl.w	ip, ip, r2
  58:	4319      	orrs	r1, r3
  5a:	fa00 fe02 	lsl.w	lr, r0, r2
  5e:	ea4f 471c 	mov.w	r7, ip, lsr #16
  62:	fa1f f68c 	uxth.w	r6, ip
  66:	fbb1 f4f7 	udiv	r4, r1, r7
  6a:	ea4f 431e 	mov.w	r3, lr, lsr #16
  6e:	fb07 1114 	mls	r1, r7, r4, r1
  72:	ea43 4301 	orr.w	r3, r3, r1, lsl #16
  76:	fb04 f106 	mul.w	r1, r4, r6
  7a:	4299      	cmp	r1, r3
  7c:	d90a      	bls.n	94 <__udivmoddi4+0x64>
  7e:	eb1c 0303 	adds.w	r3, ip, r3
  82:	f104 30ff 	add.w	r0, r4, #4294967295	@ 0xffffffff
  86:	f080 8112 	bcs.w	2ae <__udivmoddi4+0x27e>
  8a:	4299      	cmp	r1, r3
  8c:	f240 810f 	bls.w	2ae <__udivmoddi4+0x27e>
  90:	3c02      	subs	r4, #2
  92:	4463      	add	r3, ip
  94:	1a59      	subs	r1, r3, r1
  96:	fa1f f38e 	uxth.w	r3, lr
  9a:	fbb1 f0f7 	udiv	r0, r1, r7
  9e:	fb07 1110 	mls	r1, r7, r0, r1
  a2:	ea43 4301 	orr.w	r3, r3, r1, lsl #16
  a6:	fb00 f606 	mul.w	r6, r0, r6
  aa:	429e      	cmp	r6, r3
  ac:	d90a      	bls.n	c4 <__udivmoddi4+0x94>
  ae:	eb1c 0303 	adds.w	r3, ip, r3
  b2:	f100 31ff 	add.w	r1, r0, #4294967295	@ 0xffffffff
  b6:	f080 80fc 	bcs.w	2b2 <__udivmoddi4+0x282>
  ba:	429e      	cmp	r6, r3
  bc:	f240 80f9 	bls.w	2b2 <__udivmoddi4+0x282>
  c0:	4463      	add	r3, ip
  c2:	3802      	subs	r0, #2
  c4:	1b9b      	subs	r3, r3, r6
  c6:	ea40 4004 	orr.w	r0, r0, r4, lsl #16
  ca:	2100      	movs	r1, #0
  cc:	b11d      	cbz	r5, d6 <__udivmoddi4+0xa6>
  ce:	40d3      	lsrs	r3, r2
  d0:	2200      	movs	r2, #0
  d2:	e9c5 3200 	strd	r3, r2, [r5]
  d6:	e8bd 87f0 	ldmia.w	sp!, {r4, r5, r6, r7, r8, r9, sl, pc}
  da:	428b      	cmp	r3, r1
  dc:	d905      	bls.n	ea <__udivmoddi4+0xba>
  de:	b10d      	cbz	r5, e4 <__udivmoddi4+0xb4>
  e0:	e9c5 0100 	strd	r0, r1, [r5]
  e4:	2100      	movs	r1, #0
  e6:	4608      	mov	r0, r1
  e8:	e7f5      	b.n	d6 <__udivmoddi4+0xa6>
  ea:	fab3 f183 	clz	r1, r3
  ee:	2900      	cmp	r1, #0
  f0:	d146      	bne.n	180 <__udivmoddi4+0x150>
  f2:	42a3      	cmp	r3, r4
  f4:	d302      	bcc.n	fc <__udivmoddi4+0xcc>
  f6:	4290      	cmp	r0, r2
  f8:	f0c0 80f0 	bcc.w	2dc <__udivmoddi4+0x2ac>
  fc:	1a86      	subs	r6, r0, r2
  fe:	eb64 0303 	sbc.w	r3, r4, r3
 102:	2001      	movs	r0, #1
 104:	2d00      	cmp	r5, #0
 106:	d0e6      	beq.n	d6 <__udivmoddi4+0xa6>
 108:	e9c5 6300 	strd	r6, r3, [r5]
 10c:	e7e3      	b.n	d6 <__udivmoddi4+0xa6>
 10e:	2a00      	cmp	r2, #0
 110:	f040 8090 	bne.w	234 <__udivmoddi4+0x204>
 114:	eba1 040c 	sub.w	r4, r1, ip
 118:	ea4f 481c 	mov.w	r8, ip, lsr #16
 11c:	fa1f f78c 	uxth.w	r7, ip
 120:	2101      	movs	r1, #1
 122:	fbb4 f6f8 	udiv	r6, r4, r8
 126:	ea4f 431e 	mov.w	r3, lr, lsr #16
 12a:	fb08 4416 	mls	r4, r8, r6, r4
 12e:	ea43 4304 	orr.w	r3, r3, r4, lsl #16
 132:	fb07 f006 	mul.w	r0, r7, r6
 136:	4298      	cmp	r0, r3
 138:	d908      	bls.n	14c <__udivmoddi4+0x11c>
 13a:	eb1c 0303 	adds.w	r3, ip, r3
 13e:	f106 34ff 	add.w	r4, r6, #4294967295	@ 0xffffffff
 142:	d202      	bcs.n	14a <__udivmoddi4+0x11a>
 144:	4298      	cmp	r0, r3
 146:	f200 80cd 	bhi.w	2e4 <__udivmoddi4+0x2b4>
 14a:	4626      	mov	r6, r4
 14c:	1a1c      	subs	r4, r3, r0
 14e:	fa1f f38e 	uxth.w	r3, lr
 152:	fbb4 f0f8 	udiv	r0, r4, r8
 156:	fb08 4410 	mls	r4, r8, r0, r4
 15a:	ea43 4304 	orr.w	r3, r3, r4, lsl #16
 15e:	fb00 f707 	mul.w	r7, r0, r7
 162:	429f      	cmp	r7, r3
 164:	d908      	bls.n	178 <__udivmoddi4+0x148>
 166:	eb1c 0303 	adds.w	r3, ip, r3
 16a:	f100 34ff 	add.w	r4, r0, #4294967295	@ 0xffffffff
 16e:	d202      	bcs.n	176 <__udivmoddi4+0x146>
 170:	429f      	cmp	r7, r3
 172:	f200 80b0 	bhi.w	2d6 <__udivmoddi4+0x2a6>
 176:	4620      	mov	r0, r4
 178:	1bdb      	subs	r3, r3, r7
 17a:	ea40 4006 	orr.w	r0, r0, r6, lsl #16
 17e:	e7a5      	b.n	cc <__udivmoddi4+0x9c>
 180:	f1c1 0620 	rsb	r6, r1, #32
 184:	408b      	lsls	r3, r1
 186:	fa22 f706 	lsr.w	r7, r2, r6
 18a:	431f      	orrs	r7, r3
 18c:	fa20 fc06 	lsr.w	ip, r0, r6
 190:	fa04 f301 	lsl.w	r3, r4, r1
 194:	ea43 030c 	orr.w	r3, r3, ip
 198:	40f4      	lsrs	r4, r6
 19a:	fa00 f801 	lsl.w	r8, r0, r1
 19e:	0c38      	lsrs	r0, r7, #16
 1a0:	ea4f 4913 	mov.w	r9, r3, lsr #16
 1a4:	fbb4 fef0 	udiv	lr, r4, r0
 1a8:	fa1f fc87 	uxth.w	ip, r7
 1ac:	fb00 441e 	mls	r4, r0, lr, r4
 1b0:	ea49 4404 	orr.w	r4, r9, r4, lsl #16
 1b4:	fb0e f90c 	mul.w	r9, lr, ip
 1b8:	45a1      	cmp	r9, r4
 1ba:	fa02 f201 	lsl.w	r2, r2, r1
 1be:	d90a      	bls.n	1d6 <__udivmoddi4+0x1a6>
 1c0:	193c      	adds	r4, r7, r4
 1c2:	f10e 3aff 	add.w	sl, lr, #4294967295	@ 0xffffffff
 1c6:	f080 8084 	bcs.w	2d2 <__udivmoddi4+0x2a2>
 1ca:	45a1      	cmp	r9, r4
 1cc:	f240 8081 	bls.w	2d2 <__udivmoddi4+0x2a2>
 1d0:	f1ae 0e02 	sub.w	lr, lr, #2
 1d4:	443c      	add	r4, r7
 1d6:	eba4 0409 	sub.w	r4, r4, r9
 1da:	fa1f f983 	uxth.w	r9, r3
 1de:	fbb4 f3f0 	udiv	r3, r4, r0
 1e2:	fb00 4413 	mls	r4, r0, r3, r4
 1e6:	ea49 4404 	orr.w	r4, r9, r4, lsl #16
 1ea:	fb03 fc0c 	mul.w	ip, r3, ip
 1ee:	45a4      	cmp	ip, r4
 1f0:	d907      	bls.n	202 <__udivmoddi4+0x1d2>
 1f2:	193c      	adds	r4, r7, r4
 1f4:	f103 30ff 	add.w	r0, r3, #4294967295	@ 0xffffffff
 1f8:	d267      	bcs.n	2ca <__udivmoddi4+0x29a>
 1fa:	45a4      	cmp	ip, r4
 1fc:	d965      	bls.n	2ca <__udivmoddi4+0x29a>
 1fe:	3b02      	subs	r3, #2
 200:	443c      	add	r4, r7
 202:	ea43 400e 	orr.w	r0, r3, lr, lsl #16
 206:	fba0 9302 	umull	r9, r3, r0, r2
 20a:	eba4 040c 	sub.w	r4, r4, ip
 20e:	429c      	cmp	r4, r3
 210:	46ce      	mov	lr, r9
 212:	469c      	mov	ip, r3
 214:	d351      	bcc.n	2ba <__udivmoddi4+0x28a>
 216:	d04e      	beq.n	2b6 <__udivmoddi4+0x286>
 218:	b155      	cbz	r5, 230 <__udivmoddi4+0x200>
 21a:	ebb8 030e 	subs.w	r3, r8, lr
 21e:	eb64 040c 	sbc.w	r4, r4, ip
 222:	fa04 f606 	lsl.w	r6, r4, r6
 226:	40cb      	lsrs	r3, r1
 228:	431e      	orrs	r6, r3
 22a:	40cc      	lsrs	r4, r1
 22c:	e9c5 6400 	strd	r6, r4, [r5]
 230:	2100      	movs	r1, #0
 232:	e750      	b.n	d6 <__udivmoddi4+0xa6>
 234:	f1c2 0320 	rsb	r3, r2, #32
 238:	fa20 f103 	lsr.w	r1, r0, r3
 23c:	fa0c fc02 	lsl.w	ip, ip, r2
 240:	fa24 f303 	lsr.w	r3, r4, r3
 244:	4094      	lsls	r4, r2
 246:	430c      	orrs	r4, r1
 248:	ea4f 481c 	mov.w	r8, ip, lsr #16
 24c:	fa00 fe02 	lsl.w	lr, r0, r2
 250:	fa1f f78c 	uxth.w	r7, ip
 254:	fbb3 f0f8 	udiv	r0, r3, r8
 258:	fb08 3110 	mls	r1, r8, r0, r3
 25c:	0c23      	lsrs	r3, r4, #16
 25e:	ea43 4301 	orr.w	r3, r3, r1, lsl #16
 262:	fb00 f107 	mul.w	r1, r0, r7
 266:	4299      	cmp	r1, r3
 268:	d908      	bls.n	27c <__udivmoddi4+0x24c>
 26a:	eb1c 0303 	adds.w	r3, ip, r3
 26e:	f100 36ff 	add.w	r6, r0, #4294967295	@ 0xffffffff
 272:	d22c      	bcs.n	2ce <__udivmoddi4+0x29e>
 274:	4299      	cmp	r1, r3
 276:	d92a      	bls.n	2ce <__udivmoddi4+0x29e>
 278:	3802      	subs	r0, #2
 27a:	4463      	add	r3, ip
 27c:	1a5b      	subs	r3, r3, r1
 27e:	b2a4      	uxth	r4, r4
 280:	fbb3 f1f8 	udiv	r1, r3, r8
 284:	fb08 3311 	mls	r3, r8, r1, r3
 288:	ea44 4403 	orr.w	r4, r4, r3, lsl #16
 28c:	fb01 f307 	mul.w	r3, r1, r7
 290:	42a3      	cmp	r3, r4
 292:	d908      	bls.n	2a6 <__udivmoddi4+0x276>
 294:	eb1c 0404 	adds.w	r4, ip, r4
 298:	f101 36ff 	add.w	r6, r1, #4294967295	@ 0xffffffff
 29c:	d213      	bcs.n	2c6 <__udivmoddi4+0x296>
 29e:	42a3      	cmp	r3, r4
 2a0:	d911      	bls.n	2c6 <__udivmoddi4+0x296>
 2a2:	3902      	subs	r1, #2
 2a4:	4464      	add	r4, ip
 2a6:	1ae4      	subs	r4, r4, r3
 2a8:	ea41 4100 	orr.w	r1, r1, r0, lsl #16
 2ac:	e739      	b.n	122 <__udivmoddi4+0xf2>
 2ae:	4604      	mov	r4, r0
 2b0:	e6f0      	b.n	94 <__udivmoddi4+0x64>
 2b2:	4608      	mov	r0, r1
 2b4:	e706      	b.n	c4 <__udivmoddi4+0x94>
 2b6:	45c8      	cmp	r8, r9
 2b8:	d2ae      	bcs.n	218 <__udivmoddi4+0x1e8>
 2ba:	ebb9 0e02 	subs.w	lr, r9, r2
 2be:	eb63 0c07 	sbc.w	ip, r3, r7
 2c2:	3801      	subs	r0, #1
 2c4:	e7a8      	b.n	218 <__udivmoddi4+0x1e8>
 2c6:	4631      	mov	r1, r6
 2c8:	e7ed      	b.n	2a6 <__udivmoddi4+0x276>
 2ca:	4603      	mov	r3, r0
 2cc:	e799      	b.n	202 <__udivmoddi4+0x1d2>
 2ce:	4630      	mov	r0, r6
 2d0:	e7d4      	b.n	27c <__udivmoddi4+0x24c>
 2d2:	46d6      	mov	lr, sl
 2d4:	e77f      	b.n	1d6 <__udivmoddi4+0x1a6>
 2d6:	4463      	add	r3, ip
 2d8:	3802      	subs	r0, #2
 2da:	e74d      	b.n	178 <__udivmoddi4+0x148>
 2dc:	4606      	mov	r6, r0
 2de:	4623      	mov	r3, r4
 2e0:	4608      	mov	r0, r1
 2e2:	e70f      	b.n	104 <__udivmoddi4+0xd4>
 2e4:	3e02      	subs	r6, #2
 2e6:	4463      	add	r3, ip
 2e8:	e730      	b.n	14c <__udivmoddi4+0x11c>
 2ea:	bf00      	nop

000002ec <__aeabi_idiv0>:
 2ec:	4770      	bx	lr
 2ee:	bf00      	nop

000002f0 <execute>:
#include <furi_hal.h>
#include <furi_hal_info.h>
#include <FreeRTOS.h>
#include <FreeRTOS-Kernel/include/task.h>

static void execute(PipeSide* pipe, FuriString* args, void* context) {
 2f0:	e92d 4ff0 	stmdb	sp!, {r4, r5, r6, r7, r8, r9, sl, fp, lr}
 2f4:	b0a3      	sub	sp, #140	@ 0x8c
    };
#define NEOFETCH_COLOR ANSI_FLIPPER_BRAND_ORANGE

    // Determine logo parameters
    size_t logo_height = COUNT_OF(neofetch_logo), logo_width = 0;
    for(size_t i = 0; i < logo_height; i++)
 2f6:	2400      	movs	r4, #0
    size_t logo_height = COUNT_OF(neofetch_logo), logo_width = 0;
 2f8:	4625      	mov	r5, r4
    for(size_t i = 0; i < logo_height; i++)
 2fa:	e008      	b.n	30e <execute+0x1e>
        logo_width = MAX(logo_width, strlen(neofetch_logo[i]));
 2fc:	4ba8      	ldr	r3, [pc, #672]	@ (5a0 <execute+0x2b0>)
 2fe:	f853 0024 	ldr.w	r0, [r3, r4, lsl #2]
 302:	4ba8      	ldr	r3, [pc, #672]	@ (5a4 <execute+0x2b4>)
 304:	4798      	blx	r3
 306:	4285      	cmp	r5, r0
 308:	bf38      	it	cc
 30a:	4605      	movcc	r5, r0
    for(size_t i = 0; i < logo_height; i++)
 30c:	3401      	adds	r4, #1
 30e:	2c09      	cmp	r4, #9
 310:	d9f4      	bls.n	2fc <execute+0xc>
    logo_width += 4; // space between logo and info
 312:	3504      	adds	r5, #4

    // Format hostname delimiter
    const size_t size_of_hostname = 4 + strlen(furi_hal_version_get_name_ptr());
 314:	4ba4      	ldr	r3, [pc, #656]	@ (5a8 <execute+0x2b8>)
 316:	4798      	blx	r3
 318:	4ba2      	ldr	r3, [pc, #648]	@ (5a4 <execute+0x2b4>)
 31a:	4798      	blx	r3
 31c:	1d04      	adds	r4, r0, #4
    char delimiter[64];
    memset(delimiter, '-', size_of_hostname);
 31e:	4622      	mov	r2, r4
 320:	212d      	movs	r1, #45	@ 0x2d
 322:	a812      	add	r0, sp, #72	@ 0x48
 324:	4ba1      	ldr	r3, [pc, #644]	@ (5ac <execute+0x2bc>)
 326:	4798      	blx	r3
    delimiter[size_of_hostname] = '\0';
 328:	f104 0388 	add.w	r3, r4, #136	@ 0x88
 32c:	eb0d 0403 	add.w	r4, sp, r3
 330:	2300      	movs	r3, #0
 332:	f804 3c40 	strb.w	r3, [r4, #-64]

    // Get heap info
    size_t heap_total = memmgr_get_total_heap();
 336:	4b9e      	ldr	r3, [pc, #632]	@ (5b0 <execute+0x2c0>)
 338:	4798      	blx	r3
 33a:	4682      	mov	sl, r0
    size_t heap_used = heap_total - memmgr_get_free_heap();
 33c:	4b9d      	ldr	r3, [pc, #628]	@ (5b4 <execute+0x2c4>)
 33e:	4798      	blx	r3
 340:	ebaa 0300 	sub.w	r3, sl, r0
 344:	461a      	mov	r2, r3
 346:	9307      	str	r3, [sp, #28]
    uint16_t heap_percent = (100 * heap_used) / heap_total;
 348:	2364      	movs	r3, #100	@ 0x64
 34a:	fb02 f303 	mul.w	r3, r2, r3
 34e:	fbb3 f3fa 	udiv	r3, r3, sl
 352:	9304      	str	r3, [sp, #16]

    // Get storage info
    Storage* storage = furi_record_open(RECORD_STORAGE);
 354:	f8df 92fc 	ldr.w	r9, [pc, #764]	@ 654 <execute+0x364>
 358:	4648      	mov	r0, r9
 35a:	4b97      	ldr	r3, [pc, #604]	@ (5b8 <execute+0x2c8>)
 35c:	4798      	blx	r3
    uint64_t ext_total, ext_free, ext_used, ext_percent;
    storage_common_fs_info(storage, "/ext", &ext_total, &ext_free);
 35e:	ab0e      	add	r3, sp, #56	@ 0x38
 360:	aa10      	add	r2, sp, #64	@ 0x40
 362:	4996      	ldr	r1, [pc, #600]	@ (5bc <execute+0x2cc>)
 364:	4c96      	ldr	r4, [pc, #600]	@ (5c0 <execute+0x2d0>)
 366:	47a0      	blx	r4
    ext_used = ext_total - ext_free;
 368:	9c10      	ldr	r4, [sp, #64]	@ 0x40
 36a:	f8dd 8044 	ldr.w	r8, [sp, #68]	@ 0x44
 36e:	9e0e      	ldr	r6, [sp, #56]	@ 0x38
 370:	1ba6      	subs	r6, r4, r6
 372:	9f0f      	ldr	r7, [sp, #60]	@ 0x3c
 374:	eb68 0707 	sbc.w	r7, r8, r7
    ext_percent = (100 * ext_used) / ext_total;
 378:	19b3      	adds	r3, r6, r6
 37a:	eb47 0107 	adc.w	r1, r7, r7
 37e:	199b      	adds	r3, r3, r6
 380:	eb47 0101 	adc.w	r1, r7, r1
 384:	014a      	lsls	r2, r1, #5
 386:	ea42 62d3 	orr.w	r2, r2, r3, lsr #27
 38a:	0158      	lsls	r0, r3, #5
 38c:	181b      	adds	r3, r3, r0
 38e:	eb41 0102 	adc.w	r1, r1, r2
 392:	1998      	adds	r0, r3, r6
 394:	4622      	mov	r2, r4
 396:	4643      	mov	r3, r8
 398:	eb47 0101 	adc.w	r1, r7, r1
 39c:	f8df b2b8 	ldr.w	fp, [pc, #696]	@ 658 <execute+0x368>
 3a0:	47d8      	blx	fp
 3a2:	9009      	str	r0, [sp, #36]	@ 0x24
 3a4:	910a      	str	r1, [sp, #40]	@ 0x28
    ext_used /= 1024 * 1024;
 3a6:	0d36      	lsrs	r6, r6, #20
 3a8:	ea46 3607 	orr.w	r6, r6, r7, lsl #12
 3ac:	0d3b      	lsrs	r3, r7, #20
 3ae:	9308      	str	r3, [sp, #32]
    ext_total /= 1024 * 1024;
 3b0:	0d24      	lsrs	r4, r4, #20
 3b2:	ea44 3408 	orr.w	r4, r4, r8, lsl #12
 3b6:	ea4f 5318 	mov.w	r3, r8, lsr #20
 3ba:	9410      	str	r4, [sp, #64]	@ 0x40
 3bc:	9311      	str	r3, [sp, #68]	@ 0x44
    furi_record_close(RECORD_STORAGE);
 3be:	4648      	mov	r0, r9
 3c0:	4b80      	ldr	r3, [pc, #512]	@ (5c4 <execute+0x2d4>)
 3c2:	4798      	blx	r3

    // Get battery info
    uint16_t charge_percent = furi_hal_power_get_pct();
 3c4:	4b80      	ldr	r3, [pc, #512]	@ (5c8 <execute+0x2d8>)
 3c6:	4798      	blx	r3
 3c8:	4604      	mov	r4, r0
 3ca:	9005      	str	r0, [sp, #20]
    const char* charge_state;
    if(furi_hal_power_is_charging()) {
 3cc:	4b7f      	ldr	r3, [pc, #508]	@ (5cc <execute+0x2dc>)
 3ce:	4798      	blx	r3
 3d0:	b150      	cbz	r0, 3e8 <execute+0xf8>
        if((charge_percent < 100) && (!furi_hal_power_is_charging_done())) {
 3d2:	2c63      	cmp	r4, #99	@ 0x63
 3d4:	d902      	bls.n	3dc <execute+0xec>
            charge_state = "charging";
        } else {
            charge_state = "charged";
 3d6:	4b7e      	ldr	r3, [pc, #504]	@ (5d0 <execute+0x2e0>)
 3d8:	930b      	str	r3, [sp, #44]	@ 0x2c
 3da:	e007      	b.n	3ec <execute+0xfc>
        if((charge_percent < 100) && (!furi_hal_power_is_charging_done())) {
 3dc:	4b7d      	ldr	r3, [pc, #500]	@ (5d4 <execute+0x2e4>)
 3de:	4798      	blx	r3
 3e0:	b9a8      	cbnz	r0, 40e <execute+0x11e>
            charge_state = "charging";
 3e2:	4b7d      	ldr	r3, [pc, #500]	@ (5d8 <execute+0x2e8>)
 3e4:	930b      	str	r3, [sp, #44]	@ 0x2c
 3e6:	e001      	b.n	3ec <execute+0xfc>
        }
    } else {
        charge_state = "discharging";
 3e8:	4b7c      	ldr	r3, [pc, #496]	@ (5dc <execute+0x2ec>)
 3ea:	930b      	str	r3, [sp, #44]	@ 0x2c
    }

    // Get misc info
    uint32_t uptime = furi_get_tick() / furi_kernel_get_tick_frequency();
 3ec:	4b7c      	ldr	r3, [pc, #496]	@ (5e0 <execute+0x2f0>)
 3ee:	4798      	blx	r3
 3f0:	4607      	mov	r7, r0
 3f2:	4b7c      	ldr	r3, [pc, #496]	@ (5e4 <execute+0x2f4>)
 3f4:	4798      	blx	r3
 3f6:	fbb7 f7f0 	udiv	r7, r7, r0
    const Version* version = version_get();
 3fa:	4b7b      	ldr	r3, [pc, #492]	@ (5e8 <execute+0x2f8>)
 3fc:	4798      	blx	r3
 3fe:	4680      	mov	r8, r0
    uint16_t major, minor;
    furi_hal_info_get_api_version(&major, &minor);
 400:	a90d      	add	r1, sp, #52	@ 0x34
 402:	f10d 0036 	add.w	r0, sp, #54	@ 0x36
 406:	4b79      	ldr	r3, [pc, #484]	@ (5ec <execute+0x2fc>)
 408:	4798      	blx	r3

    // Print ASCII art with info
    const size_t info_height = 16;
    for(size_t i = 0; i < MAX(logo_height, info_height); i++) {
 40a:	2400      	movs	r4, #0
 40c:	e00e      	b.n	42c <execute+0x13c>
            charge_state = "charged";
 40e:	4b70      	ldr	r3, [pc, #448]	@ (5d0 <execute+0x2e0>)
 410:	930b      	str	r3, [sp, #44]	@ 0x2c
 412:	e7eb      	b.n	3ec <execute+0xfc>
        printf(NEOFETCH_COLOR "%-*s", logo_width, (i < logo_height) ? neofetch_logo[i] : "");
 414:	4a76      	ldr	r2, [pc, #472]	@ (5f0 <execute+0x300>)
 416:	e011      	b.n	43c <execute+0x14c>
        switch(i) {
        case 0: // you@<hostname>
            printf("you" ANSI_RESET "@" NEOFETCH_COLOR "%s", furi_hal_version_get_name_ptr());
 418:	4b63      	ldr	r3, [pc, #396]	@ (5a8 <execute+0x2b8>)
 41a:	4798      	blx	r3
 41c:	4601      	mov	r1, r0
 41e:	4875      	ldr	r0, [pc, #468]	@ (5f4 <execute+0x304>)
 420:	4b75      	ldr	r3, [pc, #468]	@ (5f8 <execute+0x308>)
 422:	4798      	blx	r3
                printf("\e[%dm███", j);
            break;
        default:
            break;
        }
        printf("\r\n");
 424:	4875      	ldr	r0, [pc, #468]	@ (5fc <execute+0x30c>)
 426:	4b76      	ldr	r3, [pc, #472]	@ (600 <execute+0x310>)
 428:	4798      	blx	r3
    for(size_t i = 0; i < MAX(logo_height, info_height); i++) {
 42a:	3401      	adds	r4, #1
 42c:	2c0f      	cmp	r4, #15
 42e:	f200 8124 	bhi.w	67a <execute+0x38a>
        printf(NEOFETCH_COLOR "%-*s", logo_width, (i < logo_height) ? neofetch_logo[i] : "");
 432:	2c09      	cmp	r4, #9
 434:	d8ee      	bhi.n	414 <execute+0x124>
 436:	4b5a      	ldr	r3, [pc, #360]	@ (5a0 <execute+0x2b0>)
 438:	f853 2024 	ldr.w	r2, [r3, r4, lsl #2]
 43c:	4629      	mov	r1, r5
 43e:	4871      	ldr	r0, [pc, #452]	@ (604 <execute+0x314>)
 440:	4b6d      	ldr	r3, [pc, #436]	@ (5f8 <execute+0x308>)
 442:	4798      	blx	r3
        switch(i) {
 444:	2c0f      	cmp	r4, #15
 446:	d8ed      	bhi.n	424 <execute+0x134>
 448:	a301      	add	r3, pc, #4	@ (adr r3, 450 <execute+0x160>)
 44a:	f853 f024 	ldr.w	pc, [r3, r4, lsl #2]
 44e:	bf00      	nop
 450:	00000419 	.word	0x00000419
 454:	00000491 	.word	0x00000491
 458:	0000049b 	.word	0x0000049b
 45c:	000004d7 	.word	0x000004d7
 460:	000004ed 	.word	0x000004ed
 464:	000004fd 	.word	0x000004fd
 468:	0000052d 	.word	0x0000052d
 46c:	00000535 	.word	0x00000535
 470:	0000053d 	.word	0x0000053d
 474:	00000545 	.word	0x00000545
 478:	0000054d 	.word	0x0000054d
 47c:	0000055f 	.word	0x0000055f
 480:	0000057b 	.word	0x0000057b
 484:	00000425 	.word	0x00000425
 488:	0000059b 	.word	0x0000059b
 48c:	00000675 	.word	0x00000675
            printf(ANSI_RESET "%s", delimiter);
 490:	a912      	add	r1, sp, #72	@ 0x48
 492:	485d      	ldr	r0, [pc, #372]	@ (608 <execute+0x318>)
 494:	4b58      	ldr	r3, [pc, #352]	@ (5f8 <execute+0x308>)
 496:	4798      	blx	r3
            break;
 498:	e7c4      	b.n	424 <execute+0x134>
            printf(
 49a:	4640      	mov	r0, r8
 49c:	f8df b1bc 	ldr.w	fp, [pc, #444]	@ 65c <execute+0x36c>
 4a0:	47d8      	blx	fp
 4a2:	4681      	mov	r9, r0
 4a4:	4640      	mov	r0, r8
 4a6:	4b59      	ldr	r3, [pc, #356]	@ (60c <execute+0x31c>)
 4a8:	4798      	blx	r3
 4aa:	9006      	str	r0, [sp, #24]
 4ac:	4640      	mov	r0, r8
 4ae:	47d8      	blx	fp
 4b0:	4683      	mov	fp, r0
 4b2:	4640      	mov	r0, r8
 4b4:	4b56      	ldr	r3, [pc, #344]	@ (610 <execute+0x320>)
 4b6:	4798      	blx	r3
 4b8:	f8bd 3034 	ldrh.w	r3, [sp, #52]	@ 0x34
 4bc:	9302      	str	r3, [sp, #8]
 4be:	f8bd 3036 	ldrh.w	r3, [sp, #54]	@ 0x36
 4c2:	9301      	str	r3, [sp, #4]
 4c4:	9000      	str	r0, [sp, #0]
 4c6:	465b      	mov	r3, fp
 4c8:	9a06      	ldr	r2, [sp, #24]
 4ca:	4649      	mov	r1, r9
 4cc:	4851      	ldr	r0, [pc, #324]	@ (614 <execute+0x324>)
 4ce:	f8df 9128 	ldr.w	r9, [pc, #296]	@ 5f8 <execute+0x308>
 4d2:	47c8      	blx	r9
            break;
 4d4:	e7a6      	b.n	424 <execute+0x134>
            printf(
 4d6:	4b50      	ldr	r3, [pc, #320]	@ (618 <execute+0x328>)
 4d8:	4798      	blx	r3
 4da:	4681      	mov	r9, r0
 4dc:	4b4f      	ldr	r3, [pc, #316]	@ (61c <execute+0x32c>)
 4de:	4798      	blx	r3
 4e0:	4602      	mov	r2, r0
 4e2:	4649      	mov	r1, r9
 4e4:	484e      	ldr	r0, [pc, #312]	@ (620 <execute+0x330>)
 4e6:	4b44      	ldr	r3, [pc, #272]	@ (5f8 <execute+0x308>)
 4e8:	4798      	blx	r3
            break;
 4ea:	e79b      	b.n	424 <execute+0x134>
            printf(
 4ec:	2301      	movs	r3, #1
 4ee:	2205      	movs	r2, #5
 4f0:	210a      	movs	r1, #10
 4f2:	484c      	ldr	r0, [pc, #304]	@ (624 <execute+0x334>)
 4f4:	f8df 9100 	ldr.w	r9, [pc, #256]	@ 5f8 <execute+0x308>
 4f8:	47c8      	blx	r9
            break;
 4fa:	e793      	b.n	424 <execute+0x134>
                uptime / 60 % 60,
 4fc:	494a      	ldr	r1, [pc, #296]	@ (628 <execute+0x338>)
 4fe:	fba1 3207 	umull	r3, r2, r1, r7
 502:	0952      	lsrs	r2, r2, #5
            printf(
 504:	ebc2 1302 	rsb	r3, r2, r2, lsl #4
 508:	fba1 0102 	umull	r0, r1, r1, r2
 50c:	0949      	lsrs	r1, r1, #5
 50e:	ebc1 1101 	rsb	r1, r1, r1, lsl #4
 512:	4846      	ldr	r0, [pc, #280]	@ (62c <execute+0x33c>)
 514:	fba0 c007 	umull	ip, r0, r0, r7
 518:	eba7 0383 	sub.w	r3, r7, r3, lsl #2
 51c:	eba2 0281 	sub.w	r2, r2, r1, lsl #2
 520:	0ac1      	lsrs	r1, r0, #11
 522:	4843      	ldr	r0, [pc, #268]	@ (630 <execute+0x340>)
 524:	f8df 90d0 	ldr.w	r9, [pc, #208]	@ 5f8 <execute+0x308>
 528:	47c8      	blx	r9
            break;
 52a:	e77b      	b.n	424 <execute+0x134>
            printf("Display" ANSI_RESET ": ST7567 128x64 @ 1 bpp in 1.4\"");
 52c:	4841      	ldr	r0, [pc, #260]	@ (634 <execute+0x344>)
 52e:	4b32      	ldr	r3, [pc, #200]	@ (5f8 <execute+0x308>)
 530:	4798      	blx	r3
            break;
 532:	e777      	b.n	424 <execute+0x134>
            printf("DE" ANSI_RESET ": GuiSrv");
 534:	4840      	ldr	r0, [pc, #256]	@ (638 <execute+0x348>)
 536:	4b30      	ldr	r3, [pc, #192]	@ (5f8 <execute+0x308>)
 538:	4798      	blx	r3
            break;
 53a:	e773      	b.n	424 <execute+0x134>
            printf("Shell" ANSI_RESET ": CliShell");
 53c:	483f      	ldr	r0, [pc, #252]	@ (63c <execute+0x34c>)
 53e:	4b2e      	ldr	r3, [pc, #184]	@ (5f8 <execute+0x308>)
 540:	4798      	blx	r3
            break;
 542:	e76f      	b.n	424 <execute+0x134>
            printf("CPU" ANSI_RESET ": STM32WB55RG @ 64 MHz");
 544:	483e      	ldr	r0, [pc, #248]	@ (640 <execute+0x350>)
 546:	4b2c      	ldr	r3, [pc, #176]	@ (5f8 <execute+0x308>)
 548:	4798      	blx	r3
            break;
 54a:	e76b      	b.n	424 <execute+0x134>
            printf(
 54c:	f8bd 3010 	ldrh.w	r3, [sp, #16]
 550:	4652      	mov	r2, sl
 552:	9907      	ldr	r1, [sp, #28]
 554:	483b      	ldr	r0, [pc, #236]	@ (644 <execute+0x354>)
 556:	f8df 90a0 	ldr.w	r9, [pc, #160]	@ 5f8 <execute+0x308>
 55a:	47c8      	blx	r9
            break;
 55c:	e762      	b.n	424 <execute+0x134>
            printf(
 55e:	9b09      	ldr	r3, [sp, #36]	@ 0x24
 560:	9302      	str	r3, [sp, #8]
 562:	9b0a      	ldr	r3, [sp, #40]	@ 0x28
 564:	9303      	str	r3, [sp, #12]
 566:	e9dd 2310 	ldrd	r2, r3, [sp, #64]	@ 0x40
 56a:	e9cd 2300 	strd	r2, r3, [sp]
 56e:	4632      	mov	r2, r6
 570:	9b08      	ldr	r3, [sp, #32]
 572:	4835      	ldr	r0, [pc, #212]	@ (648 <execute+0x358>)
 574:	4920      	ldr	r1, [pc, #128]	@ (5f8 <execute+0x308>)
 576:	4788      	blx	r1
            break;
 578:	e754      	b.n	424 <execute+0x134>
            printf("Battery" ANSI_RESET ": %hu%% (%s)" ANSI_RESET, charge_percent, charge_state);
 57a:	9a0b      	ldr	r2, [sp, #44]	@ 0x2c
 57c:	9905      	ldr	r1, [sp, #20]
 57e:	4833      	ldr	r0, [pc, #204]	@ (64c <execute+0x35c>)
 580:	4b1d      	ldr	r3, [pc, #116]	@ (5f8 <execute+0x308>)
 582:	4798      	blx	r3
            break;
 584:	e74e      	b.n	424 <execute+0x134>
                printf("\e[%dm███", j);
 586:	4649      	mov	r1, r9
 588:	4831      	ldr	r0, [pc, #196]	@ (650 <execute+0x360>)
 58a:	4b1b      	ldr	r3, [pc, #108]	@ (5f8 <execute+0x308>)
 58c:	4798      	blx	r3
            for(size_t j = 30; j <= 37; j++)
 58e:	f109 0901 	add.w	r9, r9, #1
 592:	f1b9 0f25 	cmp.w	r9, #37	@ 0x25
 596:	d9f6      	bls.n	586 <execute+0x296>
 598:	e744      	b.n	424 <execute+0x134>
        switch(i) {
 59a:	f04f 091e 	mov.w	r9, #30
 59e:	e7f8      	b.n	592 <execute+0x2a2>
 5a0:	000003ac 	.word	0x000003ac
	...
 5bc:	0000002c 	.word	0x0000002c
	...
 5d8:	00000014 	.word	0x00000014
 5dc:	00000008 	.word	0x00000008
	...
 5f0:	00000020 	.word	0x00000020
 5f4:	0000004c 	.word	0x0000004c
 5f8:	00000000 	.word	0x00000000
 5fc:	000001cc 	.word	0x000001cc
 600:	00000000 	.word	0x00000000
 604:	00000034 	.word	0x00000034
 608:	00000068 	.word	0x00000068
	...
 614:	00000070 	.word	0x00000070
	...
 620:	00000098 	.word	0x00000098
 624:	000000a8 	.word	0x000000a8
 628:	88888889 	.word	0x88888889
 62c:	91a2b3c5 	.word	0x91a2b3c5
 630:	000000c8 	.word	0x000000c8
 634:	000000e4 	.word	0x000000e4
 638:	00000110 	.word	0x00000110
 63c:	00000120 	.word	0x00000120
 640:	00000134 	.word	0x00000134
 644:	00000154 	.word	0x00000154
 648:	00000174 	.word	0x00000174
 64c:	000001a0 	.word	0x000001a0
 650:	000001bc 	.word	0x000001bc
 654:	00000024 	.word	0x00000024
	...
                printf("\e[%dm███", j);
 660:	4649      	mov	r1, r9
 662:	4809      	ldr	r0, [pc, #36]	@ (688 <execute+0x398>)
 664:	4b09      	ldr	r3, [pc, #36]	@ (68c <execute+0x39c>)
 666:	4798      	blx	r3
            for(size_t j = 90; j <= 97; j++)
 668:	f109 0901 	add.w	r9, r9, #1
 66c:	f1b9 0f61 	cmp.w	r9, #97	@ 0x61
 670:	d9f6      	bls.n	660 <execute+0x370>
 672:	e6d7      	b.n	424 <execute+0x134>
        switch(i) {
 674:	f04f 095a 	mov.w	r9, #90	@ 0x5a
 678:	e7f8      	b.n	66c <execute+0x37c>
    }
    printf(ANSI_RESET);
 67a:	4805      	ldr	r0, [pc, #20]	@ (690 <execute+0x3a0>)
 67c:	4b03      	ldr	r3, [pc, #12]	@ (68c <execute+0x39c>)
 67e:	4798      	blx	r3
#undef NEOFETCH_COLOR
}
 680:	b023      	add	sp, #140	@ 0x8c
 682:	e8bd 8ff0 	ldmia.w	sp!, {r4, r5, r6, r7, r8, r9, sl, fp, pc}
 686:	bf00      	nop
 688:	000001bc 	.word	0x000001bc
 68c:	00000000 	.word	0x00000000
 690:	000001d0 	.word	0x000001d0

00000694 <cli_neofetch_ep>:

CLI_COMMAND_INTERFACE(neofetch, execute, CliCommandFlagParallelSafe, 2048, CLI_APPID);
 694:	4800      	ldr	r0, [pc, #0]	@ (698 <cli_neofetch_ep+0x4>)
 696:	4770      	bx	lr
 698:	000003d4 	.word	0x000003d4
