
build/f7-firmware-D/.extapps/cli_subshell_demo_d.elf:     file format elf32-littlearm


Disassembly of section .text:

00000000 <execute>:
    printf("| This is the " ANSI_FG_GREEN "MOTD" ANSI_RESET " for our " ANSI_FG_BLUE
           "subshell" ANSI_RESET "! |\r\n");
    printf("+------------------------------------+\r\n");
}

static void execute(PipeSide* pipe, FuriString* args, void* context) {
   0:	b5f0      	push	{r4, r5, r6, r7, lr}
   2:	b083      	sub	sp, #12
   4:	4606      	mov	r6, r0
    UNUSED(args);
    UNUSED(context);
    CliRegistry* registry = cli_registry_alloc();
   6:	4b11      	ldr	r3, [pc, #68]	@ (4c <execute+0x4c>)
   8:	4798      	blx	r3
   a:	4605      	mov	r5, r0
    cli_registry_add_command(registry, "subcommand", CliCommandFlagParallelSafe, subcommand, NULL);
   c:	2400      	movs	r4, #0
   e:	9400      	str	r4, [sp, #0]
  10:	4b0f      	ldr	r3, [pc, #60]	@ (50 <execute+0x50>)
  12:	2201      	movs	r2, #1
  14:	490f      	ldr	r1, [pc, #60]	@ (54 <execute+0x54>)
  16:	4f10      	ldr	r7, [pc, #64]	@ (58 <execute+0x58>)
  18:	47b8      	blx	r7

    CliShell* shell = cli_shell_alloc(motd, NULL, pipe, registry, NULL);
  1a:	9400      	str	r4, [sp, #0]
  1c:	462b      	mov	r3, r5
  1e:	4632      	mov	r2, r6
  20:	4621      	mov	r1, r4
  22:	480e      	ldr	r0, [pc, #56]	@ (5c <execute+0x5c>)
  24:	4c0e      	ldr	r4, [pc, #56]	@ (60 <execute+0x60>)
  26:	47a0      	blx	r4
  28:	4604      	mov	r4, r0
    cli_shell_set_prompt(shell, "subshell");
  2a:	490e      	ldr	r1, [pc, #56]	@ (64 <execute+0x64>)
  2c:	4b0e      	ldr	r3, [pc, #56]	@ (68 <execute+0x68>)
  2e:	4798      	blx	r3
    cli_shell_start(shell);
  30:	4620      	mov	r0, r4
  32:	4b0e      	ldr	r3, [pc, #56]	@ (6c <execute+0x6c>)
  34:	4798      	blx	r3
    cli_shell_join(shell);
  36:	4620      	mov	r0, r4
  38:	4b0d      	ldr	r3, [pc, #52]	@ (70 <execute+0x70>)
  3a:	4798      	blx	r3

    cli_shell_free(shell);
  3c:	4620      	mov	r0, r4
  3e:	4b0d      	ldr	r3, [pc, #52]	@ (74 <execute+0x74>)
  40:	4798      	blx	r3
    cli_registry_free(registry);
  42:	4628      	mov	r0, r5
  44:	4b0c      	ldr	r3, [pc, #48]	@ (78 <execute+0x78>)
  46:	4798      	blx	r3
}
  48:	b003      	add	sp, #12
  4a:	bdf0      	pop	{r4, r5, r6, r7, pc}
	...
  64:	0000000c 	.word	0x0000000c
	...

0000007c <motd>:
static void motd(void* context) {
  7c:	b538      	push	{r3, r4, r5, lr}
    printf("\r\n");
  7e:	4806      	ldr	r0, [pc, #24]	@ (98 <motd+0x1c>)
  80:	4c06      	ldr	r4, [pc, #24]	@ (9c <motd+0x20>)
  82:	47a0      	blx	r4
    printf("+------------------------------------+\r\n");
  84:	4d06      	ldr	r5, [pc, #24]	@ (a0 <motd+0x24>)
  86:	4628      	mov	r0, r5
  88:	47a0      	blx	r4
    printf("|            Hello world!            |\r\n");
  8a:	4806      	ldr	r0, [pc, #24]	@ (a4 <motd+0x28>)
  8c:	47a0      	blx	r4
    printf("| This is the " ANSI_FG_GREEN "MOTD" ANSI_RESET " for our " ANSI_FG_BLUE
  8e:	4806      	ldr	r0, [pc, #24]	@ (a8 <motd+0x2c>)
  90:	47a0      	blx	r4
    printf("+------------------------------------+\r\n");
  92:	4628      	mov	r0, r5
  94:	47a0      	blx	r4
}
  96:	bd38      	pop	{r3, r4, r5, pc}
  98:	00000018 	.word	0x00000018
  9c:	00000000 	.word	0x00000000
  a0:	0000001c 	.word	0x0000001c
  a4:	00000044 	.word	0x00000044
  a8:	0000006c 	.word	0x0000006c

000000ac <subcommand>:
static void subcommand(PipeSide* pipe, FuriString* args, void* context) {
  ac:	b508      	push	{r3, lr}
    printf("This is a ✨" RAINBOW_SUBCOMMAND ANSI_RESET "✨!");
  ae:	4802      	ldr	r0, [pc, #8]	@ (b8 <subcommand+0xc>)
  b0:	4b02      	ldr	r3, [pc, #8]	@ (bc <subcommand+0x10>)
  b2:	4798      	blx	r3
}
  b4:	bd08      	pop	{r3, pc}
  b6:	bf00      	nop
  b8:	000000a8 	.word	0x000000a8
  bc:	00000000 	.word	0x00000000

000000c0 <cli_subshell_demo_ep>:

CLI_COMMAND_INTERFACE(subshell_demo, execute, CliCommandFlagParallelSafe, 2048, CLI_APPID);
  c0:	4800      	ldr	r0, [pc, #0]	@ (c4 <cli_subshell_demo_ep+0x4>)
  c2:	4770      	bx	lr
  c4:	00000110 	.word	0x00000110
