
build/f7-firmware-D/.extapps/example_view_dispatcher_d.elf:     file format elf32-littlearm


Disassembly of section .text:

00000000 <example_view_dispatcher_app_alloc>:
        view_dispatcher_send_custom_event(app->view_dispatcher, ViewIndexWidget);
    }
}

// Application constructor function.
static ExampleViewDispatcherApp* example_view_dispatcher_app_alloc() {
   0:	e92d 43f0 	stmdb	sp!, {r4, r5, r6, r7, r8, r9, lr}
   4:	b085      	sub	sp, #20
    ExampleViewDispatcherApp* app = malloc(sizeof(ExampleViewDispatcherApp));
   6:	200c      	movs	r0, #12
   8:	4b2a      	ldr	r3, [pc, #168]	@ (b4 <example_view_dispatcher_app_alloc+0xb4>)
   a:	4798      	blx	r3
   c:	4604      	mov	r4, r0
    // Access the GUI API instance.
    Gui* gui = furi_record_open(RECORD_GUI);
   e:	482a      	ldr	r0, [pc, #168]	@ (b8 <example_view_dispatcher_app_alloc+0xb8>)
  10:	4b2a      	ldr	r3, [pc, #168]	@ (bc <example_view_dispatcher_app_alloc+0xbc>)
  12:	4798      	blx	r3
  14:	4607      	mov	r7, r0
    // Create and initialize the Widget view.
    app->widget = widget_alloc();
  16:	4b2a      	ldr	r3, [pc, #168]	@ (c0 <example_view_dispatcher_app_alloc+0xc0>)
  18:	4798      	blx	r3
  1a:	6060      	str	r0, [r4, #4]
    widget_add_string_multiline_element(
  1c:	4b29      	ldr	r3, [pc, #164]	@ (c4 <example_view_dispatcher_app_alloc+0xc4>)
  1e:	9302      	str	r3, [sp, #8]
  20:	2501      	movs	r5, #1
  22:	9501      	str	r5, [sp, #4]
  24:	2304      	movs	r3, #4
  26:	9300      	str	r3, [sp, #0]
  28:	2220      	movs	r2, #32
  2a:	2140      	movs	r1, #64	@ 0x40
  2c:	4e26      	ldr	r6, [pc, #152]	@ (c8 <example_view_dispatcher_app_alloc+0xc8>)
  2e:	47b0      	blx	r6
        app->widget, 64, 32, AlignCenter, AlignCenter, FontSecondary, "Press the Button below");
    widget_add_button_element(
  30:	f8df 90d4 	ldr.w	r9, [pc, #212]	@ 108 <example_view_dispatcher_app_alloc+0x108>
  34:	9400      	str	r4, [sp, #0]
  36:	4b25      	ldr	r3, [pc, #148]	@ (cc <example_view_dispatcher_app_alloc+0xcc>)
  38:	464a      	mov	r2, r9
  3a:	4629      	mov	r1, r5
  3c:	6860      	ldr	r0, [r4, #4]
  3e:	4e24      	ldr	r6, [pc, #144]	@ (d0 <example_view_dispatcher_app_alloc+0xd0>)
  40:	47b0      	blx	r6
        GuiButtonTypeCenter,
        "Switch View",
        example_view_dispatcher_app_button_callback,
        app);
    // Create and initialize the Submenu view.
    app->submenu = submenu_alloc();
  42:	4b24      	ldr	r3, [pc, #144]	@ (d4 <example_view_dispatcher_app_alloc+0xd4>)
  44:	4798      	blx	r3
  46:	60a0      	str	r0, [r4, #8]
    submenu_add_item(app->submenu, "Do Nothing", SubmenuIndexNothing, NULL, NULL);
  48:	2600      	movs	r6, #0
  4a:	9600      	str	r6, [sp, #0]
  4c:	4633      	mov	r3, r6
  4e:	4632      	mov	r2, r6
  50:	4921      	ldr	r1, [pc, #132]	@ (d8 <example_view_dispatcher_app_alloc+0xd8>)
  52:	f8df 80b8 	ldr.w	r8, [pc, #184]	@ 10c <example_view_dispatcher_app_alloc+0x10c>
  56:	47c0      	blx	r8
    submenu_add_item(
  58:	9400      	str	r4, [sp, #0]
  5a:	4b20      	ldr	r3, [pc, #128]	@ (dc <example_view_dispatcher_app_alloc+0xdc>)
  5c:	462a      	mov	r2, r5
  5e:	4649      	mov	r1, r9
  60:	68a0      	ldr	r0, [r4, #8]
  62:	47c0      	blx	r8
        "Switch View",
        SubmenuIndexSwitchView,
        example_view_dispatcher_app_submenu_callback,
        app);
    // Create the ViewDispatcher instance.
    app->view_dispatcher = view_dispatcher_alloc();
  64:	4b1e      	ldr	r3, [pc, #120]	@ (e0 <example_view_dispatcher_app_alloc+0xe0>)
  66:	4798      	blx	r3
  68:	6020      	str	r0, [r4, #0]
    // Let the GUI know about this ViewDispatcher instance.
    view_dispatcher_attach_to_gui(app->view_dispatcher, gui, ViewDispatcherTypeFullscreen);
  6a:	2202      	movs	r2, #2
  6c:	4639      	mov	r1, r7
  6e:	4b1d      	ldr	r3, [pc, #116]	@ (e4 <example_view_dispatcher_app_alloc+0xe4>)
  70:	4798      	blx	r3
    // Register the views within the ViewDispatcher instance. This alone will not show any of them on the screen.
    // Each view must have its own index to refer to it later (it is best done via an enumeration as shown here).
    view_dispatcher_add_view(app->view_dispatcher, ViewIndexWidget, widget_get_view(app->widget));
  72:	6827      	ldr	r7, [r4, #0]
  74:	6860      	ldr	r0, [r4, #4]
  76:	4b1c      	ldr	r3, [pc, #112]	@ (e8 <example_view_dispatcher_app_alloc+0xe8>)
  78:	4798      	blx	r3
  7a:	4602      	mov	r2, r0
  7c:	4631      	mov	r1, r6
  7e:	4638      	mov	r0, r7
  80:	4e1a      	ldr	r6, [pc, #104]	@ (ec <example_view_dispatcher_app_alloc+0xec>)
  82:	47b0      	blx	r6
    view_dispatcher_add_view(
  84:	6827      	ldr	r7, [r4, #0]
  86:	68a0      	ldr	r0, [r4, #8]
  88:	4b19      	ldr	r3, [pc, #100]	@ (f0 <example_view_dispatcher_app_alloc+0xf0>)
  8a:	4798      	blx	r3
  8c:	4602      	mov	r2, r0
  8e:	4629      	mov	r1, r5
  90:	4638      	mov	r0, r7
  92:	47b0      	blx	r6
        app->view_dispatcher, ViewIndexSubmenu, submenu_get_view(app->submenu));
    // Set the custom event callback. It will be called each time a custom event is scheduled
    // using the view_dispatcher_send_custom_callback() function.
    view_dispatcher_set_custom_event_callback(
  94:	4917      	ldr	r1, [pc, #92]	@ (f4 <example_view_dispatcher_app_alloc+0xf4>)
  96:	6820      	ldr	r0, [r4, #0]
  98:	4b17      	ldr	r3, [pc, #92]	@ (f8 <example_view_dispatcher_app_alloc+0xf8>)
  9a:	4798      	blx	r3
        app->view_dispatcher, example_view_dispatcher_app_custom_event_callback);
    // Set the navigation, or back button callback. It will be called if the user pressed the Back button
    // and the event was not handled in the currently displayed view.
    view_dispatcher_set_navigation_event_callback(
  9c:	4917      	ldr	r1, [pc, #92]	@ (fc <example_view_dispatcher_app_alloc+0xfc>)
  9e:	6820      	ldr	r0, [r4, #0]
  a0:	4b17      	ldr	r3, [pc, #92]	@ (100 <example_view_dispatcher_app_alloc+0x100>)
  a2:	4798      	blx	r3
        app->view_dispatcher, example_view_dispatcher_app_navigation_callback);
    // The context will be passed to the callbacks as a parameter, so we have access to our application object.
    view_dispatcher_set_event_callback_context(app->view_dispatcher, app);
  a4:	4621      	mov	r1, r4
  a6:	6820      	ldr	r0, [r4, #0]
  a8:	4b16      	ldr	r3, [pc, #88]	@ (104 <example_view_dispatcher_app_alloc+0x104>)
  aa:	4798      	blx	r3

    return app;
}
  ac:	4620      	mov	r0, r4
  ae:	b005      	add	sp, #20
  b0:	e8bd 83f0 	ldmia.w	sp!, {r4, r5, r6, r7, r8, r9, pc}
	...
  c4:	00000004 	.word	0x00000004
	...
  d8:	00000028 	.word	0x00000028
	...
 108:	0000001c 	.word	0x0000001c
 10c:	00000000 	.word	0x00000000

00000110 <example_view_dispatcher_app_navigation_callback>:
static bool example_view_dispatcher_app_navigation_callback(void* context) {
 110:	b508      	push	{r3, lr}
    furi_assert(context);
 112:	b120      	cbz	r0, 11e <example_view_dispatcher_app_navigation_callback+0xe>
    view_dispatcher_stop(app->view_dispatcher);
 114:	6800      	ldr	r0, [r0, #0]
 116:	4b04      	ldr	r3, [pc, #16]	@ (128 <sukima216+0x6>)
 118:	4798      	blx	r3
}
 11a:	2001      	movs	r0, #1
 11c:	bd08      	pop	{r3, pc}
    furi_assert(context);
 11e:	f04f 0c01 	mov.w	ip, #1

00000122 <sukima216>:
 122:	4b02      	ldr	r3, [pc, #8]	@ (12c <sukima216+0xa>)
 124:	4798      	blx	r3
 126:	bf00      	nop
	...

00000130 <example_view_dispatcher_app_custom_event_callback>:
static bool example_view_dispatcher_app_custom_event_callback(void* context, uint32_t event) {
 130:	b508      	push	{r3, lr}
    furi_assert(context);
 132:	b130      	cbz	r0, 142 <example_view_dispatcher_app_custom_event_callback+0x12>
    furi_assert(event < ViewIndexCount);
 134:	2901      	cmp	r1, #1
 136:	d808      	bhi.n	14a <sukima282+0x4>
    view_dispatcher_switch_to_view(app->view_dispatcher, event);
 138:	6800      	ldr	r0, [r0, #0]
 13a:	4b06      	ldr	r3, [pc, #24]	@ (154 <sukima300+0x6>)
 13c:	4798      	blx	r3
}
 13e:	2001      	movs	r0, #1
 140:	bd08      	pop	{r3, pc}
    furi_assert(context);
 142:	f04f 0c01 	mov.w	ip, #1

00000146 <sukima282>:
 146:	4b04      	ldr	r3, [pc, #16]	@ (158 <sukima300+0xa>)
 148:	4798      	blx	r3
    furi_assert(event < ViewIndexCount);
 14a:	f04f 0c01 	mov.w	ip, #1

0000014e <sukima300>:
 14e:	4b02      	ldr	r3, [pc, #8]	@ (158 <sukima300+0xa>)
 150:	4798      	blx	r3
 152:	bf00      	nop
	...

0000015c <example_view_dispatcher_app_submenu_callback>:
static void example_view_dispatcher_app_submenu_callback(void* context, uint32_t index) {
 15c:	b508      	push	{r3, lr}
    furi_assert(context);
 15e:	b110      	cbz	r0, 166 <example_view_dispatcher_app_submenu_callback+0xa>
    if(index == SubmenuIndexSwitchView) {
 160:	2901      	cmp	r1, #1
 162:	d004      	beq.n	16e <sukima357+0x4>
}
 164:	bd08      	pop	{r3, pc}
    furi_assert(context);
 166:	f04f 0c01 	mov.w	ip, #1

0000016a <sukima357>:
 16a:	4b03      	ldr	r3, [pc, #12]	@ (178 <sukima357+0xe>)
 16c:	4798      	blx	r3
        view_dispatcher_send_custom_event(app->view_dispatcher, ViewIndexWidget);
 16e:	2100      	movs	r1, #0
 170:	6800      	ldr	r0, [r0, #0]
 172:	4b02      	ldr	r3, [pc, #8]	@ (17c <sukima357+0x12>)
 174:	4798      	blx	r3
}
 176:	e7f5      	b.n	164 <example_view_dispatcher_app_submenu_callback+0x8>
	...

00000180 <example_view_dispatcher_app_button_callback>:
    void* context) {
 180:	b508      	push	{r3, lr}
    furi_assert(context);
 182:	b112      	cbz	r2, 18a <example_view_dispatcher_app_button_callback+0xa>
    if(button_type == GuiButtonTypeCenter && input_type == InputTypeShort) {
 184:	2801      	cmp	r0, #1
 186:	d004      	beq.n	192 <sukima432+0x4>
}
 188:	bd08      	pop	{r3, pc}
    furi_assert(context);
 18a:	f04f 0c01 	mov.w	ip, #1

0000018e <sukima432>:
 18e:	4b04      	ldr	r3, [pc, #16]	@ (1a0 <sukima432+0x12>)
 190:	4798      	blx	r3
    if(button_type == GuiButtonTypeCenter && input_type == InputTypeShort) {
 192:	2902      	cmp	r1, #2
 194:	d1f8      	bne.n	188 <example_view_dispatcher_app_button_callback+0x8>
        view_dispatcher_send_custom_event(app->view_dispatcher, ViewIndexSubmenu);
 196:	2101      	movs	r1, #1
 198:	6810      	ldr	r0, [r2, #0]
 19a:	4b02      	ldr	r3, [pc, #8]	@ (1a4 <sukima432+0x16>)
 19c:	4798      	blx	r3
}
 19e:	e7f3      	b.n	188 <example_view_dispatcher_app_button_callback+0x8>
	...

000001a8 <example_view_dispatcher_app_run>:
    furi_record_close(RECORD_GUI);
    // Free the remaining memory.
    free(app);
}

static void example_view_dispatcher_app_run(ExampleViewDispatcherApp* app) {
 1a8:	b510      	push	{r4, lr}
 1aa:	4604      	mov	r4, r0
    // Display the Widget view on the screen.
    view_dispatcher_switch_to_view(app->view_dispatcher, ViewIndexWidget);
 1ac:	2100      	movs	r1, #0
 1ae:	6800      	ldr	r0, [r0, #0]
 1b0:	4b02      	ldr	r3, [pc, #8]	@ (1bc <example_view_dispatcher_app_run+0x14>)
 1b2:	4798      	blx	r3
    // This function will block until view_dispatcher_stop() is called.
    // Internally, it uses a FuriEventLoop (see FuriEventLoop examples for more info on this).
    view_dispatcher_run(app->view_dispatcher);
 1b4:	6820      	ldr	r0, [r4, #0]
 1b6:	4b02      	ldr	r3, [pc, #8]	@ (1c0 <example_view_dispatcher_app_run+0x18>)
 1b8:	4798      	blx	r3
}
 1ba:	bd10      	pop	{r4, pc}
	...

000001c4 <example_view_dispatcher_app_free>:
static void example_view_dispatcher_app_free(ExampleViewDispatcherApp* app) {
 1c4:	b538      	push	{r3, r4, r5, lr}
 1c6:	4604      	mov	r4, r0
    view_dispatcher_remove_view(app->view_dispatcher, ViewIndexWidget);
 1c8:	2100      	movs	r1, #0
 1ca:	6800      	ldr	r0, [r0, #0]
 1cc:	4d0a      	ldr	r5, [pc, #40]	@ (1f8 <example_view_dispatcher_app_free+0x34>)
 1ce:	47a8      	blx	r5
    view_dispatcher_remove_view(app->view_dispatcher, ViewIndexSubmenu);
 1d0:	2101      	movs	r1, #1
 1d2:	6820      	ldr	r0, [r4, #0]
 1d4:	47a8      	blx	r5
    view_dispatcher_free(app->view_dispatcher);
 1d6:	6820      	ldr	r0, [r4, #0]
 1d8:	4b08      	ldr	r3, [pc, #32]	@ (1fc <example_view_dispatcher_app_free+0x38>)
 1da:	4798      	blx	r3
    widget_free(app->widget);
 1dc:	6860      	ldr	r0, [r4, #4]
 1de:	4b08      	ldr	r3, [pc, #32]	@ (200 <example_view_dispatcher_app_free+0x3c>)
 1e0:	4798      	blx	r3
    submenu_free(app->submenu);
 1e2:	68a0      	ldr	r0, [r4, #8]
 1e4:	4b07      	ldr	r3, [pc, #28]	@ (204 <example_view_dispatcher_app_free+0x40>)
 1e6:	4798      	blx	r3
    furi_record_close(RECORD_GUI);
 1e8:	4807      	ldr	r0, [pc, #28]	@ (208 <example_view_dispatcher_app_free+0x44>)
 1ea:	4b08      	ldr	r3, [pc, #32]	@ (20c <example_view_dispatcher_app_free+0x48>)
 1ec:	4798      	blx	r3
    free(app);
 1ee:	4620      	mov	r0, r4
 1f0:	4b07      	ldr	r3, [pc, #28]	@ (210 <example_view_dispatcher_app_free+0x4c>)
 1f2:	4798      	blx	r3
}
 1f4:	bd38      	pop	{r3, r4, r5, pc}
 1f6:	bf00      	nop
	...

00000214 <example_view_dispatcher_app>:
/*******************************************************************
 *                     vvv START HERE vvv
 *
 * The application's entry point - referenced in application.fam
 *******************************************************************/
int32_t example_view_dispatcher_app(void* arg) {
 214:	b510      	push	{r4, lr}
    UNUSED(arg);

    ExampleViewDispatcherApp* app = example_view_dispatcher_app_alloc();
 216:	4b05      	ldr	r3, [pc, #20]	@ (22c <example_view_dispatcher_app+0x18>)
 218:	4798      	blx	r3
 21a:	4604      	mov	r4, r0
    example_view_dispatcher_app_run(app);
 21c:	4b04      	ldr	r3, [pc, #16]	@ (230 <example_view_dispatcher_app+0x1c>)
 21e:	4798      	blx	r3
    example_view_dispatcher_app_free(app);
 220:	4620      	mov	r0, r4
 222:	4b04      	ldr	r3, [pc, #16]	@ (234 <example_view_dispatcher_app+0x20>)
 224:	4798      	blx	r3

    return 0;
}
 226:	2000      	movs	r0, #0
 228:	bd10      	pop	{r4, pc}
 22a:	bf00      	nop
	...
