
build/f7-firmware-D/.extapps/example_apps_assets_d.elf:     file format elf32-littlearm


Disassembly of section .text:

00000000 <example_apps_data_print_file_content>:
#include <toolbox/stream/file_stream.h>

// Define log tag
#define TAG "ExampleAppsAssets"

static void example_apps_data_print_file_content(Storage* storage, const char* path) {
   0:	e92d 41f0 	stmdb	sp!, {r4, r5, r6, r7, r8, lr}
   4:	460d      	mov	r5, r1
    Stream* stream = file_stream_alloc(storage);
   6:	4b24      	ldr	r3, [pc, #144]	@ (98 <example_apps_data_print_file_content+0x98>)
   8:	4798      	blx	r3
   a:	4607      	mov	r7, r0
    FuriString* line = furi_string_alloc();
   c:	4b23      	ldr	r3, [pc, #140]	@ (9c <example_apps_data_print_file_content+0x9c>)
   e:	4798      	blx	r3
  10:	4604      	mov	r4, r0

    FURI_LOG_I(TAG, "----------------------------------------");
  12:	f8df 80a0 	ldr.w	r8, [pc, #160]	@ b4 <example_apps_data_print_file_content+0xb4>
  16:	4a22      	ldr	r2, [pc, #136]	@ (a0 <example_apps_data_print_file_content+0xa0>)
  18:	4641      	mov	r1, r8
  1a:	2004      	movs	r0, #4
  1c:	4e21      	ldr	r6, [pc, #132]	@ (a4 <example_apps_data_print_file_content+0xa4>)
  1e:	47b0      	blx	r6
    FURI_LOG_I(TAG, "File \"%s\" content:", path);
  20:	462b      	mov	r3, r5
  22:	4a21      	ldr	r2, [pc, #132]	@ (a8 <example_apps_data_print_file_content+0xa8>)
  24:	4641      	mov	r1, r8
  26:	2004      	movs	r0, #4
  28:	47b0      	blx	r6
    if(file_stream_open(stream, path, FSAM_READ, FSOM_OPEN_EXISTING)) {
  2a:	2301      	movs	r3, #1
  2c:	461a      	mov	r2, r3
  2e:	4629      	mov	r1, r5
  30:	4638      	mov	r0, r7
  32:	4d1e      	ldr	r5, [pc, #120]	@ (ac <example_apps_data_print_file_content+0xac>)
  34:	47a8      	blx	r5
  36:	b9c0      	cbnz	r0, 6a <example_apps_data_print_file_content+0x6a>
            furi_string_replace_all(line, "\r", "");
            furi_string_replace_all(line, "\n", "");
            FURI_LOG_I(TAG, "%s", furi_string_get_cstr(line));
        }
    } else {
        FURI_LOG_E(TAG, "Failed to open file");
  38:	4a1d      	ldr	r2, [pc, #116]	@ (b0 <example_apps_data_print_file_content+0xb0>)
  3a:	491e      	ldr	r1, [pc, #120]	@ (b4 <example_apps_data_print_file_content+0xb4>)
  3c:	2002      	movs	r0, #2
  3e:	4b19      	ldr	r3, [pc, #100]	@ (a4 <example_apps_data_print_file_content+0xa4>)
  40:	4798      	blx	r3
  42:	e018      	b.n	76 <example_apps_data_print_file_content+0x76>
            furi_string_replace_all(line, "\r", "");
  44:	4e1c      	ldr	r6, [pc, #112]	@ (b8 <example_apps_data_print_file_content+0xb8>)
  46:	4632      	mov	r2, r6
  48:	491c      	ldr	r1, [pc, #112]	@ (bc <example_apps_data_print_file_content+0xbc>)
  4a:	4620      	mov	r0, r4
  4c:	4d1c      	ldr	r5, [pc, #112]	@ (c0 <example_apps_data_print_file_content+0xc0>)
  4e:	47a8      	blx	r5
            furi_string_replace_all(line, "\n", "");
  50:	4632      	mov	r2, r6
  52:	491c      	ldr	r1, [pc, #112]	@ (c4 <example_apps_data_print_file_content+0xc4>)
  54:	4620      	mov	r0, r4
  56:	47a8      	blx	r5
            FURI_LOG_I(TAG, "%s", furi_string_get_cstr(line));
  58:	4620      	mov	r0, r4
  5a:	4b1b      	ldr	r3, [pc, #108]	@ (c8 <example_apps_data_print_file_content+0xc8>)
  5c:	4798      	blx	r3
  5e:	4603      	mov	r3, r0
  60:	4a1a      	ldr	r2, [pc, #104]	@ (cc <example_apps_data_print_file_content+0xcc>)
  62:	4914      	ldr	r1, [pc, #80]	@ (b4 <example_apps_data_print_file_content+0xb4>)
  64:	2004      	movs	r0, #4
  66:	4d0f      	ldr	r5, [pc, #60]	@ (a4 <example_apps_data_print_file_content+0xa4>)
  68:	47a8      	blx	r5
        while(stream_read_line(stream, line)) {
  6a:	4621      	mov	r1, r4
  6c:	4638      	mov	r0, r7
  6e:	4b18      	ldr	r3, [pc, #96]	@ (d0 <example_apps_data_print_file_content+0xd0>)
  70:	4798      	blx	r3
  72:	2800      	cmp	r0, #0
  74:	d1e6      	bne.n	44 <example_apps_data_print_file_content+0x44>
    }
    FURI_LOG_I(TAG, "----------------------------------------");
  76:	4a0a      	ldr	r2, [pc, #40]	@ (a0 <example_apps_data_print_file_content+0xa0>)
  78:	490e      	ldr	r1, [pc, #56]	@ (b4 <example_apps_data_print_file_content+0xb4>)
  7a:	2004      	movs	r0, #4
  7c:	4b09      	ldr	r3, [pc, #36]	@ (a4 <example_apps_data_print_file_content+0xa4>)
  7e:	4798      	blx	r3

    furi_string_free(line);
  80:	4620      	mov	r0, r4
  82:	4b14      	ldr	r3, [pc, #80]	@ (d4 <example_apps_data_print_file_content+0xd4>)
  84:	4798      	blx	r3
    file_stream_close(stream);
  86:	4638      	mov	r0, r7
  88:	4b13      	ldr	r3, [pc, #76]	@ (d8 <example_apps_data_print_file_content+0xd8>)
  8a:	4798      	blx	r3
    stream_free(stream);
  8c:	4638      	mov	r0, r7
  8e:	4b13      	ldr	r3, [pc, #76]	@ (dc <example_apps_data_print_file_content+0xdc>)
  90:	4798      	blx	r3
}
  92:	e8bd 81f0 	ldmia.w	sp!, {r4, r5, r6, r7, r8, pc}
  96:	bf00      	nop
	...
  a8:	00000040 	.word	0x00000040
  ac:	00000000 	.word	0x00000000
  b0:	00000064 	.word	0x00000064
  b4:	0000002c 	.word	0x0000002c
  b8:	00000054 	.word	0x00000054
  bc:	00000058 	.word	0x00000058
  c0:	00000000 	.word	0x00000000
  c4:	0000005c 	.word	0x0000005c
  c8:	00000000 	.word	0x00000000
  cc:	00000060 	.word	0x00000060
	...

000000e0 <example_apps_assets_main>:

// Application entry point
int32_t example_apps_assets_main(void* p) {
  e0:	b570      	push	{r4, r5, r6, lr}
    // Mark argument as unused
    UNUSED(p);

    // Open storage
    Storage* storage = furi_record_open(RECORD_STORAGE);
  e2:	4e0b      	ldr	r6, [pc, #44]	@ (110 <example_apps_assets_main+0x30>)
  e4:	4630      	mov	r0, r6
  e6:	4b0b      	ldr	r3, [pc, #44]	@ (114 <example_apps_assets_main+0x34>)
  e8:	4798      	blx	r3
  ea:	4604      	mov	r4, r0

    example_apps_data_print_file_content(storage, APP_ASSETS_PATH("test_asset.txt"));
  ec:	490a      	ldr	r1, [pc, #40]	@ (118 <example_apps_assets_main+0x38>)
  ee:	4d0b      	ldr	r5, [pc, #44]	@ (11c <example_apps_assets_main+0x3c>)
  f0:	47a8      	blx	r5
    example_apps_data_print_file_content(storage, APP_ASSETS_PATH("poems/a jelly-fish.txt"));
  f2:	490b      	ldr	r1, [pc, #44]	@ (120 <example_apps_assets_main+0x40>)
  f4:	4620      	mov	r0, r4
  f6:	47a8      	blx	r5
    example_apps_data_print_file_content(storage, APP_ASSETS_PATH("poems/theme in yellow.txt"));
  f8:	490a      	ldr	r1, [pc, #40]	@ (124 <example_apps_assets_main+0x44>)
  fa:	4620      	mov	r0, r4
  fc:	47a8      	blx	r5
    example_apps_data_print_file_content(storage, APP_ASSETS_PATH("poems/my shadow.txt"));
  fe:	490a      	ldr	r1, [pc, #40]	@ (128 <example_apps_assets_main+0x48>)
 100:	4620      	mov	r0, r4
 102:	47a8      	blx	r5

    // Close storage
    furi_record_close(RECORD_STORAGE);
 104:	4630      	mov	r0, r6
 106:	4b09      	ldr	r3, [pc, #36]	@ (12c <example_apps_assets_main+0x4c>)
 108:	4798      	blx	r3

    return 0;
}
 10a:	2000      	movs	r0, #0
 10c:	bd70      	pop	{r4, r5, r6, pc}
 10e:	bf00      	nop
 110:	00000078 	.word	0x00000078
 114:	00000000 	.word	0x00000000
 118:	00000080 	.word	0x00000080
 11c:	00000000 	.word	0x00000000
 120:	00000098 	.word	0x00000098
 124:	000000b8 	.word	0x000000b8
 128:	000000dc 	.word	0x000000dc
 12c:	00000000 	.word	0x00000000
