
build/f7-firmware-D/.extapps/example_ble_beacon_d.elf:     file format elf32-littlearm


Disassembly of section .text:

00000000 <ble_beacon_app_scene_add_type_byte_input_callback>:
#include "../ble_beacon_app.h"

static void ble_beacon_app_scene_add_type_byte_input_callback(void* context) {
   0:	b508      	push	{r3, lr}
    BleBeaconApp* ble_beacon = context;
    view_dispatcher_send_custom_event(
   2:	2164      	movs	r1, #100	@ 0x64
   4:	6880      	ldr	r0, [r0, #8]
   6:	4b01      	ldr	r3, [pc, #4]	@ (c <ble_beacon_app_scene_add_type_byte_input_callback+0xc>)
   8:	4798      	blx	r3
        ble_beacon->view_dispatcher, BleBeaconAppCustomEventDataEditResult);
}
   a:	bd08      	pop	{r3, pc}
   c:	00000000 	.word	0x00000000

00000010 <ble_beacon_app_scene_input_beacon_data_on_enter>:

void ble_beacon_app_scene_input_beacon_data_on_enter(void* context) {
  10:	b530      	push	{r4, r5, lr}
  12:	b083      	sub	sp, #12
  14:	4604      	mov	r4, r0
    BleBeaconApp* ble_beacon = context;
    byte_input_set_header_text(ble_beacon->byte_input, "Enter beacon data");
  16:	490a      	ldr	r1, [pc, #40]	@ (40 <ble_beacon_app_scene_input_beacon_data_on_enter+0x30>)
  18:	6900      	ldr	r0, [r0, #16]
  1a:	4b0a      	ldr	r3, [pc, #40]	@ (44 <ble_beacon_app_scene_input_beacon_data_on_enter+0x34>)
  1c:	4798      	blx	r3
    byte_input_set_result_callback(
        ble_beacon->byte_input,
        ble_beacon_app_scene_add_type_byte_input_callback,
        NULL,
        context,
        ble_beacon->beacon_data,
  1e:	f104 032a 	add.w	r3, r4, #42	@ 0x2a
    byte_input_set_result_callback(
  22:	221f      	movs	r2, #31
  24:	9201      	str	r2, [sp, #4]
  26:	9300      	str	r3, [sp, #0]
  28:	4623      	mov	r3, r4
  2a:	2200      	movs	r2, #0
  2c:	4906      	ldr	r1, [pc, #24]	@ (48 <ble_beacon_app_scene_input_beacon_data_on_enter+0x38>)
  2e:	6920      	ldr	r0, [r4, #16]
  30:	4d06      	ldr	r5, [pc, #24]	@ (4c <ble_beacon_app_scene_input_beacon_data_on_enter+0x3c>)
  32:	47a8      	blx	r5
        sizeof(ble_beacon->beacon_data));

    view_dispatcher_switch_to_view(ble_beacon->view_dispatcher, BleBeaconAppViewByteInput);
  34:	2101      	movs	r1, #1
  36:	68a0      	ldr	r0, [r4, #8]
  38:	4b05      	ldr	r3, [pc, #20]	@ (50 <ble_beacon_app_scene_input_beacon_data_on_enter+0x40>)
  3a:	4798      	blx	r3
}
  3c:	b003      	add	sp, #12
  3e:	bd30      	pop	{r4, r5, pc}
	...

00000054 <ble_beacon_app_scene_input_beacon_data_on_event>:

bool ble_beacon_app_scene_input_beacon_data_on_event(void* context, SceneManagerEvent event) {
  54:	b510      	push	{r4, lr}
  56:	b082      	sub	sp, #8
  58:	ab02      	add	r3, sp, #8
  5a:	e903 0006 	stmdb	r3, {r1, r2}
    BleBeaconApp* ble_beacon = context;
    SceneManager* scene_manager = ble_beacon->scene_manager;
  5e:	6844      	ldr	r4, [r0, #4]

    if(event.type == SceneManagerEventTypeCustom) {
  60:	f89d 3000 	ldrb.w	r3, [sp]
  64:	b953      	cbnz	r3, 7c <ble_beacon_app_scene_input_beacon_data_on_event+0x28>
        if(event.event == BleBeaconAppCustomEventDataEditResult) {
  66:	2a64      	cmp	r2, #100	@ 0x64
  68:	d001      	beq.n	6e <ble_beacon_app_scene_input_beacon_data_on_event+0x1a>
            scene_manager_previous_scene(scene_manager);
            return true;
        }
    }

    return false;
  6a:	2000      	movs	r0, #0
  6c:	e007      	b.n	7e <ble_beacon_app_scene_input_beacon_data_on_event+0x2a>
            ble_beacon_app_update_state(ble_beacon);
  6e:	4b05      	ldr	r3, [pc, #20]	@ (84 <ble_beacon_app_scene_input_beacon_data_on_event+0x30>)
  70:	4798      	blx	r3
            scene_manager_previous_scene(scene_manager);
  72:	4620      	mov	r0, r4
  74:	4b04      	ldr	r3, [pc, #16]	@ (88 <ble_beacon_app_scene_input_beacon_data_on_event+0x34>)
  76:	4798      	blx	r3
            return true;
  78:	2001      	movs	r0, #1
  7a:	e000      	b.n	7e <ble_beacon_app_scene_input_beacon_data_on_event+0x2a>
    return false;
  7c:	2000      	movs	r0, #0
}
  7e:	b002      	add	sp, #8
  80:	bd10      	pop	{r4, pc}
  82:	bf00      	nop
	...

0000008c <ble_beacon_app_scene_input_beacon_data_on_exit>:

void ble_beacon_app_scene_input_beacon_data_on_exit(void* context) {
  8c:	b570      	push	{r4, r5, r6, lr}
  8e:	b082      	sub	sp, #8
  90:	4605      	mov	r5, r0
    BleBeaconApp* ble_beacon = context;

    byte_input_set_result_callback(ble_beacon->byte_input, NULL, NULL, NULL, NULL, 0);
  92:	2400      	movs	r4, #0
  94:	9401      	str	r4, [sp, #4]
  96:	9400      	str	r4, [sp, #0]
  98:	4623      	mov	r3, r4
  9a:	4622      	mov	r2, r4
  9c:	4621      	mov	r1, r4
  9e:	6900      	ldr	r0, [r0, #16]
  a0:	4e03      	ldr	r6, [pc, #12]	@ (b0 <ble_beacon_app_scene_input_beacon_data_on_exit+0x24>)
  a2:	47b0      	blx	r6
    byte_input_set_header_text(ble_beacon->byte_input, NULL);
  a4:	4621      	mov	r1, r4
  a6:	6928      	ldr	r0, [r5, #16]
  a8:	4b02      	ldr	r3, [pc, #8]	@ (b4 <ble_beacon_app_scene_input_beacon_data_on_exit+0x28>)
  aa:	4798      	blx	r3
}
  ac:	b002      	add	sp, #8
  ae:	bd70      	pop	{r4, r5, r6, pc}
	...

000000b8 <ble_beacon_app_scene_add_type_byte_input_callback>:
#include "../ble_beacon_app.h"

static void ble_beacon_app_scene_add_type_byte_input_callback(void* context) {
  b8:	b508      	push	{r3, lr}
    BleBeaconApp* ble_beacon = context;
    view_dispatcher_send_custom_event(
  ba:	2164      	movs	r1, #100	@ 0x64
  bc:	6880      	ldr	r0, [r0, #8]
  be:	4b01      	ldr	r3, [pc, #4]	@ (c4 <ble_beacon_app_scene_add_type_byte_input_callback+0xc>)
  c0:	4798      	blx	r3
        ble_beacon->view_dispatcher, BleBeaconAppCustomEventDataEditResult);
}
  c2:	bd08      	pop	{r3, pc}
  c4:	00000000 	.word	0x00000000

000000c8 <ble_beacon_app_scene_input_mac_addr_on_enter>:

void ble_beacon_app_scene_input_mac_addr_on_enter(void* context) {
  c8:	b530      	push	{r4, r5, lr}
  ca:	b083      	sub	sp, #12
  cc:	4604      	mov	r4, r0
    BleBeaconApp* ble_beacon = context;
    byte_input_set_header_text(ble_beacon->byte_input, "Enter MAC (reversed)");
  ce:	490a      	ldr	r1, [pc, #40]	@ (f8 <ble_beacon_app_scene_input_mac_addr_on_enter+0x30>)
  d0:	6900      	ldr	r0, [r0, #16]
  d2:	4b0a      	ldr	r3, [pc, #40]	@ (fc <ble_beacon_app_scene_input_mac_addr_on_enter+0x34>)
  d4:	4798      	blx	r3
    byte_input_set_result_callback(
        ble_beacon->byte_input,
        ble_beacon_app_scene_add_type_byte_input_callback,
        NULL,
        context,
        ble_beacon->beacon_config.address,
  d6:	f104 0323 	add.w	r3, r4, #35	@ 0x23
    byte_input_set_result_callback(
  da:	2206      	movs	r2, #6
  dc:	9201      	str	r2, [sp, #4]
  de:	9300      	str	r3, [sp, #0]
  e0:	4623      	mov	r3, r4
  e2:	2200      	movs	r2, #0
  e4:	4906      	ldr	r1, [pc, #24]	@ (100 <ble_beacon_app_scene_input_mac_addr_on_enter+0x38>)
  e6:	6920      	ldr	r0, [r4, #16]
  e8:	4d06      	ldr	r5, [pc, #24]	@ (104 <ble_beacon_app_scene_input_mac_addr_on_enter+0x3c>)
  ea:	47a8      	blx	r5
        sizeof(ble_beacon->beacon_config.address));

    view_dispatcher_switch_to_view(ble_beacon->view_dispatcher, BleBeaconAppViewByteInput);
  ec:	2101      	movs	r1, #1
  ee:	68a0      	ldr	r0, [r4, #8]
  f0:	4b05      	ldr	r3, [pc, #20]	@ (108 <ble_beacon_app_scene_input_mac_addr_on_enter+0x40>)
  f2:	4798      	blx	r3
}
  f4:	b003      	add	sp, #12
  f6:	bd30      	pop	{r4, r5, pc}
  f8:	00000014 	.word	0x00000014
	...

0000010c <ble_beacon_app_scene_input_mac_addr_on_event>:

bool ble_beacon_app_scene_input_mac_addr_on_event(void* context, SceneManagerEvent event) {
 10c:	b510      	push	{r4, lr}
 10e:	b082      	sub	sp, #8
 110:	ab02      	add	r3, sp, #8
 112:	e903 0006 	stmdb	r3, {r1, r2}
    BleBeaconApp* ble_beacon = context;
    SceneManager* scene_manager = ble_beacon->scene_manager;
 116:	6844      	ldr	r4, [r0, #4]

    if(event.type == SceneManagerEventTypeCustom) {
 118:	f89d 3000 	ldrb.w	r3, [sp]
 11c:	b953      	cbnz	r3, 134 <ble_beacon_app_scene_input_mac_addr_on_event+0x28>
        if(event.event == BleBeaconAppCustomEventDataEditResult) {
 11e:	2a64      	cmp	r2, #100	@ 0x64
 120:	d001      	beq.n	126 <ble_beacon_app_scene_input_mac_addr_on_event+0x1a>
            scene_manager_previous_scene(scene_manager);
            return true;
        }
    }

    return false;
 122:	2000      	movs	r0, #0
 124:	e007      	b.n	136 <ble_beacon_app_scene_input_mac_addr_on_event+0x2a>
            ble_beacon_app_update_state(ble_beacon);
 126:	4b05      	ldr	r3, [pc, #20]	@ (13c <ble_beacon_app_scene_input_mac_addr_on_event+0x30>)
 128:	4798      	blx	r3
            scene_manager_previous_scene(scene_manager);
 12a:	4620      	mov	r0, r4
 12c:	4b04      	ldr	r3, [pc, #16]	@ (140 <ble_beacon_app_scene_input_mac_addr_on_event+0x34>)
 12e:	4798      	blx	r3
            return true;
 130:	2001      	movs	r0, #1
 132:	e000      	b.n	136 <ble_beacon_app_scene_input_mac_addr_on_event+0x2a>
    return false;
 134:	2000      	movs	r0, #0
}
 136:	b002      	add	sp, #8
 138:	bd10      	pop	{r4, pc}
 13a:	bf00      	nop
	...

00000144 <ble_beacon_app_scene_input_mac_addr_on_exit>:

void ble_beacon_app_scene_input_mac_addr_on_exit(void* context) {
 144:	b570      	push	{r4, r5, r6, lr}
 146:	b082      	sub	sp, #8
 148:	4605      	mov	r5, r0
    BleBeaconApp* ble_beacon = context;

    byte_input_set_result_callback(ble_beacon->byte_input, NULL, NULL, NULL, NULL, 0);
 14a:	2400      	movs	r4, #0
 14c:	9401      	str	r4, [sp, #4]
 14e:	9400      	str	r4, [sp, #0]
 150:	4623      	mov	r3, r4
 152:	4622      	mov	r2, r4
 154:	4621      	mov	r1, r4
 156:	6900      	ldr	r0, [r0, #16]
 158:	4e03      	ldr	r6, [pc, #12]	@ (168 <ble_beacon_app_scene_input_mac_addr_on_exit+0x24>)
 15a:	47b0      	blx	r6
    byte_input_set_header_text(ble_beacon->byte_input, NULL);
 15c:	4621      	mov	r1, r4
 15e:	6928      	ldr	r0, [r5, #16]
 160:	4b02      	ldr	r3, [pc, #8]	@ (16c <ble_beacon_app_scene_input_mac_addr_on_exit+0x28>)
 162:	4798      	blx	r3
}
 164:	b002      	add	sp, #8
 166:	bd70      	pop	{r4, r5, r6, pc}
	...

00000170 <ble_beacon_app_scene_menu_submenu_callback>:
enum SubmenuIndex {
    SubmenuIndexSetMac,
    SubmenuIndexSetData,
};

static void ble_beacon_app_scene_menu_submenu_callback(void* context, uint32_t index) {
 170:	b508      	push	{r3, lr}
    BleBeaconApp* ble_beacon = context;
    view_dispatcher_send_custom_event(ble_beacon->view_dispatcher, index);
 172:	6880      	ldr	r0, [r0, #8]
 174:	4b01      	ldr	r3, [pc, #4]	@ (17c <ble_beacon_app_scene_menu_submenu_callback+0xc>)
 176:	4798      	blx	r3
}
 178:	bd08      	pop	{r3, pc}
 17a:	bf00      	nop
 17c:	00000000 	.word	0x00000000

00000180 <ble_beacon_app_scene_menu_on_enter>:

void ble_beacon_app_scene_menu_on_enter(void* context) {
 180:	b5f0      	push	{r4, r5, r6, r7, lr}
 182:	b083      	sub	sp, #12
 184:	4604      	mov	r4, r0
    BleBeaconApp* ble_beacon = context;
    Submenu* submenu = ble_beacon->submenu;
 186:	68c6      	ldr	r6, [r0, #12]

    submenu_add_item(
 188:	4f09      	ldr	r7, [pc, #36]	@ (1b0 <ble_beacon_app_scene_menu_on_enter+0x30>)
 18a:	9000      	str	r0, [sp, #0]
 18c:	463b      	mov	r3, r7
 18e:	2200      	movs	r2, #0
 190:	4908      	ldr	r1, [pc, #32]	@ (1b4 <ble_beacon_app_scene_menu_on_enter+0x34>)
 192:	4630      	mov	r0, r6
 194:	4d08      	ldr	r5, [pc, #32]	@ (1b8 <ble_beacon_app_scene_menu_on_enter+0x38>)
 196:	47a8      	blx	r5
        submenu,
        "Set MAC",
        SubmenuIndexSetMac,
        ble_beacon_app_scene_menu_submenu_callback,
        ble_beacon);
    submenu_add_item(
 198:	9400      	str	r4, [sp, #0]
 19a:	463b      	mov	r3, r7
 19c:	2201      	movs	r2, #1
 19e:	4907      	ldr	r1, [pc, #28]	@ (1bc <ble_beacon_app_scene_menu_on_enter+0x3c>)
 1a0:	4630      	mov	r0, r6
 1a2:	47a8      	blx	r5
        "Set Data",
        SubmenuIndexSetData,
        ble_beacon_app_scene_menu_submenu_callback,
        ble_beacon);

    view_dispatcher_switch_to_view(ble_beacon->view_dispatcher, BleBeaconAppViewSubmenu);
 1a4:	2100      	movs	r1, #0
 1a6:	68a0      	ldr	r0, [r4, #8]
 1a8:	4b05      	ldr	r3, [pc, #20]	@ (1c0 <ble_beacon_app_scene_menu_on_enter+0x40>)
 1aa:	4798      	blx	r3
}
 1ac:	b003      	add	sp, #12
 1ae:	bdf0      	pop	{r4, r5, r6, r7, pc}
 1b0:	00000000 	.word	0x00000000
 1b4:	0000002c 	.word	0x0000002c
 1b8:	00000000 	.word	0x00000000
 1bc:	00000034 	.word	0x00000034
 1c0:	00000000 	.word	0x00000000

000001c4 <ble_beacon_app_scene_menu_on_event>:

bool ble_beacon_app_scene_menu_on_event(void* context, SceneManagerEvent event) {
 1c4:	b500      	push	{lr}
 1c6:	b083      	sub	sp, #12
 1c8:	ab02      	add	r3, sp, #8
 1ca:	e903 0006 	stmdb	r3, {r1, r2}
    BleBeaconApp* ble_beacon = context;
    SceneManager* scene_manager = ble_beacon->scene_manager;
 1ce:	6840      	ldr	r0, [r0, #4]

    bool consumed = false;

    if(event.type == SceneManagerEventTypeCustom) {
 1d0:	f89d 3000 	ldrb.w	r3, [sp]
 1d4:	b973      	cbnz	r3, 1f4 <ble_beacon_app_scene_menu_on_event+0x30>
        const uint32_t submenu_index = event.event;
        if(submenu_index == SubmenuIndexSetMac) {
 1d6:	b11a      	cbz	r2, 1e0 <ble_beacon_app_scene_menu_on_event+0x1c>
            scene_manager_next_scene(scene_manager, BleBeaconAppSceneInputMacAddress);
            consumed = true;
        } else if(submenu_index == SubmenuIndexSetData) {
 1d8:	2a01      	cmp	r2, #1
 1da:	d006      	beq.n	1ea <ble_beacon_app_scene_menu_on_event+0x26>
    bool consumed = false;
 1dc:	2000      	movs	r0, #0
 1de:	e00a      	b.n	1f6 <ble_beacon_app_scene_menu_on_event+0x32>
            scene_manager_next_scene(scene_manager, BleBeaconAppSceneInputMacAddress);
 1e0:	2101      	movs	r1, #1
 1e2:	4b06      	ldr	r3, [pc, #24]	@ (1fc <ble_beacon_app_scene_menu_on_event+0x38>)
 1e4:	4798      	blx	r3
            consumed = true;
 1e6:	2001      	movs	r0, #1
 1e8:	e005      	b.n	1f6 <ble_beacon_app_scene_menu_on_event+0x32>
            scene_manager_next_scene(scene_manager, BleBeaconAppSceneInputBeaconData);
 1ea:	2102      	movs	r1, #2
 1ec:	4b03      	ldr	r3, [pc, #12]	@ (1fc <ble_beacon_app_scene_menu_on_event+0x38>)
 1ee:	4798      	blx	r3
            consumed = true;
 1f0:	2001      	movs	r0, #1
 1f2:	e000      	b.n	1f6 <ble_beacon_app_scene_menu_on_event+0x32>
    bool consumed = false;
 1f4:	2000      	movs	r0, #0
        }
    }

    return consumed;
}
 1f6:	b003      	add	sp, #12
 1f8:	f85d fb04 	ldr.w	pc, [sp], #4
 1fc:	00000000 	.word	0x00000000

00000200 <ble_beacon_app_scene_menu_on_exit>:

void ble_beacon_app_scene_menu_on_exit(void* context) {
 200:	b508      	push	{r3, lr}
    BleBeaconApp* ble_beacon = context;
    submenu_reset(ble_beacon->submenu);
 202:	68c0      	ldr	r0, [r0, #12]
 204:	4b01      	ldr	r3, [pc, #4]	@ (20c <ble_beacon_app_scene_menu_on_exit+0xc>)
 206:	4798      	blx	r3
}
 208:	bd08      	pop	{r3, pc}
 20a:	bf00      	nop
 20c:	00000000 	.word	0x00000000

00000210 <update_status_text>:
    BleBeaconApp* ble_beacon = context;

    view_dispatcher_send_custom_event(ble_beacon->view_dispatcher, result);
}

static void update_status_text(BleBeaconApp* ble_beacon) {
 210:	b5f0      	push	{r4, r5, r6, r7, lr}
 212:	b083      	sub	sp, #12
 214:	4606      	mov	r6, r0
    DialogEx* dialog_ex = ble_beacon->dialog_ex;
 216:	6947      	ldr	r7, [r0, #20]

    dialog_ex_set_header(dialog_ex, "BLE Beacon Demo", 64, 0, AlignCenter, AlignTop);
 218:	2302      	movs	r3, #2
 21a:	9301      	str	r3, [sp, #4]
 21c:	2304      	movs	r3, #4
 21e:	9300      	str	r3, [sp, #0]
 220:	2300      	movs	r3, #0
 222:	2240      	movs	r2, #64	@ 0x40
 224:	492c      	ldr	r1, [pc, #176]	@ (2d8 <update_status_text+0xc8>)
 226:	4638      	mov	r0, r7
 228:	4c2c      	ldr	r4, [pc, #176]	@ (2dc <update_status_text+0xcc>)
 22a:	47a0      	blx	r4

    FuriString* status = ble_beacon->status_string;
 22c:	69b5      	ldr	r5, [r6, #24]

    furi_string_reset(status);
 22e:	4628      	mov	r0, r5
 230:	4b2b      	ldr	r3, [pc, #172]	@ (2e0 <update_status_text+0xd0>)
 232:	4798      	blx	r3

    furi_string_cat_str(status, "Status: ");
 234:	492b      	ldr	r1, [pc, #172]	@ (2e4 <update_status_text+0xd4>)
 236:	4628      	mov	r0, r5
 238:	4b2b      	ldr	r3, [pc, #172]	@ (2e8 <update_status_text+0xd8>)
 23a:	4798      	blx	r3
    if(ble_beacon->is_beacon_active) {
 23c:	f896 304a 	ldrb.w	r3, [r6, #74]	@ 0x4a
 240:	b12b      	cbz	r3, 24e <update_status_text+0x3e>
        furi_string_cat_str(status, "Running\n");
 242:	492a      	ldr	r1, [pc, #168]	@ (2ec <update_status_text+0xdc>)
 244:	4628      	mov	r0, r5
 246:	4b28      	ldr	r3, [pc, #160]	@ (2e8 <update_status_text+0xd8>)
 248:	4798      	blx	r3
static void update_status_text(BleBeaconApp* ble_beacon) {
 24a:	2405      	movs	r4, #5
 24c:	e005      	b.n	25a <update_status_text+0x4a>
    } else {
        furi_string_cat_str(status, "Stopped\n");
 24e:	4928      	ldr	r1, [pc, #160]	@ (2f0 <update_status_text+0xe0>)
 250:	4628      	mov	r0, r5
 252:	4b25      	ldr	r3, [pc, #148]	@ (2e8 <update_status_text+0xd8>)
 254:	4798      	blx	r3
 256:	e7f8      	b.n	24a <update_status_text+0x3a>
    }

    // Output MAC in reverse order
    for(int i = sizeof(ble_beacon->beacon_config.address) - 1; i >= 0; i--) {
 258:	3c01      	subs	r4, #1
 25a:	2c00      	cmp	r4, #0
 25c:	db0d      	blt.n	27a <update_status_text+0x6a>
        furi_string_cat_printf(status, "%02X", ble_beacon->beacon_config.address[i]);
 25e:	1933      	adds	r3, r6, r4
 260:	f893 2023 	ldrb.w	r2, [r3, #35]	@ 0x23
 264:	4923      	ldr	r1, [pc, #140]	@ (2f4 <update_status_text+0xe4>)
 266:	4628      	mov	r0, r5
 268:	4b23      	ldr	r3, [pc, #140]	@ (2f8 <update_status_text+0xe8>)
 26a:	4798      	blx	r3
        if(i > 0) {
 26c:	2c00      	cmp	r4, #0
 26e:	ddf3      	ble.n	258 <update_status_text+0x48>
            furi_string_cat_str(status, ":");
 270:	4922      	ldr	r1, [pc, #136]	@ (2fc <update_status_text+0xec>)
 272:	4628      	mov	r0, r5
 274:	4b1c      	ldr	r3, [pc, #112]	@ (2e8 <update_status_text+0xd8>)
 276:	4798      	blx	r3
 278:	e7ee      	b.n	258 <update_status_text+0x48>
        }
    }

    furi_string_cat_printf(status, "\nData length: %d", ble_beacon->beacon_data_len);
 27a:	f896 2049 	ldrb.w	r2, [r6, #73]	@ 0x49
 27e:	4920      	ldr	r1, [pc, #128]	@ (300 <update_status_text+0xf0>)
 280:	4628      	mov	r0, r5
 282:	4b1d      	ldr	r3, [pc, #116]	@ (2f8 <update_status_text+0xe8>)
 284:	4798      	blx	r3

    dialog_ex_set_text(dialog_ex, furi_string_get_cstr(status), 0, 29, AlignLeft, AlignCenter);
 286:	4628      	mov	r0, r5
 288:	4b1e      	ldr	r3, [pc, #120]	@ (304 <update_status_text+0xf4>)
 28a:	4798      	blx	r3
 28c:	4601      	mov	r1, r0
 28e:	2304      	movs	r3, #4
 290:	9301      	str	r3, [sp, #4]
 292:	2200      	movs	r2, #0
 294:	9200      	str	r2, [sp, #0]
 296:	231d      	movs	r3, #29
 298:	4638      	mov	r0, r7
 29a:	4c1b      	ldr	r4, [pc, #108]	@ (308 <update_status_text+0xf8>)
 29c:	47a0      	blx	r4

    dialog_ex_set_icon(dialog_ex, 93, 20, &I_lighthouse_35x44);
 29e:	4b1b      	ldr	r3, [pc, #108]	@ (30c <update_status_text+0xfc>)
 2a0:	2214      	movs	r2, #20
 2a2:	215d      	movs	r1, #93	@ 0x5d
 2a4:	4638      	mov	r0, r7
 2a6:	4c1a      	ldr	r4, [pc, #104]	@ (310 <update_status_text+0x100>)
 2a8:	47a0      	blx	r4

    dialog_ex_set_left_button_text(dialog_ex, "Config");
 2aa:	491a      	ldr	r1, [pc, #104]	@ (314 <update_status_text+0x104>)
 2ac:	4638      	mov	r0, r7
 2ae:	4b1a      	ldr	r3, [pc, #104]	@ (318 <update_status_text+0x108>)
 2b0:	4798      	blx	r3

    dialog_ex_set_center_button_text(dialog_ex, ble_beacon->is_beacon_active ? "Stop" : "Start");
 2b2:	f896 304a 	ldrb.w	r3, [r6, #74]	@ 0x4a
 2b6:	b16b      	cbz	r3, 2d4 <update_status_text+0xc4>
 2b8:	4918      	ldr	r1, [pc, #96]	@ (31c <update_status_text+0x10c>)
 2ba:	4638      	mov	r0, r7
 2bc:	4b18      	ldr	r3, [pc, #96]	@ (320 <update_status_text+0x110>)
 2be:	4798      	blx	r3

    dialog_ex_set_result_callback(
 2c0:	4918      	ldr	r1, [pc, #96]	@ (324 <update_status_text+0x114>)
 2c2:	4638      	mov	r0, r7
 2c4:	4b18      	ldr	r3, [pc, #96]	@ (328 <update_status_text+0x118>)
 2c6:	4798      	blx	r3
        dialog_ex, ble_beacon_app_scene_run_beacon_confirm_dialog_callback);
    dialog_ex_set_context(dialog_ex, ble_beacon);
 2c8:	4631      	mov	r1, r6
 2ca:	4638      	mov	r0, r7
 2cc:	4b17      	ldr	r3, [pc, #92]	@ (32c <update_status_text+0x11c>)
 2ce:	4798      	blx	r3
}
 2d0:	b003      	add	sp, #12
 2d2:	bdf0      	pop	{r4, r5, r6, r7, pc}
    dialog_ex_set_center_button_text(dialog_ex, ble_beacon->is_beacon_active ? "Stop" : "Start");
 2d4:	4916      	ldr	r1, [pc, #88]	@ (330 <update_status_text+0x120>)
 2d6:	e7f0      	b.n	2ba <update_status_text+0xaa>
 2d8:	00000050 	.word	0x00000050
	...
 2e4:	00000060 	.word	0x00000060
 2e8:	00000000 	.word	0x00000000
 2ec:	0000006c 	.word	0x0000006c
 2f0:	00000078 	.word	0x00000078
 2f4:	00000084 	.word	0x00000084
 2f8:	00000000 	.word	0x00000000
 2fc:	0000008c 	.word	0x0000008c
 300:	00000090 	.word	0x00000090
	...
 314:	000000a4 	.word	0x000000a4
 318:	00000000 	.word	0x00000000
 31c:	00000040 	.word	0x00000040
	...
 330:	00000048 	.word	0x00000048

00000334 <ble_beacon_app_scene_run_beacon_confirm_dialog_callback>:
    ble_beacon_app_scene_run_beacon_confirm_dialog_callback(DialogExResult result, void* context) {
 334:	b508      	push	{r3, lr}
 336:	460b      	mov	r3, r1
    view_dispatcher_send_custom_event(ble_beacon->view_dispatcher, result);
 338:	4601      	mov	r1, r0
 33a:	6898      	ldr	r0, [r3, #8]
 33c:	4b01      	ldr	r3, [pc, #4]	@ (344 <ble_beacon_app_scene_run_beacon_confirm_dialog_callback+0x10>)
 33e:	4798      	blx	r3
}
 340:	bd08      	pop	{r3, pc}
 342:	bf00      	nop
 344:	00000000 	.word	0x00000000

00000348 <ble_beacon_app_scene_run_beacon_on_enter>:

void ble_beacon_app_scene_run_beacon_on_enter(void* context) {
 348:	b510      	push	{r4, lr}
 34a:	4604      	mov	r4, r0
    BleBeaconApp* ble_beacon = context;

    update_status_text(ble_beacon);
 34c:	4b03      	ldr	r3, [pc, #12]	@ (35c <ble_beacon_app_scene_run_beacon_on_enter+0x14>)
 34e:	4798      	blx	r3

    view_dispatcher_switch_to_view(ble_beacon->view_dispatcher, BleBeaconAppViewDialog);
 350:	2102      	movs	r1, #2
 352:	68a0      	ldr	r0, [r4, #8]
 354:	4b02      	ldr	r3, [pc, #8]	@ (360 <ble_beacon_app_scene_run_beacon_on_enter+0x18>)
 356:	4798      	blx	r3
}
 358:	bd10      	pop	{r4, pc}
 35a:	bf00      	nop
	...

00000364 <ble_beacon_app_scene_run_beacon_on_event>:

bool ble_beacon_app_scene_run_beacon_on_event(void* context, SceneManagerEvent event) {
 364:	b510      	push	{r4, lr}
 366:	b082      	sub	sp, #8
 368:	4604      	mov	r4, r0
 36a:	ab02      	add	r3, sp, #8
 36c:	e903 0006 	stmdb	r3, {r1, r2}
    BleBeaconApp* ble_beacon = context;
    SceneManager* scene_manager = ble_beacon->scene_manager;
 370:	6840      	ldr	r0, [r0, #4]

    if(event.type == SceneManagerEventTypeCustom) {
 372:	f89d 3000 	ldrb.w	r3, [sp]
 376:	b9bb      	cbnz	r3, 3a8 <ble_beacon_app_scene_run_beacon_on_event+0x44>
        if(event.event == DialogExResultLeft) {
 378:	b11a      	cbz	r2, 382 <ble_beacon_app_scene_run_beacon_on_event+0x1e>
            scene_manager_next_scene(scene_manager, BleBeaconAppSceneMenu);
            return true;
        } else if(event.event == DialogExResultCenter) {
 37a:	2a01      	cmp	r2, #1
 37c:	d006      	beq.n	38c <ble_beacon_app_scene_run_beacon_on_event+0x28>
            ble_beacon_app_update_state(ble_beacon);
            update_status_text(ble_beacon);
            return true;
        }
    }
    return false;
 37e:	2000      	movs	r0, #0
 380:	e013      	b.n	3aa <ble_beacon_app_scene_run_beacon_on_event+0x46>
            scene_manager_next_scene(scene_manager, BleBeaconAppSceneMenu);
 382:	2100      	movs	r1, #0
 384:	4b0a      	ldr	r3, [pc, #40]	@ (3b0 <ble_beacon_app_scene_run_beacon_on_event+0x4c>)
 386:	4798      	blx	r3
            return true;
 388:	2001      	movs	r0, #1
 38a:	e00e      	b.n	3aa <ble_beacon_app_scene_run_beacon_on_event+0x46>
            ble_beacon->is_beacon_active = !ble_beacon->is_beacon_active;
 38c:	f894 304a 	ldrb.w	r3, [r4, #74]	@ 0x4a
 390:	f083 0301 	eor.w	r3, r3, #1
 394:	f884 304a 	strb.w	r3, [r4, #74]	@ 0x4a
            ble_beacon_app_update_state(ble_beacon);
 398:	4620      	mov	r0, r4
 39a:	4b06      	ldr	r3, [pc, #24]	@ (3b4 <ble_beacon_app_scene_run_beacon_on_event+0x50>)
 39c:	4798      	blx	r3
            update_status_text(ble_beacon);
 39e:	4620      	mov	r0, r4
 3a0:	4b05      	ldr	r3, [pc, #20]	@ (3b8 <ble_beacon_app_scene_run_beacon_on_event+0x54>)
 3a2:	4798      	blx	r3
            return true;
 3a4:	2001      	movs	r0, #1
 3a6:	e000      	b.n	3aa <ble_beacon_app_scene_run_beacon_on_event+0x46>
    return false;
 3a8:	2000      	movs	r0, #0
}
 3aa:	b002      	add	sp, #8
 3ac:	bd10      	pop	{r4, pc}
 3ae:	bf00      	nop
	...

000003bc <ble_beacon_app_scene_run_beacon_on_exit>:

void ble_beacon_app_scene_run_beacon_on_exit(void* context) {
    BleBeaconApp* ble_beacon = context;
    UNUSED(ble_beacon);
}
 3bc:	4770      	bx	lr
	...

000003c0 <ble_beacon_app_tick_event_callback>:
    furi_assert(context);
    BleBeaconApp* app = context;
    return scene_manager_handle_back_event(app->scene_manager);
}

static void ble_beacon_app_tick_event_callback(void* context) {
 3c0:	b508      	push	{r3, lr}
    furi_assert(context);
 3c2:	b118      	cbz	r0, 3cc <ble_beacon_app_tick_event_callback+0xc>
    BleBeaconApp* app = context;
    scene_manager_handle_tick_event(app->scene_manager);
 3c4:	6840      	ldr	r0, [r0, #4]
 3c6:	4b03      	ldr	r3, [pc, #12]	@ (3d4 <sukima38+0x4>)
 3c8:	4798      	blx	r3
}
 3ca:	bd08      	pop	{r3, pc}
    furi_assert(context);
 3cc:	f04f 0c01 	mov.w	ip, #1

000003d0 <sukima38>:
 3d0:	4b01      	ldr	r3, [pc, #4]	@ (3d8 <sukima38+0x8>)
 3d2:	4798      	blx	r3
	...

000003dc <ble_beacon_app_back_event_callback>:
static bool ble_beacon_app_back_event_callback(void* context) {
 3dc:	b508      	push	{r3, lr}
    furi_assert(context);
 3de:	b118      	cbz	r0, 3e8 <ble_beacon_app_back_event_callback+0xc>
    return scene_manager_handle_back_event(app->scene_manager);
 3e0:	6840      	ldr	r0, [r0, #4]
 3e2:	4b03      	ldr	r3, [pc, #12]	@ (3f0 <sukima91+0x4>)
 3e4:	4798      	blx	r3
}
 3e6:	bd08      	pop	{r3, pc}
    furi_assert(context);
 3e8:	f04f 0c01 	mov.w	ip, #1

000003ec <sukima91>:
 3ec:	4b01      	ldr	r3, [pc, #4]	@ (3f4 <sukima91+0x8>)
 3ee:	4798      	blx	r3
	...

000003f8 <ble_beacon_app_custom_event_callback>:
static bool ble_beacon_app_custom_event_callback(void* context, uint32_t event) {
 3f8:	b508      	push	{r3, lr}
    furi_assert(context);
 3fa:	b118      	cbz	r0, 404 <ble_beacon_app_custom_event_callback+0xc>
    return scene_manager_handle_custom_event(app->scene_manager, event);
 3fc:	6840      	ldr	r0, [r0, #4]
 3fe:	4b03      	ldr	r3, [pc, #12]	@ (40c <sukima147+0x4>)
 400:	4798      	blx	r3
}
 402:	bd08      	pop	{r3, pc}
    furi_assert(context);
 404:	f04f 0c01 	mov.w	ip, #1

00000408 <sukima147>:
 408:	4b01      	ldr	r3, [pc, #4]	@ (410 <sukima147+0x8>)
 40a:	4798      	blx	r3
	...

00000414 <ble_beacon_app_restore_beacon_state>:

static void ble_beacon_app_restore_beacon_state(BleBeaconApp* app) {
 414:	b570      	push	{r4, r5, r6, lr}
 416:	4604      	mov	r4, r0
    // Restore beacon data from service
    GapExtraBeaconConfig* local_config = &app->beacon_config;
 418:	f100 051c 	add.w	r5, r0, #28
    const GapExtraBeaconConfig* config = furi_hal_bt_extra_beacon_get_config();
 41c:	4b1f      	ldr	r3, [pc, #124]	@ (49c <sukima271+0x6>)
 41e:	4798      	blx	r3
    if(config) {
 420:	b198      	cbz	r0, 44a <ble_beacon_app_restore_beacon_state+0x36>
 422:	4603      	mov	r3, r0
        // We have a config, copy it
        memcpy(local_config, config, sizeof(app->beacon_config));
 424:	6800      	ldr	r0, [r0, #0]
 426:	6859      	ldr	r1, [r3, #4]
 428:	689a      	ldr	r2, [r3, #8]
 42a:	61e0      	str	r0, [r4, #28]
 42c:	6069      	str	r1, [r5, #4]
 42e:	60aa      	str	r2, [r5, #8]
 430:	899b      	ldrh	r3, [r3, #12]
 432:	81ab      	strh	r3, [r5, #12]

        furi_check(furi_hal_bt_extra_beacon_set_config(local_config));
    }

    // Get beacon state
    app->is_beacon_active = furi_hal_bt_extra_beacon_is_active();
 434:	4b1a      	ldr	r3, [pc, #104]	@ (4a0 <sukima271+0xa>)
 436:	4798      	blx	r3
 438:	f884 004a 	strb.w	r0, [r4, #74]	@ 0x4a

    // Restore last beacon data
    app->beacon_data_len = furi_hal_bt_extra_beacon_get_data(app->beacon_data);
 43c:	f104 002a 	add.w	r0, r4, #42	@ 0x2a
 440:	4b18      	ldr	r3, [pc, #96]	@ (4a4 <sukima271+0xe>)
 442:	4798      	blx	r3
 444:	f884 0049 	strb.w	r0, [r4, #73]	@ 0x49
}
 448:	bd70      	pop	{r4, r5, r6, pc}
        local_config->min_adv_interval_ms = 50;
 44a:	2332      	movs	r3, #50	@ 0x32
 44c:	83a3      	strh	r3, [r4, #28]
        local_config->max_adv_interval_ms = 150;
 44e:	2396      	movs	r3, #150	@ 0x96
 450:	83e3      	strh	r3, [r4, #30]
        local_config->adv_channel_map = GapAdvChannelMapAll;
 452:	2307      	movs	r3, #7
 454:	f884 3020 	strb.w	r3, [r4, #32]
        local_config->adv_power_level = GapAdvPowerLevel_0dBm;
 458:	2319      	movs	r3, #25
 45a:	f884 3021 	strb.w	r3, [r4, #33]	@ 0x21
        local_config->address_type = GapAddressTypePublic;
 45e:	2300      	movs	r3, #0
 460:	f884 3022 	strb.w	r3, [r4, #34]	@ 0x22
            local_config->address, furi_hal_version_get_ble_mac(), sizeof(local_config->address));
 464:	4b10      	ldr	r3, [pc, #64]	@ (4a8 <sukima271+0x12>)
 466:	4798      	blx	r3
        memcpy(
 468:	6803      	ldr	r3, [r0, #0]
 46a:	f8c4 3023 	str.w	r3, [r4, #35]	@ 0x23
 46e:	8883      	ldrh	r3, [r0, #4]
 470:	f8a4 3027 	strh.w	r3, [r4, #39]	@ 0x27
        local_config->address[0] ^= 0xFF;
 474:	f894 3023 	ldrb.w	r3, [r4, #35]	@ 0x23
 478:	43db      	mvns	r3, r3
 47a:	f884 3023 	strb.w	r3, [r4, #35]	@ 0x23
        local_config->address[3] ^= 0xFF;
 47e:	f894 3026 	ldrb.w	r3, [r4, #38]	@ 0x26
 482:	43db      	mvns	r3, r3
 484:	f884 3026 	strb.w	r3, [r4, #38]	@ 0x26
        furi_check(furi_hal_bt_extra_beacon_set_config(local_config));
 488:	4628      	mov	r0, r5
 48a:	4b08      	ldr	r3, [pc, #32]	@ (4ac <sukima271+0x16>)
 48c:	4798      	blx	r3
 48e:	2800      	cmp	r0, #0
 490:	d1d0      	bne.n	434 <ble_beacon_app_restore_beacon_state+0x20>
 492:	f04f 0c02 	mov.w	ip, #2

00000496 <sukima271>:
 496:	4b06      	ldr	r3, [pc, #24]	@ (4b0 <sukima271+0x1a>)
 498:	4798      	blx	r3
 49a:	bf00      	nop
	...

000004b4 <ble_beacon_app_alloc>:

static BleBeaconApp* ble_beacon_app_alloc(void) {
 4b4:	b570      	push	{r4, r5, r6, lr}
    BleBeaconApp* app = malloc(sizeof(BleBeaconApp));
 4b6:	204c      	movs	r0, #76	@ 0x4c
 4b8:	4b25      	ldr	r3, [pc, #148]	@ (550 <ble_beacon_app_alloc+0x9c>)
 4ba:	4798      	blx	r3
 4bc:	4604      	mov	r4, r0

    app->gui = furi_record_open(RECORD_GUI);
 4be:	4825      	ldr	r0, [pc, #148]	@ (554 <ble_beacon_app_alloc+0xa0>)
 4c0:	4b25      	ldr	r3, [pc, #148]	@ (558 <ble_beacon_app_alloc+0xa4>)
 4c2:	4798      	blx	r3
 4c4:	6020      	str	r0, [r4, #0]

    app->scene_manager = scene_manager_alloc(&ble_beacon_app_scene_handlers, app);
 4c6:	4621      	mov	r1, r4
 4c8:	4824      	ldr	r0, [pc, #144]	@ (55c <ble_beacon_app_alloc+0xa8>)
 4ca:	4b25      	ldr	r3, [pc, #148]	@ (560 <ble_beacon_app_alloc+0xac>)
 4cc:	4798      	blx	r3
 4ce:	6060      	str	r0, [r4, #4]
    app->view_dispatcher = view_dispatcher_alloc();
 4d0:	4b24      	ldr	r3, [pc, #144]	@ (564 <ble_beacon_app_alloc+0xb0>)
 4d2:	4798      	blx	r3
 4d4:	60a0      	str	r0, [r4, #8]

    app->status_string = furi_string_alloc();
 4d6:	4b24      	ldr	r3, [pc, #144]	@ (568 <ble_beacon_app_alloc+0xb4>)
 4d8:	4798      	blx	r3
 4da:	61a0      	str	r0, [r4, #24]

    view_dispatcher_set_event_callback_context(app->view_dispatcher, app);
 4dc:	4621      	mov	r1, r4
 4de:	68a0      	ldr	r0, [r4, #8]
 4e0:	4b22      	ldr	r3, [pc, #136]	@ (56c <ble_beacon_app_alloc+0xb8>)
 4e2:	4798      	blx	r3
    view_dispatcher_set_custom_event_callback(
 4e4:	4922      	ldr	r1, [pc, #136]	@ (570 <ble_beacon_app_alloc+0xbc>)
 4e6:	68a0      	ldr	r0, [r4, #8]
 4e8:	4b22      	ldr	r3, [pc, #136]	@ (574 <ble_beacon_app_alloc+0xc0>)
 4ea:	4798      	blx	r3
        app->view_dispatcher, ble_beacon_app_custom_event_callback);
    view_dispatcher_set_navigation_event_callback(
 4ec:	4922      	ldr	r1, [pc, #136]	@ (578 <ble_beacon_app_alloc+0xc4>)
 4ee:	68a0      	ldr	r0, [r4, #8]
 4f0:	4b22      	ldr	r3, [pc, #136]	@ (57c <ble_beacon_app_alloc+0xc8>)
 4f2:	4798      	blx	r3
        app->view_dispatcher, ble_beacon_app_back_event_callback);
    view_dispatcher_set_tick_event_callback(
 4f4:	2264      	movs	r2, #100	@ 0x64
 4f6:	4922      	ldr	r1, [pc, #136]	@ (580 <ble_beacon_app_alloc+0xcc>)
 4f8:	68a0      	ldr	r0, [r4, #8]
 4fa:	4b22      	ldr	r3, [pc, #136]	@ (584 <ble_beacon_app_alloc+0xd0>)
 4fc:	4798      	blx	r3
        app->view_dispatcher, ble_beacon_app_tick_event_callback, 100);
    view_dispatcher_attach_to_gui(app->view_dispatcher, app->gui, ViewDispatcherTypeFullscreen);
 4fe:	2202      	movs	r2, #2
 500:	6821      	ldr	r1, [r4, #0]
 502:	68a0      	ldr	r0, [r4, #8]
 504:	4b20      	ldr	r3, [pc, #128]	@ (588 <ble_beacon_app_alloc+0xd4>)
 506:	4798      	blx	r3

    app->submenu = submenu_alloc();
 508:	4b20      	ldr	r3, [pc, #128]	@ (58c <ble_beacon_app_alloc+0xd8>)
 50a:	4798      	blx	r3
 50c:	60e0      	str	r0, [r4, #12]
    view_dispatcher_add_view(
 50e:	68a5      	ldr	r5, [r4, #8]
 510:	4b1f      	ldr	r3, [pc, #124]	@ (590 <ble_beacon_app_alloc+0xdc>)
 512:	4798      	blx	r3
 514:	4602      	mov	r2, r0
 516:	2100      	movs	r1, #0
 518:	4628      	mov	r0, r5
 51a:	4d1e      	ldr	r5, [pc, #120]	@ (594 <ble_beacon_app_alloc+0xe0>)
 51c:	47a8      	blx	r5
        app->view_dispatcher, BleBeaconAppViewSubmenu, submenu_get_view(app->submenu));

    app->dialog_ex = dialog_ex_alloc();
 51e:	4b1e      	ldr	r3, [pc, #120]	@ (598 <ble_beacon_app_alloc+0xe4>)
 520:	4798      	blx	r3
 522:	6160      	str	r0, [r4, #20]
    view_dispatcher_add_view(
 524:	68a6      	ldr	r6, [r4, #8]
 526:	4b1d      	ldr	r3, [pc, #116]	@ (59c <ble_beacon_app_alloc+0xe8>)
 528:	4798      	blx	r3
 52a:	4602      	mov	r2, r0
 52c:	2102      	movs	r1, #2
 52e:	4630      	mov	r0, r6
 530:	47a8      	blx	r5
        app->view_dispatcher, BleBeaconAppViewDialog, dialog_ex_get_view(app->dialog_ex));

    app->byte_input = byte_input_alloc();
 532:	4b1b      	ldr	r3, [pc, #108]	@ (5a0 <ble_beacon_app_alloc+0xec>)
 534:	4798      	blx	r3
 536:	6120      	str	r0, [r4, #16]
    view_dispatcher_add_view(
 538:	68a6      	ldr	r6, [r4, #8]
 53a:	4b1a      	ldr	r3, [pc, #104]	@ (5a4 <ble_beacon_app_alloc+0xf0>)
 53c:	4798      	blx	r3
 53e:	4602      	mov	r2, r0
 540:	2101      	movs	r1, #1
 542:	4630      	mov	r0, r6
 544:	47a8      	blx	r5
        app->view_dispatcher, BleBeaconAppViewByteInput, byte_input_get_view(app->byte_input));

    ble_beacon_app_restore_beacon_state(app);
 546:	4620      	mov	r0, r4
 548:	4b17      	ldr	r3, [pc, #92]	@ (5a8 <ble_beacon_app_alloc+0xf4>)
 54a:	4798      	blx	r3

    return app;
}
 54c:	4620      	mov	r0, r4
 54e:	bd70      	pop	{r4, r5, r6, pc}
 550:	00000000 	.word	0x00000000
 554:	000000ec 	.word	0x000000ec
	...

000005ac <ble_beacon_app_free>:

static void ble_beacon_app_free(BleBeaconApp* app) {
 5ac:	b570      	push	{r4, r5, r6, lr}
 5ae:	4604      	mov	r4, r0
    view_dispatcher_remove_view(app->view_dispatcher, BleBeaconAppViewByteInput);
 5b0:	2101      	movs	r1, #1
 5b2:	6880      	ldr	r0, [r0, #8]
 5b4:	4d0f      	ldr	r5, [pc, #60]	@ (5f4 <ble_beacon_app_free+0x48>)
 5b6:	47a8      	blx	r5
    view_dispatcher_remove_view(app->view_dispatcher, BleBeaconAppViewSubmenu);
 5b8:	2100      	movs	r1, #0
 5ba:	68a0      	ldr	r0, [r4, #8]
 5bc:	47a8      	blx	r5
    view_dispatcher_remove_view(app->view_dispatcher, BleBeaconAppViewDialog);
 5be:	2102      	movs	r1, #2
 5c0:	68a0      	ldr	r0, [r4, #8]
 5c2:	47a8      	blx	r5

    free(app->byte_input);
 5c4:	6920      	ldr	r0, [r4, #16]
 5c6:	4d0c      	ldr	r5, [pc, #48]	@ (5f8 <ble_beacon_app_free+0x4c>)
 5c8:	47a8      	blx	r5
    free(app->submenu);
 5ca:	68e0      	ldr	r0, [r4, #12]
 5cc:	47a8      	blx	r5
    free(app->dialog_ex);
 5ce:	6960      	ldr	r0, [r4, #20]
 5d0:	47a8      	blx	r5

    free(app->scene_manager);
 5d2:	6860      	ldr	r0, [r4, #4]
 5d4:	47a8      	blx	r5
    free(app->view_dispatcher);
 5d6:	68a0      	ldr	r0, [r4, #8]
 5d8:	47a8      	blx	r5

    free(app->status_string);
 5da:	69a0      	ldr	r0, [r4, #24]
 5dc:	47a8      	blx	r5

    furi_record_close(RECORD_NOTIFICATION);
 5de:	4807      	ldr	r0, [pc, #28]	@ (5fc <ble_beacon_app_free+0x50>)
 5e0:	4e07      	ldr	r6, [pc, #28]	@ (600 <ble_beacon_app_free+0x54>)
 5e2:	47b0      	blx	r6
    furi_record_close(RECORD_GUI);
 5e4:	4807      	ldr	r0, [pc, #28]	@ (604 <ble_beacon_app_free+0x58>)
 5e6:	47b0      	blx	r6
    app->gui = NULL;
 5e8:	2300      	movs	r3, #0
 5ea:	6023      	str	r3, [r4, #0]

    free(app);
 5ec:	4620      	mov	r0, r4
 5ee:	47a8      	blx	r5
}
 5f0:	bd70      	pop	{r4, r5, r6, pc}
 5f2:	bf00      	nop
	...
 5fc:	000000f0 	.word	0x000000f0
 600:	00000000 	.word	0x00000000
 604:	000000ec 	.word	0x000000ec

00000608 <ble_beacon_app>:

int32_t ble_beacon_app(void* args) {
 608:	b510      	push	{r4, lr}
    UNUSED(args);

    BleBeaconApp* app = ble_beacon_app_alloc();
 60a:	4b07      	ldr	r3, [pc, #28]	@ (628 <ble_beacon_app+0x20>)
 60c:	4798      	blx	r3
 60e:	4604      	mov	r4, r0

    scene_manager_next_scene(app->scene_manager, BleBeaconAppSceneRunBeacon);
 610:	2103      	movs	r1, #3
 612:	6840      	ldr	r0, [r0, #4]
 614:	4b05      	ldr	r3, [pc, #20]	@ (62c <ble_beacon_app+0x24>)
 616:	4798      	blx	r3

    view_dispatcher_run(app->view_dispatcher);
 618:	68a0      	ldr	r0, [r4, #8]
 61a:	4b05      	ldr	r3, [pc, #20]	@ (630 <ble_beacon_app+0x28>)
 61c:	4798      	blx	r3

    ble_beacon_app_free(app);
 61e:	4620      	mov	r0, r4
 620:	4b04      	ldr	r3, [pc, #16]	@ (634 <ble_beacon_app+0x2c>)
 622:	4798      	blx	r3
    return 0;
}
 624:	2000      	movs	r0, #0
 626:	bd10      	pop	{r4, pc}
	...

00000638 <ble_beacon_app_update_state>:

void ble_beacon_app_update_state(BleBeaconApp* app) {
 638:	b538      	push	{r3, r4, r5, lr}
 63a:	4604      	mov	r4, r0
    furi_hal_bt_extra_beacon_stop();
 63c:	4b1a      	ldr	r3, [pc, #104]	@ (6a8 <sukima712+0x4>)
 63e:	4798      	blx	r3

    furi_check(furi_hal_bt_extra_beacon_set_config(&app->beacon_config));
 640:	f104 001c 	add.w	r0, r4, #28
 644:	4b19      	ldr	r3, [pc, #100]	@ (6ac <sukima712+0x8>)
 646:	4798      	blx	r3
 648:	b118      	cbz	r0, 652 <ble_beacon_app_update_state+0x1a>

    app->beacon_data_len = 0;
 64a:	2300      	movs	r3, #0
 64c:	f884 3049 	strb.w	r3, [r4, #73]	@ 0x49
    while((app->beacon_data[app->beacon_data_len] != 0) &&
 650:	e006      	b.n	660 <sukima625+0xa>
    furi_check(furi_hal_bt_extra_beacon_set_config(&app->beacon_config));
 652:	f04f 0c02 	mov.w	ip, #2

00000656 <sukima625>:
 656:	4b16      	ldr	r3, [pc, #88]	@ (6b0 <sukima712+0xc>)
 658:	4798      	blx	r3
          (app->beacon_data_len < sizeof(app->beacon_data))) {
        app->beacon_data_len++;
 65a:	3301      	adds	r3, #1
 65c:	f884 3049 	strb.w	r3, [r4, #73]	@ 0x49
    while((app->beacon_data[app->beacon_data_len] != 0) &&
 660:	f894 3049 	ldrb.w	r3, [r4, #73]	@ 0x49
 664:	18e2      	adds	r2, r4, r3
 666:	f892 202a 	ldrb.w	r2, [r2, #42]	@ 0x2a
 66a:	b10a      	cbz	r2, 670 <sukima625+0x1a>
 66c:	2b1e      	cmp	r3, #30
 66e:	d9f4      	bls.n	65a <sukima625+0x4>
    }

    FURI_LOG_I(TAG, "beacon_data_len: %d", app->beacon_data_len);
 670:	4a10      	ldr	r2, [pc, #64]	@ (6b4 <sukima712+0x10>)
 672:	4911      	ldr	r1, [pc, #68]	@ (6b8 <sukima712+0x14>)
 674:	2004      	movs	r0, #4
 676:	4d11      	ldr	r5, [pc, #68]	@ (6bc <sukima712+0x18>)
 678:	47a8      	blx	r5

    furi_check(furi_hal_bt_extra_beacon_set_data(app->beacon_data, app->beacon_data_len));
 67a:	f894 1049 	ldrb.w	r1, [r4, #73]	@ 0x49
 67e:	f104 002a 	add.w	r0, r4, #42	@ 0x2a
 682:	4b0f      	ldr	r3, [pc, #60]	@ (6c0 <sukima712+0x1c>)
 684:	4798      	blx	r3
 686:	b118      	cbz	r0, 690 <sukima625+0x3a>

    if(app->is_beacon_active) {
 688:	f894 304a 	ldrb.w	r3, [r4, #74]	@ 0x4a
 68c:	b923      	cbnz	r3, 698 <sukima691+0x4>
        furi_check(furi_hal_bt_extra_beacon_start());
    }
}
 68e:	bd38      	pop	{r3, r4, r5, pc}
    furi_check(furi_hal_bt_extra_beacon_set_data(app->beacon_data, app->beacon_data_len));
 690:	f04f 0c02 	mov.w	ip, #2

00000694 <sukima691>:
 694:	4b06      	ldr	r3, [pc, #24]	@ (6b0 <sukima712+0xc>)
 696:	4798      	blx	r3
        furi_check(furi_hal_bt_extra_beacon_start());
 698:	4b0a      	ldr	r3, [pc, #40]	@ (6c4 <sukima712+0x20>)
 69a:	4798      	blx	r3
 69c:	2800      	cmp	r0, #0
 69e:	d1f6      	bne.n	68e <sukima625+0x38>
 6a0:	f04f 0c02 	mov.w	ip, #2

000006a4 <sukima712>:
 6a4:	4b02      	ldr	r3, [pc, #8]	@ (6b0 <sukima712+0xc>)
 6a6:	4798      	blx	r3
	...
 6b4:	00000100 	.word	0x00000100
 6b8:	00000114 	.word	0x00000114
	...
