
build/f7-firmware-D/.extapps/example_event_loop_timer_d.elf:     file format elf32-littlearm


Disassembly of section .text:

00000000 <event_loop_timer_app_alloc>:
        // Decrement the countdown value
        app->countdown_value -= 1;
    }
}

static EventLoopTimerApp* event_loop_timer_app_alloc(void) {
   0:	b538      	push	{r3, r4, r5, lr}
    EventLoopTimerApp* app = malloc(sizeof(EventLoopTimerApp));
   2:	200c      	movs	r0, #12
   4:	4b07      	ldr	r3, [pc, #28]	@ (24 <event_loop_timer_app_alloc+0x24>)
   6:	4798      	blx	r3
   8:	4604      	mov	r4, r0

    // Create an event loop instance.
    app->event_loop = furi_event_loop_alloc();
   a:	4b07      	ldr	r3, [pc, #28]	@ (28 <event_loop_timer_app_alloc+0x28>)
   c:	4798      	blx	r3
   e:	6020      	str	r0, [r4, #0]
    // Create a software timer instance.
    // The timer is bound to the event loop instance and will execute in its context.
    // Here, the timer type is periodic, i.e. it will restart automatically after expiring.
    app->timer = furi_event_loop_timer_alloc(
  10:	4623      	mov	r3, r4
  12:	2201      	movs	r2, #1
  14:	4905      	ldr	r1, [pc, #20]	@ (2c <event_loop_timer_app_alloc+0x2c>)
  16:	4d06      	ldr	r5, [pc, #24]	@ (30 <event_loop_timer_app_alloc+0x30>)
  18:	47a8      	blx	r5
  1a:	6060      	str	r0, [r4, #4]
        app->event_loop, event_loop_timer_callback, FuriEventLoopTimerTypePeriodic, app);
    // The countdown value will be tracked in this variable.
    app->countdown_value = COUNTDOWN_START_VALUE;
  1c:	230a      	movs	r3, #10
  1e:	60a3      	str	r3, [r4, #8]

    return app;
}
  20:	4620      	mov	r0, r4
  22:	bd38      	pop	{r3, r4, r5, pc}
	...

00000034 <event_loop_timer_callback>:
static void event_loop_timer_callback(void* context) {
  34:	b538      	push	{r3, r4, r5, lr}
    furi_assert(context);
  36:	b158      	cbz	r0, 50 <event_loop_timer_callback+0x1c>
  38:	4604      	mov	r4, r0
    FURI_LOG_I(TAG, "T-00:00:%02lu", app->countdown_value);
  3a:	6883      	ldr	r3, [r0, #8]
  3c:	4a0a      	ldr	r2, [pc, #40]	@ (68 <sukima109+0x14>)
  3e:	490b      	ldr	r1, [pc, #44]	@ (6c <sukima109+0x18>)
  40:	2004      	movs	r0, #4
  42:	4d0b      	ldr	r5, [pc, #44]	@ (70 <sukima109+0x1c>)
  44:	47a8      	blx	r5
    if(app->countdown_value == 0) {
  46:	68a3      	ldr	r3, [r4, #8]
  48:	b133      	cbz	r3, 58 <sukima109+0x4>
        app->countdown_value -= 1;
  4a:	3b01      	subs	r3, #1
  4c:	60a3      	str	r3, [r4, #8]
}
  4e:	bd38      	pop	{r3, r4, r5, pc}
    furi_assert(context);
  50:	f04f 0c01 	mov.w	ip, #1

00000054 <sukima109>:
  54:	4b07      	ldr	r3, [pc, #28]	@ (74 <sukima109+0x20>)
  56:	4798      	blx	r3
        FURI_LOG_I(TAG, "Blast off to adventure!");
  58:	4a07      	ldr	r2, [pc, #28]	@ (78 <sukima109+0x24>)
  5a:	4904      	ldr	r1, [pc, #16]	@ (6c <sukima109+0x18>)
  5c:	2004      	movs	r0, #4
  5e:	47a8      	blx	r5
        furi_event_loop_stop(app->event_loop);
  60:	6820      	ldr	r0, [r4, #0]
  62:	4b06      	ldr	r3, [pc, #24]	@ (7c <sukima109+0x28>)
  64:	4798      	blx	r3
  66:	e7f2      	b.n	4e <event_loop_timer_callback+0x1a>
  68:	00000000 	.word	0x00000000
  6c:	00000010 	.word	0x00000010
	...
  78:	00000028 	.word	0x00000028
  7c:	00000000 	.word	0x00000000

00000080 <event_loop_timer_app_run>:
    // With all timers deleted, it's safe to delete the event loop.
    furi_event_loop_free(app->event_loop);
    free(app);
}

static void event_loop_timer_app_run(EventLoopTimerApp* app) {
  80:	b510      	push	{r4, lr}
  82:	4604      	mov	r4, r0
    FURI_LOG_I(TAG, "All systems go! Prepare for countdown!");
  84:	4a06      	ldr	r2, [pc, #24]	@ (a0 <event_loop_timer_app_run+0x20>)
  86:	4907      	ldr	r1, [pc, #28]	@ (a4 <event_loop_timer_app_run+0x24>)
  88:	2004      	movs	r0, #4
  8a:	4b07      	ldr	r3, [pc, #28]	@ (a8 <event_loop_timer_app_run+0x28>)
  8c:	4798      	blx	r3

    // Timers can be started either before the event loop is run, or in any
    // callback function called by a running event loop.
    furi_event_loop_timer_start(app->timer, COUNTDOWN_INTERVAL_MS);
  8e:	f44f 717a 	mov.w	r1, #1000	@ 0x3e8
  92:	6860      	ldr	r0, [r4, #4]
  94:	4b05      	ldr	r3, [pc, #20]	@ (ac <event_loop_timer_app_run+0x2c>)
  96:	4798      	blx	r3
    // This call will block until furi_event_loop_stop() is called.
    furi_event_loop_run(app->event_loop);
  98:	6820      	ldr	r0, [r4, #0]
  9a:	4b05      	ldr	r3, [pc, #20]	@ (b0 <event_loop_timer_app_run+0x30>)
  9c:	4798      	blx	r3
}
  9e:	bd10      	pop	{r4, pc}
  a0:	00000040 	.word	0x00000040
  a4:	00000010 	.word	0x00000010
	...

000000b4 <event_loop_timer_app_free>:
static void event_loop_timer_app_free(EventLoopTimerApp* app) {
  b4:	b510      	push	{r4, lr}
  b6:	4604      	mov	r4, r0
    furi_event_loop_timer_free(app->timer);
  b8:	6840      	ldr	r0, [r0, #4]
  ba:	4b04      	ldr	r3, [pc, #16]	@ (cc <event_loop_timer_app_free+0x18>)
  bc:	4798      	blx	r3
    furi_event_loop_free(app->event_loop);
  be:	6820      	ldr	r0, [r4, #0]
  c0:	4b03      	ldr	r3, [pc, #12]	@ (d0 <event_loop_timer_app_free+0x1c>)
  c2:	4798      	blx	r3
    free(app);
  c4:	4620      	mov	r0, r4
  c6:	4b03      	ldr	r3, [pc, #12]	@ (d4 <event_loop_timer_app_free+0x20>)
  c8:	4798      	blx	r3
}
  ca:	bd10      	pop	{r4, pc}
	...

000000d8 <example_event_loop_timer_app>:

// The application's entry point - referenced in application.fam
int32_t example_event_loop_timer_app(void* arg) {
  d8:	b510      	push	{r4, lr}
    UNUSED(arg);

    EventLoopTimerApp* app = event_loop_timer_app_alloc();
  da:	4b05      	ldr	r3, [pc, #20]	@ (f0 <example_event_loop_timer_app+0x18>)
  dc:	4798      	blx	r3
  de:	4604      	mov	r4, r0
    event_loop_timer_app_run(app);
  e0:	4b04      	ldr	r3, [pc, #16]	@ (f4 <example_event_loop_timer_app+0x1c>)
  e2:	4798      	blx	r3
    event_loop_timer_app_free(app);
  e4:	4620      	mov	r0, r4
  e6:	4b04      	ldr	r3, [pc, #16]	@ (f8 <example_event_loop_timer_app+0x20>)
  e8:	4798      	blx	r3

    return 0;
}
  ea:	2000      	movs	r0, #0
  ec:	bd10      	pop	{r4, pc}
  ee:	bf00      	nop
	...
