
build/f7-firmware-D/.extapps/example_number_input_d.elf:     file format elf32-littlearm


Disassembly of section .text:

00000000 <example_number_input_scene_input_max_callback>:
#include "../example_number_input.h"

void example_number_input_scene_input_max_callback(void* context, int32_t number) {
   0:	b508      	push	{r3, lr}
    ExampleNumberInput* app = context;
    app->max_value = number;
   2:	61c1      	str	r1, [r0, #28]
    view_dispatcher_send_custom_event(app->view_dispatcher, 0);
   4:	2100      	movs	r1, #0
   6:	6880      	ldr	r0, [r0, #8]
   8:	4b01      	ldr	r3, [pc, #4]	@ (10 <example_number_input_scene_input_max_callback+0x10>)
   a:	4798      	blx	r3
}
   c:	bd08      	pop	{r3, pc}
   e:	bf00      	nop
  10:	00000000 	.word	0x00000000

00000014 <example_number_input_scene_input_max_on_enter>:

void example_number_input_scene_input_max_on_enter(void* context) {
  14:	b530      	push	{r4, r5, lr}
  16:	b083      	sub	sp, #12
    furi_assert(context);
  18:	b1b0      	cbz	r0, 48 <example_number_input_scene_input_max_on_enter+0x34>
  1a:	4604      	mov	r4, r0
    ExampleNumberInput* app = context;
    NumberInput* number_input = app->number_input;
  1c:	68c5      	ldr	r5, [r0, #12]

    number_input_set_header_text(number_input, "Enter the maximum value");
  1e:	490c      	ldr	r1, [pc, #48]	@ (50 <sukima112+0x4>)
  20:	4628      	mov	r0, r5
  22:	4b0c      	ldr	r3, [pc, #48]	@ (54 <sukima112+0x8>)
  24:	4798      	blx	r3
    number_input_set_result_callback(
  26:	f06f 4300 	mvn.w	r3, #2147483648	@ 0x80000000
  2a:	9301      	str	r3, [sp, #4]
  2c:	69a3      	ldr	r3, [r4, #24]
  2e:	9300      	str	r3, [sp, #0]
  30:	69e3      	ldr	r3, [r4, #28]
  32:	4622      	mov	r2, r4
  34:	4908      	ldr	r1, [pc, #32]	@ (58 <sukima112+0xc>)
  36:	4628      	mov	r0, r5
  38:	4d08      	ldr	r5, [pc, #32]	@ (5c <sukima112+0x10>)
  3a:	47a8      	blx	r5
        context,
        app->max_value,
        app->min_value,
        INT32_MAX);

    view_dispatcher_switch_to_view(app->view_dispatcher, ExampleNumberInputViewIdNumberInput);
  3c:	2101      	movs	r1, #1
  3e:	68a0      	ldr	r0, [r4, #8]
  40:	4b07      	ldr	r3, [pc, #28]	@ (60 <sukima112+0x14>)
  42:	4798      	blx	r3
}
  44:	b003      	add	sp, #12
  46:	bd30      	pop	{r4, r5, pc}
    furi_assert(context);
  48:	f04f 0c01 	mov.w	ip, #1

0000004c <sukima112>:
  4c:	4b05      	ldr	r3, [pc, #20]	@ (64 <sukima112+0x18>)
  4e:	4798      	blx	r3
  50:	00000040 	.word	0x00000040
	...

00000068 <example_number_input_scene_input_max_on_event>:

bool example_number_input_scene_input_max_on_event(void* context, SceneManagerEvent event) {
  68:	b500      	push	{lr}
  6a:	b083      	sub	sp, #12
  6c:	ab02      	add	r3, sp, #8
  6e:	e903 0006 	stmdb	r3, {r1, r2}
    ExampleNumberInput* app = context;
    bool consumed = false;

    if(event.type == SceneManagerEventTypeCustom) {
  72:	f89d 3000 	ldrb.w	r3, [sp]
  76:	b11b      	cbz	r3, 80 <example_number_input_scene_input_max_on_event+0x18>
        scene_manager_previous_scene(app->scene_manager);
        return true;
    }
    return consumed;
  78:	2000      	movs	r0, #0
}
  7a:	b003      	add	sp, #12
  7c:	f85d fb04 	ldr.w	pc, [sp], #4
        scene_manager_previous_scene(app->scene_manager);
  80:	6840      	ldr	r0, [r0, #4]
  82:	4b02      	ldr	r3, [pc, #8]	@ (8c <example_number_input_scene_input_max_on_event+0x24>)
  84:	4798      	blx	r3
        return true;
  86:	2001      	movs	r0, #1
  88:	e7f7      	b.n	7a <example_number_input_scene_input_max_on_event+0x12>
  8a:	bf00      	nop
  8c:	00000000 	.word	0x00000000

00000090 <example_number_input_scene_input_max_on_exit>:

void example_number_input_scene_input_max_on_exit(void* context) {
    UNUSED(context);
}
  90:	4770      	bx	lr
	...

00000094 <example_number_input_scene_input_min_callback>:
#include "../example_number_input.h"

void example_number_input_scene_input_min_callback(void* context, int32_t number) {
  94:	b508      	push	{r3, lr}
    ExampleNumberInput* app = context;
    app->min_value = number;
  96:	6181      	str	r1, [r0, #24]
    view_dispatcher_send_custom_event(app->view_dispatcher, 0);
  98:	2100      	movs	r1, #0
  9a:	6880      	ldr	r0, [r0, #8]
  9c:	4b01      	ldr	r3, [pc, #4]	@ (a4 <example_number_input_scene_input_min_callback+0x10>)
  9e:	4798      	blx	r3
}
  a0:	bd08      	pop	{r3, pc}
  a2:	bf00      	nop
  a4:	00000000 	.word	0x00000000

000000a8 <example_number_input_scene_input_min_on_enter>:

void example_number_input_scene_input_min_on_enter(void* context) {
  a8:	b530      	push	{r4, r5, lr}
  aa:	b083      	sub	sp, #12
    furi_assert(context);
  ac:	b1b0      	cbz	r0, dc <example_number_input_scene_input_min_on_enter+0x34>
  ae:	4604      	mov	r4, r0
    ExampleNumberInput* app = context;
    NumberInput* number_input = app->number_input;
  b0:	68c5      	ldr	r5, [r0, #12]

    number_input_set_header_text(number_input, "Enter the minimum value");
  b2:	490c      	ldr	r1, [pc, #48]	@ (e4 <sukima112+0x4>)
  b4:	4628      	mov	r0, r5
  b6:	4b0c      	ldr	r3, [pc, #48]	@ (e8 <sukima112+0x8>)
  b8:	4798      	blx	r3
    number_input_set_result_callback(
  ba:	69e3      	ldr	r3, [r4, #28]
  bc:	9301      	str	r3, [sp, #4]
  be:	f04f 4300 	mov.w	r3, #2147483648	@ 0x80000000
  c2:	9300      	str	r3, [sp, #0]
  c4:	69a3      	ldr	r3, [r4, #24]
  c6:	4622      	mov	r2, r4
  c8:	4908      	ldr	r1, [pc, #32]	@ (ec <sukima112+0xc>)
  ca:	4628      	mov	r0, r5
  cc:	4d08      	ldr	r5, [pc, #32]	@ (f0 <sukima112+0x10>)
  ce:	47a8      	blx	r5
        context,
        app->min_value,
        INT32_MIN,
        app->max_value);

    view_dispatcher_switch_to_view(app->view_dispatcher, ExampleNumberInputViewIdNumberInput);
  d0:	2101      	movs	r1, #1
  d2:	68a0      	ldr	r0, [r4, #8]
  d4:	4b07      	ldr	r3, [pc, #28]	@ (f4 <sukima112+0x14>)
  d6:	4798      	blx	r3
}
  d8:	b003      	add	sp, #12
  da:	bd30      	pop	{r4, r5, pc}
    furi_assert(context);
  dc:	f04f 0c01 	mov.w	ip, #1

000000e0 <sukima112>:
  e0:	4b05      	ldr	r3, [pc, #20]	@ (f8 <sukima112+0x18>)
  e2:	4798      	blx	r3
  e4:	00000058 	.word	0x00000058
	...

000000fc <example_number_input_scene_input_min_on_event>:

bool example_number_input_scene_input_min_on_event(void* context, SceneManagerEvent event) {
  fc:	b500      	push	{lr}
  fe:	b083      	sub	sp, #12
 100:	ab02      	add	r3, sp, #8
 102:	e903 0006 	stmdb	r3, {r1, r2}
    ExampleNumberInput* app = context;
    bool consumed = false;

    if(event.type == SceneManagerEventTypeCustom) {
 106:	f89d 3000 	ldrb.w	r3, [sp]
 10a:	b11b      	cbz	r3, 114 <example_number_input_scene_input_min_on_event+0x18>
        scene_manager_previous_scene(app->scene_manager);
        return true;
    }
    return consumed;
 10c:	2000      	movs	r0, #0
}
 10e:	b003      	add	sp, #12
 110:	f85d fb04 	ldr.w	pc, [sp], #4
        scene_manager_previous_scene(app->scene_manager);
 114:	6840      	ldr	r0, [r0, #4]
 116:	4b02      	ldr	r3, [pc, #8]	@ (120 <example_number_input_scene_input_min_on_event+0x24>)
 118:	4798      	blx	r3
        return true;
 11a:	2001      	movs	r0, #1
 11c:	e7f7      	b.n	10e <example_number_input_scene_input_min_on_event+0x12>
 11e:	bf00      	nop
 120:	00000000 	.word	0x00000000

00000124 <example_number_input_scene_input_min_on_exit>:

void example_number_input_scene_input_min_on_exit(void* context) {
    UNUSED(context);
}
 124:	4770      	bx	lr
	...

00000128 <example_number_input_scene_input_number_callback>:
#include "../example_number_input.h"

void example_number_input_scene_input_number_callback(void* context, int32_t number) {
 128:	b508      	push	{r3, lr}
    ExampleNumberInput* app = context;
    app->current_number = number;
 12a:	6141      	str	r1, [r0, #20]
    view_dispatcher_send_custom_event(app->view_dispatcher, 0);
 12c:	2100      	movs	r1, #0
 12e:	6880      	ldr	r0, [r0, #8]
 130:	4b01      	ldr	r3, [pc, #4]	@ (138 <example_number_input_scene_input_number_callback+0x10>)
 132:	4798      	blx	r3
}
 134:	bd08      	pop	{r3, pc}
 136:	bf00      	nop
 138:	00000000 	.word	0x00000000

0000013c <example_number_input_scene_input_number_on_enter>:

void example_number_input_scene_input_number_on_enter(void* context) {
 13c:	b570      	push	{r4, r5, r6, lr}
 13e:	b090      	sub	sp, #64	@ 0x40
    furi_assert(context);
 140:	b1e8      	cbz	r0, 17e <example_number_input_scene_input_number_on_enter+0x42>
 142:	4604      	mov	r4, r0
    ExampleNumberInput* app = context;
    NumberInput* number_input = app->number_input;
 144:	68c5      	ldr	r5, [r0, #12]

    char str[50];
    snprintf(str, sizeof(str), "Set Number (%ld - %ld)", app->min_value, app->max_value);
 146:	69c3      	ldr	r3, [r0, #28]
 148:	9300      	str	r3, [sp, #0]
 14a:	6983      	ldr	r3, [r0, #24]
 14c:	4a0e      	ldr	r2, [pc, #56]	@ (188 <sukima125+0x6>)
 14e:	2132      	movs	r1, #50	@ 0x32
 150:	a803      	add	r0, sp, #12
 152:	4e0e      	ldr	r6, [pc, #56]	@ (18c <sukima125+0xa>)
 154:	47b0      	blx	r6

    number_input_set_header_text(number_input, str);
 156:	a903      	add	r1, sp, #12
 158:	4628      	mov	r0, r5
 15a:	4b0d      	ldr	r3, [pc, #52]	@ (190 <sukima125+0xe>)
 15c:	4798      	blx	r3
    number_input_set_result_callback(
 15e:	69e3      	ldr	r3, [r4, #28]
 160:	9301      	str	r3, [sp, #4]
 162:	69a3      	ldr	r3, [r4, #24]
 164:	9300      	str	r3, [sp, #0]
 166:	6963      	ldr	r3, [r4, #20]
 168:	4622      	mov	r2, r4
 16a:	490a      	ldr	r1, [pc, #40]	@ (194 <sukima125+0x12>)
 16c:	4628      	mov	r0, r5
 16e:	4d0a      	ldr	r5, [pc, #40]	@ (198 <sukima125+0x16>)
 170:	47a8      	blx	r5
        context,
        app->current_number,
        app->min_value,
        app->max_value);

    view_dispatcher_switch_to_view(app->view_dispatcher, ExampleNumberInputViewIdNumberInput);
 172:	2101      	movs	r1, #1
 174:	68a0      	ldr	r0, [r4, #8]
 176:	4b09      	ldr	r3, [pc, #36]	@ (19c <sukima125+0x1a>)
 178:	4798      	blx	r3
}
 17a:	b010      	add	sp, #64	@ 0x40
 17c:	bd70      	pop	{r4, r5, r6, pc}
    furi_assert(context);
 17e:	f04f 0c01 	mov.w	ip, #1

00000182 <sukima125>:
 182:	4b07      	ldr	r3, [pc, #28]	@ (1a0 <sukima125+0x1e>)
 184:	4798      	blx	r3
 186:	bf00      	nop
 188:	00000070 	.word	0x00000070
	...

000001a4 <example_number_input_scene_input_number_on_event>:

bool example_number_input_scene_input_number_on_event(void* context, SceneManagerEvent event) {
 1a4:	b500      	push	{lr}
 1a6:	b083      	sub	sp, #12
 1a8:	ab02      	add	r3, sp, #8
 1aa:	e903 0006 	stmdb	r3, {r1, r2}
    ExampleNumberInput* app = context;
    bool consumed = false;

    if(event.type == SceneManagerEventTypeCustom) { //Back button pressed
 1ae:	f89d 3000 	ldrb.w	r3, [sp]
 1b2:	b11b      	cbz	r3, 1bc <example_number_input_scene_input_number_on_event+0x18>
        scene_manager_previous_scene(app->scene_manager);
        return true;
    }
    return consumed;
 1b4:	2000      	movs	r0, #0
}
 1b6:	b003      	add	sp, #12
 1b8:	f85d fb04 	ldr.w	pc, [sp], #4
        scene_manager_previous_scene(app->scene_manager);
 1bc:	6840      	ldr	r0, [r0, #4]
 1be:	4b02      	ldr	r3, [pc, #8]	@ (1c8 <example_number_input_scene_input_number_on_event+0x24>)
 1c0:	4798      	blx	r3
        return true;
 1c2:	2001      	movs	r0, #1
 1c4:	e7f7      	b.n	1b6 <example_number_input_scene_input_number_on_event+0x12>
 1c6:	bf00      	nop
 1c8:	00000000 	.word	0x00000000

000001cc <example_number_input_scene_input_number_on_exit>:

void example_number_input_scene_input_number_on_exit(void* context) {
    UNUSED(context);
}
 1cc:	4770      	bx	lr
	...

000001d0 <example_number_input_scene_update_view>:
    ExampleNumberInput* app = context;

    view_dispatcher_send_custom_event(app->view_dispatcher, result);
}

static void example_number_input_scene_update_view(void* context) {
 1d0:	b5f0      	push	{r4, r5, r6, r7, lr}
 1d2:	b087      	sub	sp, #28
 1d4:	4605      	mov	r5, r0
    ExampleNumberInput* app = context;
    DialogEx* dialog_ex = app->dialog_ex;
 1d6:	6904      	ldr	r4, [r0, #16]

    dialog_ex_set_header(dialog_ex, "The number is", 64, 0, AlignCenter, AlignTop);
 1d8:	2302      	movs	r3, #2
 1da:	9301      	str	r3, [sp, #4]
 1dc:	2604      	movs	r6, #4
 1de:	9600      	str	r6, [sp, #0]
 1e0:	2300      	movs	r3, #0
 1e2:	2240      	movs	r2, #64	@ 0x40
 1e4:	4916      	ldr	r1, [pc, #88]	@ (240 <example_number_input_scene_update_view+0x70>)
 1e6:	4620      	mov	r0, r4
 1e8:	4f16      	ldr	r7, [pc, #88]	@ (244 <example_number_input_scene_update_view+0x74>)
 1ea:	47b8      	blx	r7

    char buffer[12] = {};
 1ec:	2300      	movs	r3, #0
 1ee:	9303      	str	r3, [sp, #12]
 1f0:	9304      	str	r3, [sp, #16]
 1f2:	9305      	str	r3, [sp, #20]
    snprintf(buffer, sizeof(buffer), "%ld", app->current_number);
 1f4:	696b      	ldr	r3, [r5, #20]
 1f6:	4a14      	ldr	r2, [pc, #80]	@ (248 <example_number_input_scene_update_view+0x78>)
 1f8:	210c      	movs	r1, #12
 1fa:	eb0d 0001 	add.w	r0, sp, r1
 1fe:	4f13      	ldr	r7, [pc, #76]	@ (24c <example_number_input_scene_update_view+0x7c>)
 200:	47b8      	blx	r7
    dialog_ex_set_text(dialog_ex, buffer, 64, 29, AlignCenter, AlignCenter);
 202:	9601      	str	r6, [sp, #4]
 204:	9600      	str	r6, [sp, #0]
 206:	231d      	movs	r3, #29
 208:	2240      	movs	r2, #64	@ 0x40
 20a:	a903      	add	r1, sp, #12
 20c:	4620      	mov	r0, r4
 20e:	4e10      	ldr	r6, [pc, #64]	@ (250 <example_number_input_scene_update_view+0x80>)
 210:	47b0      	blx	r6

    dialog_ex_set_left_button_text(dialog_ex, "Min");
 212:	4910      	ldr	r1, [pc, #64]	@ (254 <example_number_input_scene_update_view+0x84>)
 214:	4620      	mov	r0, r4
 216:	4b10      	ldr	r3, [pc, #64]	@ (258 <example_number_input_scene_update_view+0x88>)
 218:	4798      	blx	r3
    dialog_ex_set_right_button_text(dialog_ex, "Max");
 21a:	4910      	ldr	r1, [pc, #64]	@ (25c <example_number_input_scene_update_view+0x8c>)
 21c:	4620      	mov	r0, r4
 21e:	4b10      	ldr	r3, [pc, #64]	@ (260 <example_number_input_scene_update_view+0x90>)
 220:	4798      	blx	r3
    dialog_ex_set_center_button_text(dialog_ex, "Change");
 222:	4910      	ldr	r1, [pc, #64]	@ (264 <example_number_input_scene_update_view+0x94>)
 224:	4620      	mov	r0, r4
 226:	4b10      	ldr	r3, [pc, #64]	@ (268 <example_number_input_scene_update_view+0x98>)
 228:	4798      	blx	r3

    dialog_ex_set_result_callback(dialog_ex, example_number_input_scene_confirm_dialog_callback);
 22a:	4910      	ldr	r1, [pc, #64]	@ (26c <example_number_input_scene_update_view+0x9c>)
 22c:	4620      	mov	r0, r4
 22e:	4b10      	ldr	r3, [pc, #64]	@ (270 <example_number_input_scene_update_view+0xa0>)
 230:	4798      	blx	r3
    dialog_ex_set_context(dialog_ex, app);
 232:	4629      	mov	r1, r5
 234:	4620      	mov	r0, r4
 236:	4b0f      	ldr	r3, [pc, #60]	@ (274 <example_number_input_scene_update_view+0xa4>)
 238:	4798      	blx	r3
}
 23a:	b007      	add	sp, #28
 23c:	bdf0      	pop	{r4, r5, r6, r7, pc}
 23e:	bf00      	nop
 240:	00000088 	.word	0x00000088
 244:	00000000 	.word	0x00000000
 248:	00000098 	.word	0x00000098
	...
 254:	0000009c 	.word	0x0000009c
 258:	00000000 	.word	0x00000000
 25c:	000000a0 	.word	0x000000a0
 260:	00000000 	.word	0x00000000
 264:	000000a4 	.word	0x000000a4
	...

00000278 <example_number_input_scene_confirm_dialog_callback>:
    example_number_input_scene_confirm_dialog_callback(DialogExResult result, void* context) {
 278:	b508      	push	{r3, lr}
 27a:	460b      	mov	r3, r1
    view_dispatcher_send_custom_event(app->view_dispatcher, result);
 27c:	4601      	mov	r1, r0
 27e:	6898      	ldr	r0, [r3, #8]
 280:	4b01      	ldr	r3, [pc, #4]	@ (288 <example_number_input_scene_confirm_dialog_callback+0x10>)
 282:	4798      	blx	r3
}
 284:	bd08      	pop	{r3, pc}
 286:	bf00      	nop
 288:	00000000 	.word	0x00000000

0000028c <example_number_input_scene_show_number_on_enter>:

void example_number_input_scene_show_number_on_enter(void* context) {
 28c:	b510      	push	{r4, lr}
    furi_assert(context);
 28e:	b138      	cbz	r0, 2a0 <example_number_input_scene_show_number_on_enter+0x14>
 290:	4604      	mov	r4, r0
    ExampleNumberInput* app = context;

    example_number_input_scene_update_view(app);
 292:	4b05      	ldr	r3, [pc, #20]	@ (2a8 <sukima199+0x4>)
 294:	4798      	blx	r3

    view_dispatcher_switch_to_view(app->view_dispatcher, ExampleNumberInputViewIdShowNumber);
 296:	2100      	movs	r1, #0
 298:	68a0      	ldr	r0, [r4, #8]
 29a:	4b04      	ldr	r3, [pc, #16]	@ (2ac <sukima199+0x8>)
 29c:	4798      	blx	r3
}
 29e:	bd10      	pop	{r4, pc}
    furi_assert(context);
 2a0:	f04f 0c01 	mov.w	ip, #1

000002a4 <sukima199>:
 2a4:	4b02      	ldr	r3, [pc, #8]	@ (2b0 <sukima199+0xc>)
 2a6:	4798      	blx	r3
	...

000002b4 <example_number_input_scene_show_number_on_event>:

bool example_number_input_scene_show_number_on_event(void* context, SceneManagerEvent event) {
 2b4:	b500      	push	{lr}
 2b6:	b083      	sub	sp, #12
 2b8:	ab02      	add	r3, sp, #8
 2ba:	e903 0006 	stmdb	r3, {r1, r2}
    ExampleNumberInput* app = context;
    bool consumed = false;

    if(event.type == SceneManagerEventTypeCustom) {
 2be:	f89d 3000 	ldrb.w	r3, [sp]
 2c2:	b9c3      	cbnz	r3, 2f6 <example_number_input_scene_show_number_on_event+0x42>
        switch(event.event) {
 2c4:	2a01      	cmp	r2, #1
 2c6:	d004      	beq.n	2d2 <example_number_input_scene_show_number_on_event+0x1e>
 2c8:	2a02      	cmp	r2, #2
 2ca:	d00e      	beq.n	2ea <example_number_input_scene_show_number_on_event+0x36>
 2cc:	b13a      	cbz	r2, 2de <example_number_input_scene_show_number_on_event+0x2a>
 2ce:	2000      	movs	r0, #0
 2d0:	e012      	b.n	2f8 <example_number_input_scene_show_number_on_event+0x44>
        case DialogExResultCenter:
            scene_manager_next_scene(app->scene_manager, ExampleNumberInputSceneInputNumber);
 2d2:	2100      	movs	r1, #0
 2d4:	6840      	ldr	r0, [r0, #4]
 2d6:	4b0a      	ldr	r3, [pc, #40]	@ (300 <example_number_input_scene_show_number_on_event+0x4c>)
 2d8:	4798      	blx	r3
            consumed = true;
 2da:	2001      	movs	r0, #1
            break;
 2dc:	e00c      	b.n	2f8 <example_number_input_scene_show_number_on_event+0x44>
        case DialogExResultLeft:
            scene_manager_next_scene(app->scene_manager, ExampleNumberInputSceneInputMin);
 2de:	2103      	movs	r1, #3
 2e0:	6840      	ldr	r0, [r0, #4]
 2e2:	4b07      	ldr	r3, [pc, #28]	@ (300 <example_number_input_scene_show_number_on_event+0x4c>)
 2e4:	4798      	blx	r3
            consumed = true;
 2e6:	2001      	movs	r0, #1
            break;
 2e8:	e006      	b.n	2f8 <example_number_input_scene_show_number_on_event+0x44>
        case DialogExResultRight:
            scene_manager_next_scene(app->scene_manager, ExampleNumberInputSceneInputMax);
 2ea:	2102      	movs	r1, #2
 2ec:	6840      	ldr	r0, [r0, #4]
 2ee:	4b04      	ldr	r3, [pc, #16]	@ (300 <example_number_input_scene_show_number_on_event+0x4c>)
 2f0:	4798      	blx	r3
            consumed = true;
 2f2:	2001      	movs	r0, #1
            break;
 2f4:	e000      	b.n	2f8 <example_number_input_scene_show_number_on_event+0x44>
    bool consumed = false;
 2f6:	2000      	movs	r0, #0
            break;
        }
    }

    return consumed;
}
 2f8:	b003      	add	sp, #12
 2fa:	f85d fb04 	ldr.w	pc, [sp], #4
 2fe:	bf00      	nop
 300:	00000000 	.word	0x00000000

00000304 <example_number_input_scene_show_number_on_exit>:

void example_number_input_scene_show_number_on_exit(void* context) {
    UNUSED(context);
}
 304:	4770      	bx	lr
	...

00000308 <example_number_input_custom_event_callback>:
#include "example_number_input.h"

bool example_number_input_custom_event_callback(void* context, uint32_t event) {
 308:	b508      	push	{r3, lr}
    furi_assert(context);
 30a:	b118      	cbz	r0, 314 <example_number_input_custom_event_callback+0xc>
    ExampleNumberInput* app = context;
    return scene_manager_handle_custom_event(app->scene_manager, event);
 30c:	6840      	ldr	r0, [r0, #4]
 30e:	4b03      	ldr	r3, [pc, #12]	@ (31c <sukima42+0x4>)
 310:	4798      	blx	r3
}
 312:	bd08      	pop	{r3, pc}
    furi_assert(context);
 314:	f04f 0c01 	mov.w	ip, #1

00000318 <sukima42>:
 318:	4b01      	ldr	r3, [pc, #4]	@ (320 <sukima42+0x8>)
 31a:	4798      	blx	r3
	...

00000324 <example_number_input_alloc>:
    furi_assert(context);
    ExampleNumberInput* app = context;
    return scene_manager_handle_back_event(app->scene_manager);
}

static ExampleNumberInput* example_number_input_alloc() {
 324:	b570      	push	{r4, r5, r6, lr}
    ExampleNumberInput* app = malloc(sizeof(ExampleNumberInput));
 326:	2020      	movs	r0, #32
 328:	4b1c      	ldr	r3, [pc, #112]	@ (39c <example_number_input_alloc+0x78>)
 32a:	4798      	blx	r3
 32c:	4604      	mov	r4, r0
    app->gui = furi_record_open(RECORD_GUI);
 32e:	481c      	ldr	r0, [pc, #112]	@ (3a0 <example_number_input_alloc+0x7c>)
 330:	4b1c      	ldr	r3, [pc, #112]	@ (3a4 <example_number_input_alloc+0x80>)
 332:	4798      	blx	r3
 334:	6020      	str	r0, [r4, #0]

    app->view_dispatcher = view_dispatcher_alloc();
 336:	4b1c      	ldr	r3, [pc, #112]	@ (3a8 <example_number_input_alloc+0x84>)
 338:	4798      	blx	r3
 33a:	60a0      	str	r0, [r4, #8]

    app->scene_manager = scene_manager_alloc(&example_number_input_scene_handlers, app);
 33c:	4621      	mov	r1, r4
 33e:	481b      	ldr	r0, [pc, #108]	@ (3ac <example_number_input_alloc+0x88>)
 340:	4b1b      	ldr	r3, [pc, #108]	@ (3b0 <example_number_input_alloc+0x8c>)
 342:	4798      	blx	r3
 344:	6060      	str	r0, [r4, #4]
    view_dispatcher_set_event_callback_context(app->view_dispatcher, app);
 346:	4621      	mov	r1, r4
 348:	68a0      	ldr	r0, [r4, #8]
 34a:	4b1a      	ldr	r3, [pc, #104]	@ (3b4 <example_number_input_alloc+0x90>)
 34c:	4798      	blx	r3
    view_dispatcher_set_custom_event_callback(
 34e:	491a      	ldr	r1, [pc, #104]	@ (3b8 <example_number_input_alloc+0x94>)
 350:	68a0      	ldr	r0, [r4, #8]
 352:	4b1a      	ldr	r3, [pc, #104]	@ (3bc <example_number_input_alloc+0x98>)
 354:	4798      	blx	r3
        app->view_dispatcher, example_number_input_custom_event_callback);
    view_dispatcher_set_navigation_event_callback(
 356:	491a      	ldr	r1, [pc, #104]	@ (3c0 <example_number_input_alloc+0x9c>)
 358:	68a0      	ldr	r0, [r4, #8]
 35a:	4b1a      	ldr	r3, [pc, #104]	@ (3c4 <example_number_input_alloc+0xa0>)
 35c:	4798      	blx	r3
        app->view_dispatcher, example_number_input_back_event_callback);

    app->number_input = number_input_alloc();
 35e:	4b1a      	ldr	r3, [pc, #104]	@ (3c8 <example_number_input_alloc+0xa4>)
 360:	4798      	blx	r3
 362:	60e0      	str	r0, [r4, #12]
    view_dispatcher_add_view(
 364:	68a5      	ldr	r5, [r4, #8]
 366:	4b19      	ldr	r3, [pc, #100]	@ (3cc <example_number_input_alloc+0xa8>)
 368:	4798      	blx	r3
 36a:	4602      	mov	r2, r0
 36c:	2101      	movs	r1, #1
 36e:	4628      	mov	r0, r5
 370:	4d17      	ldr	r5, [pc, #92]	@ (3d0 <example_number_input_alloc+0xac>)
 372:	47a8      	blx	r5
        app->view_dispatcher,
        ExampleNumberInputViewIdNumberInput,
        number_input_get_view(app->number_input));

    app->dialog_ex = dialog_ex_alloc();
 374:	4b17      	ldr	r3, [pc, #92]	@ (3d4 <example_number_input_alloc+0xb0>)
 376:	4798      	blx	r3
 378:	6120      	str	r0, [r4, #16]
    view_dispatcher_add_view(
 37a:	68a6      	ldr	r6, [r4, #8]
 37c:	4b16      	ldr	r3, [pc, #88]	@ (3d8 <example_number_input_alloc+0xb4>)
 37e:	4798      	blx	r3
 380:	4602      	mov	r2, r0
 382:	2100      	movs	r1, #0
 384:	4630      	mov	r0, r6
 386:	47a8      	blx	r5
        app->view_dispatcher,
        ExampleNumberInputViewIdShowNumber,
        dialog_ex_get_view(app->dialog_ex));

    app->current_number = 5;
 388:	2305      	movs	r3, #5
 38a:	6163      	str	r3, [r4, #20]
    app->min_value = INT32_MIN;
 38c:	f04f 4300 	mov.w	r3, #2147483648	@ 0x80000000
 390:	61a3      	str	r3, [r4, #24]
    app->max_value = INT32_MAX;
 392:	f06f 4300 	mvn.w	r3, #2147483648	@ 0x80000000
 396:	61e3      	str	r3, [r4, #28]

    return app;
}
 398:	4620      	mov	r0, r4
 39a:	bd70      	pop	{r4, r5, r6, pc}
 39c:	00000000 	.word	0x00000000
 3a0:	000000ac 	.word	0x000000ac
	...

000003dc <example_number_input_back_event_callback>:
static bool example_number_input_back_event_callback(void* context) {
 3dc:	b508      	push	{r3, lr}
    furi_assert(context);
 3de:	b118      	cbz	r0, 3e8 <example_number_input_back_event_callback+0xc>
    return scene_manager_handle_back_event(app->scene_manager);
 3e0:	6840      	ldr	r0, [r0, #4]
 3e2:	4b03      	ldr	r3, [pc, #12]	@ (3f0 <sukima220+0x4>)
 3e4:	4798      	blx	r3
}
 3e6:	bd08      	pop	{r3, pc}
    furi_assert(context);
 3e8:	f04f 0c01 	mov.w	ip, #1

000003ec <sukima220>:
 3ec:	4b01      	ldr	r3, [pc, #4]	@ (3f4 <sukima220+0x8>)
 3ee:	4798      	blx	r3
	...

000003f8 <example_number_input_free>:

static void example_number_input_free(ExampleNumberInput* app) {
 3f8:	b538      	push	{r3, r4, r5, lr}
    furi_assert(app);
 3fa:	b1e0      	cbz	r0, 436 <example_number_input_free+0x3e>
 3fc:	4604      	mov	r4, r0

    view_dispatcher_remove_view(app->view_dispatcher, ExampleNumberInputViewIdShowNumber);
 3fe:	2100      	movs	r1, #0
 400:	6880      	ldr	r0, [r0, #8]
 402:	4d0f      	ldr	r5, [pc, #60]	@ (440 <sukima310+0x6>)
 404:	47a8      	blx	r5
    dialog_ex_free(app->dialog_ex);
 406:	6920      	ldr	r0, [r4, #16]
 408:	4b0e      	ldr	r3, [pc, #56]	@ (444 <sukima310+0xa>)
 40a:	4798      	blx	r3

    view_dispatcher_remove_view(app->view_dispatcher, ExampleNumberInputViewIdNumberInput);
 40c:	2101      	movs	r1, #1
 40e:	68a0      	ldr	r0, [r4, #8]
 410:	47a8      	blx	r5
    number_input_free(app->number_input);
 412:	68e0      	ldr	r0, [r4, #12]
 414:	4b0c      	ldr	r3, [pc, #48]	@ (448 <sukima310+0xe>)
 416:	4798      	blx	r3

    scene_manager_free(app->scene_manager);
 418:	6860      	ldr	r0, [r4, #4]
 41a:	4b0c      	ldr	r3, [pc, #48]	@ (44c <sukima310+0x12>)
 41c:	4798      	blx	r3
    view_dispatcher_free(app->view_dispatcher);
 41e:	68a0      	ldr	r0, [r4, #8]
 420:	4b0b      	ldr	r3, [pc, #44]	@ (450 <sukima310+0x16>)
 422:	4798      	blx	r3

    furi_record_close(RECORD_GUI);
 424:	480b      	ldr	r0, [pc, #44]	@ (454 <sukima310+0x1a>)
 426:	4b0c      	ldr	r3, [pc, #48]	@ (458 <sukima310+0x1e>)
 428:	4798      	blx	r3
    app->gui = NULL;
 42a:	2300      	movs	r3, #0
 42c:	6023      	str	r3, [r4, #0]

    //Remove whatever is left
    free(app);
 42e:	4620      	mov	r0, r4
 430:	4b0a      	ldr	r3, [pc, #40]	@ (45c <sukima310+0x22>)
 432:	4798      	blx	r3
}
 434:	bd38      	pop	{r3, r4, r5, pc}
    furi_assert(app);
 436:	f04f 0c01 	mov.w	ip, #1

0000043a <sukima310>:
 43a:	4b09      	ldr	r3, [pc, #36]	@ (460 <sukima310+0x26>)
 43c:	4798      	blx	r3
 43e:	bf00      	nop
	...
 454:	000000ac 	.word	0x000000ac
	...

00000464 <example_number_input>:

int32_t example_number_input(void* p) {
 464:	b510      	push	{r4, lr}
    UNUSED(p);
    ExampleNumberInput* app = example_number_input_alloc();
 466:	4b0a      	ldr	r3, [pc, #40]	@ (490 <example_number_input+0x2c>)
 468:	4798      	blx	r3
 46a:	4604      	mov	r4, r0

    view_dispatcher_attach_to_gui(app->view_dispatcher, app->gui, ViewDispatcherTypeFullscreen);
 46c:	2202      	movs	r2, #2
 46e:	6801      	ldr	r1, [r0, #0]
 470:	6880      	ldr	r0, [r0, #8]
 472:	4b08      	ldr	r3, [pc, #32]	@ (494 <example_number_input+0x30>)
 474:	4798      	blx	r3

    scene_manager_next_scene(app->scene_manager, ExampleNumberInputSceneShowNumber);
 476:	2101      	movs	r1, #1
 478:	6860      	ldr	r0, [r4, #4]
 47a:	4b07      	ldr	r3, [pc, #28]	@ (498 <example_number_input+0x34>)
 47c:	4798      	blx	r3

    view_dispatcher_run(app->view_dispatcher);
 47e:	68a0      	ldr	r0, [r4, #8]
 480:	4b06      	ldr	r3, [pc, #24]	@ (49c <example_number_input+0x38>)
 482:	4798      	blx	r3

    example_number_input_free(app);
 484:	4620      	mov	r0, r4
 486:	4b06      	ldr	r3, [pc, #24]	@ (4a0 <example_number_input+0x3c>)
 488:	4798      	blx	r3

    return 0;
}
 48a:	2000      	movs	r0, #0
 48c:	bd10      	pop	{r4, pc}
 48e:	bf00      	nop
	...
