
build/f7-firmware-D/.extapps/example_apps_data_d.elf:     file format elf32-littlearm


Disassembly of section .text:

00000000 <example_apps_data_main>:

// Define log tag
#define TAG "ExampleAppsData"

// Application entry point
int32_t example_apps_data_main(void* p) {
   0:	b538      	push	{r3, r4, r5, lr}
    // Mark argument as unused
    UNUSED(p);

    // Open storage
    Storage* storage = furi_record_open(RECORD_STORAGE);
   2:	4814      	ldr	r0, [pc, #80]	@ (54 <example_apps_data_main+0x54>)
   4:	4b14      	ldr	r3, [pc, #80]	@ (58 <example_apps_data_main+0x58>)
   6:	4798      	blx	r3

    // Allocate file
    File* file = storage_file_alloc(storage);
   8:	4b14      	ldr	r3, [pc, #80]	@ (5c <example_apps_data_main+0x5c>)
   a:	4798      	blx	r3
   c:	4604      	mov	r4, r0
    // And it will create folders in the path if they don't exist
    // In this example it will create /ext/apps_data/example_apps_data
    // And file will be /ext/apps_data/example_apps_data/test.txt

    // Open file, write data and close it
    if(!storage_file_open(file, APP_DATA_PATH("test.txt"), FSAM_WRITE, FSOM_CREATE_ALWAYS)) {
   e:	2310      	movs	r3, #16
  10:	2202      	movs	r2, #2
  12:	4913      	ldr	r1, [pc, #76]	@ (60 <example_apps_data_main+0x60>)
  14:	4d13      	ldr	r5, [pc, #76]	@ (64 <example_apps_data_main+0x64>)
  16:	47a8      	blx	r5
  18:	b180      	cbz	r0, 3c <example_apps_data_main+0x3c>
        FURI_LOG_E(TAG, "Failed to open file");
    }
    if(!storage_file_write(file, "Hello World!", strlen("Hello World!"))) {
  1a:	220c      	movs	r2, #12
  1c:	4912      	ldr	r1, [pc, #72]	@ (68 <example_apps_data_main+0x68>)
  1e:	4620      	mov	r0, r4
  20:	4b12      	ldr	r3, [pc, #72]	@ (6c <example_apps_data_main+0x6c>)
  22:	4798      	blx	r3
  24:	b180      	cbz	r0, 48 <example_apps_data_main+0x48>
        FURI_LOG_E(TAG, "Failed to write to file");
    }
    storage_file_close(file);
  26:	4620      	mov	r0, r4
  28:	4b11      	ldr	r3, [pc, #68]	@ (70 <example_apps_data_main+0x70>)
  2a:	4798      	blx	r3

    // Deallocate file
    storage_file_free(file);
  2c:	4620      	mov	r0, r4
  2e:	4b11      	ldr	r3, [pc, #68]	@ (74 <example_apps_data_main+0x74>)
  30:	4798      	blx	r3

    // Close storage
    furi_record_close(RECORD_STORAGE);
  32:	4808      	ldr	r0, [pc, #32]	@ (54 <example_apps_data_main+0x54>)
  34:	4b10      	ldr	r3, [pc, #64]	@ (78 <example_apps_data_main+0x78>)
  36:	4798      	blx	r3

    return 0;
}
  38:	2000      	movs	r0, #0
  3a:	bd38      	pop	{r3, r4, r5, pc}
        FURI_LOG_E(TAG, "Failed to open file");
  3c:	4a0f      	ldr	r2, [pc, #60]	@ (7c <example_apps_data_main+0x7c>)
  3e:	4910      	ldr	r1, [pc, #64]	@ (80 <example_apps_data_main+0x80>)
  40:	2002      	movs	r0, #2
  42:	4b10      	ldr	r3, [pc, #64]	@ (84 <example_apps_data_main+0x84>)
  44:	4798      	blx	r3
  46:	e7e8      	b.n	1a <example_apps_data_main+0x1a>
        FURI_LOG_E(TAG, "Failed to write to file");
  48:	4a0f      	ldr	r2, [pc, #60]	@ (88 <example_apps_data_main+0x88>)
  4a:	490d      	ldr	r1, [pc, #52]	@ (80 <example_apps_data_main+0x80>)
  4c:	2002      	movs	r0, #2
  4e:	4b0d      	ldr	r3, [pc, #52]	@ (84 <example_apps_data_main+0x84>)
  50:	4798      	blx	r3
  52:	e7e8      	b.n	26 <example_apps_data_main+0x26>
	...
  60:	00000008 	.word	0x00000008
  64:	00000000 	.word	0x00000000
  68:	0000003c 	.word	0x0000003c
	...
  7c:	00000018 	.word	0x00000018
  80:	0000002c 	.word	0x0000002c
  84:	00000000 	.word	0x00000000
  88:	0000004c 	.word	0x0000004c
